{"meta": {"format": 3, "version": "7.13.5", "timestamp": "2026-08-26T17:20:42.343622", "branch_coverage": true, "show_contexts": false}, "files": {"src/nq_engine_a/__init__.py": {"executed_lines": [6, 7, 8], "summary": {"covered_lines": 3, "num_statements": 3, "percent_covered": 100.0, "percent_covered_display": "100", "missing_lines": 0, "excluded_lines": 0, "percent_statements_covered": 100.0, "percent_statements_covered_display": "100", "num_branches": 0, "num_partial_branches": 0, "covered_branches": 0, "missing_branches": 0, "percent_branches_covered": 100.0, "percent_branches_covered_display": "100"}, "missing_lines": [], "excluded_lines": [], "executed_branches": [], "missing_branches": [], "functions": {"": {"executed_lines": [6, 7, 8], "summary": {"covered_lines": 3, "num_statements": 3, "percent_covered": 100.0, "percent_covered_display": "100", "missing_lines": 0, "excluded_lines": 0, "percent_statements_covered": 100.0, "percent_statements_covered_display": "100", "num_branches": 0, "num_partial_branches": 0, "covered_branches": 0, "missing_branches": 0, "percent_branches_covered": 100.0, "percent_branches_covered_display": "100"}, "missing_lines": [], "excluded_lines": [], "start_line": 1, "executed_branches": [], "missing_branches": []}}, "classes": {"": {"executed_lines": [6, 7, 8], "summary": {"covered_lines": 3, "num_statements": 3, "percent_covered": 100.0, "percent_covered_display": "100", "missing_lines": 0, "excluded_lines": 0, "percent_statements_covered": 100.0, "percent_statements_covered_display": "100", "num_branches": 0, "num_partial_branches": 0, "covered_branches": 0, "missing_branches": 0, "percent_branches_covered": 100.0, "percent_branches_covered_display": "100"}, "missing_lines": [], "excluded_lines": [], "start_line": 1, "executed_branches": [], "missing_branches": []}}}, "src/nq_engine_a/augmentation.py": {"executed_lines": [1, 3, 4, 5, 6, 8, 9, 10, 13, 14, 15, 18, 19, 20, 21, 22, 25, 26, 27, 28, 29, 31, 32, 37, 40, 41, 45, 46, 47, 48, 49, 50, 51, 52, 53, 54, 55, 56, 58, 59, 60, 65, 66, 87, 88, 89, 90, 92, 93, 94, 95, 96, 99, 100, 101, 104, 105, 106, 107, 108, 109, 112, 113, 118, 124, 125, 126, 127, 128, 131, 132, 135, 136, 137, 138, 139, 140, 141, 142, 143, 144, 145, 151, 152, 153, 159, 161, 164, 167, 168, 169, 170, 171, 172, 173, 174, 175, 176, 177, 178, 179, 180, 181, 182, 183, 188, 189, 192, 195, 198, 199, 200, 202, 203, 204, 205, 206, 207, 210, 211, 212, 215, 218, 219, 222, 223, 224, 230, 231, 232, 233, 234, 237, 244, 258, 265, 266, 267, 272, 273, 274, 276, 277, 286, 287, 288, 289, 290, 291, 292, 293, 297, 303, 304, 305, 306, 307, 308, 309, 310, 311, 312, 313, 314, 315, 316, 322, 323, 324, 325, 326, 327, 328, 329, 330, 331, 337], "summary": {"covered_lines": 177, "num_statements": 181, "percent_covered": 96.81274900398407, "percent_covered_display": "97", "missing_lines": 4, "excluded_lines": 0, "percent_statements_covered": 97.79005524861878, "percent_statements_covered_display": "98", "num_branches": 70, "num_partial_branches": 4, "covered_branches": 66, "missing_branches": 4, "percent_branches_covered": 94.28571428571429, "percent_branches_covered_display": "94"}, "missing_lines": [42, 160, 201, 275], "excluded_lines": [], "executed_branches": [[32, 37], [32, 41], [37, 32], [37, 40], [41, -31], [94, 95], [94, 96], [106, 107], [106, 108], [126, 127], [126, 128], [137, 138], [137, 139], [142, 143], [142, 159], [143, 144], [143, 145], [151, 152], [151, 153], [159, 161], [168, 169], [168, 170], [176, 177], [176, 182], [182, 183], [182, 189], [200, 202], [205, 206], [205, 212], [206, 205], [206, 207], [210, 206], [210, 211], [219, 222], [219, 223], [223, 224], [223, 234], [230, 231], [230, 232], [232, 233], [232, 234], [265, 266], [265, 267], [267, 272], [267, 273], [274, 276], [286, 287], [286, 331], [288, 289], [288, 312], [292, 288], [292, 293], [293, 297], [293, 304], [306, 307], [306, 309], [309, 310], [309, 311], [313, 314], [313, 330], [315, 316], [315, 323], [323, 324], [323, 326], [326, 327], [326, 329]], "missing_branches": [[41, 42], [159, 160], [200, 201], [274, 275]], "functions": {"ConstraintProfile.__post_init__": {"executed_lines": [32, 37, 40, 41], "summary": {"covered_lines": 4, "num_statements": 5, "percent_covered": 81.81818181818181, "percent_covered_display": "82", "missing_lines": 1, "excluded_lines": 0, "percent_statements_covered": 80.0, "percent_statements_covered_display": "80", "num_branches": 6, "num_partial_branches": 1, "covered_branches": 5, "missing_branches": 1, "percent_branches_covered": 83.33333333333333, "percent_branches_covered_display": "83"}, "missing_lines": [42], "excluded_lines": [], "start_line": 31, "executed_branches": [[32, 37], [32, 41], [37, 32], [37, 40], [41, -31]], "missing_branches": [[41, 42]]}, "AugmentationCoverage.full_target_coverage": {"executed_lines": [60], "summary": {"covered_lines": 1, "num_statements": 1, "percent_covered": 100.0, "percent_covered_display": "100", "missing_lines": 0, "excluded_lines": 0, "percent_statements_covered": 100.0, "percent_statements_covered_display": "100", "num_branches": 0, "num_partial_branches": 0, "covered_branches": 0, "missing_branches": 0, "percent_branches_covered": 100.0, "percent_branches_covered_display": "100"}, "missing_lines": [], "excluded_lines": [], "start_line": 59, "executed_branches": [], "missing_branches": []}, "AugmentationCoverage.to_dict": {"executed_lines": [66], "summary": {"covered_lines": 1, "num_statements": 1, "percent_covered": 100.0, "percent_covered_display": "100", "missing_lines": 0, "excluded_lines": 0, "percent_statements_covered": 100.0, "percent_statements_covered_display": "100", "num_branches": 0, "num_partial_branches": 0, "covered_branches": 0, "missing_branches": 0, "percent_branches_covered": 100.0, "percent_branches_covered_display": "100"}, "missing_lines": [], "excluded_lines": [], "start_line": 65, "executed_branches": [], "missing_branches": []}, "AugmentationRun.records": {"executed_lines": [94, 95, 96], "summary": {"covered_lines": 3, "num_statements": 3, "percent_covered": 100.0, "percent_covered_display": "100", "missing_lines": 0, "excluded_lines": 0, "percent_statements_covered": 100.0, "percent_statements_covered_display": "100", "num_branches": 2, "num_partial_branches": 0, "covered_branches": 2, "missing_branches": 0, "percent_branches_covered": 100.0, "percent_branches_covered_display": "100"}, "missing_lines": [], "excluded_lines": [], "start_line": 93, "executed_branches": [[94, 95], [94, 96]], "missing_branches": []}, "_canonical_cached": {"executed_lines": [101], "summary": {"covered_lines": 1, "num_statements": 1, "percent_covered": 100.0, "percent_covered_display": "100", "missing_lines": 0, "excluded_lines": 0, "percent_statements_covered": 100.0, "percent_statements_covered_display": "100", "num_branches": 0, "num_partial_branches": 0, "covered_branches": 0, "missing_branches": 0, "percent_branches_covered": 100.0, "percent_branches_covered_display": "100"}, "missing_lines": [], "excluded_lines": [], "start_line": 100, "executed_branches": [], "missing_branches": []}, "canonical_parent": {"executed_lines": [105, 106, 107, 108, 109], "summary": {"covered_lines": 5, "num_statements": 5, "percent_covered": 100.0, "percent_covered_display": "100", "missing_lines": 0, "excluded_lines": 0, "percent_statements_covered": 100.0, "percent_statements_covered_display": "100", "num_branches": 2, "num_partial_branches": 0, "covered_branches": 2, "missing_branches": 0, "percent_branches_covered": 100.0, "percent_branches_covered_display": "100"}, "missing_lines": [], "excluded_lines": [], "start_line": 104, "executed_branches": [[106, 107], [106, 108]], "missing_branches": []}, "_span_elements": {"executed_lines": [113], "summary": {"covered_lines": 1, "num_statements": 1, "percent_covered": 100.0, "percent_covered_display": "100", "missing_lines": 0, "excluded_lines": 0, "percent_statements_covered": 100.0, "percent_statements_covered_display": "100", "num_branches": 0, "num_partial_branches": 0, "covered_branches": 0, "missing_branches": 0, "percent_branches_covered": 100.0, "percent_branches_covered_display": "100"}, "missing_lines": [], "excluded_lines": [], "start_line": 112, "executed_branches": [], "missing_branches": []}, "_linear_image_from_bases": {"executed_lines": [124, 125, 126, 127, 128], "summary": {"covered_lines": 5, "num_statements": 5, "percent_covered": 100.0, "percent_covered_display": "100", "missing_lines": 0, "excluded_lines": 0, "percent_statements_covered": 100.0, "percent_statements_covered_display": "100", "num_branches": 2, "num_partial_branches": 0, "covered_branches": 2, "missing_branches": 0, "percent_branches_covered": 100.0, "percent_branches_covered_display": "100"}, "missing_lines": [], "excluded_lines": [], "start_line": 118, "executed_branches": [[126, 127], [126, 128]], "missing_branches": []}, "_intrinsic_stabilizer_actions": {"executed_lines": [135, 136, 137, 138, 139, 140, 141, 142, 143, 144, 145, 151, 152, 153, 159, 161], "summary": {"covered_lines": 16, "num_statements": 17, "percent_covered": 92.5925925925926, "percent_covered_display": "93", "missing_lines": 1, "excluded_lines": 0, "percent_statements_covered": 94.11764705882354, "percent_statements_covered_display": "94", "num_branches": 10, "num_partial_branches": 1, "covered_branches": 9, "missing_branches": 1, "percent_branches_covered": 90.0, "percent_branches_covered_display": "90"}, "missing_lines": [160], "excluded_lines": [], "start_line": 132, "executed_branches": [[137, 138], [137, 139], [142, 143], [142, 159], [143, 144], [143, 145], [151, 152], [151, 153], [159, 161]], "missing_branches": [[159, 160]]}, "extension_orbits": {"executed_lines": [167, 168, 169, 170, 171, 172, 173, 174, 175, 176, 177, 178, 179, 180, 181, 182, 183, 188, 189], "summary": {"covered_lines": 19, "num_statements": 19, "percent_covered": 100.0, "percent_covered_display": "100", "missing_lines": 0, "excluded_lines": 0, "percent_statements_covered": 100.0, "percent_statements_covered_display": "100", "num_branches": 6, "num_partial_branches": 0, "covered_branches": 6, "missing_branches": 0, "percent_branches_covered": 100.0, "percent_branches_covered_display": "100"}, "missing_lines": [], "excluded_lines": [], "start_line": 164, "executed_branches": [[168, 169], [168, 170], [176, 177], [176, 182], [182, 183], [182, 189]], "missing_branches": []}, "extension_orbit_representatives": {"executed_lines": [195], "summary": {"covered_lines": 1, "num_statements": 1, "percent_covered": 100.0, "percent_covered_display": "100", "missing_lines": 0, "excluded_lines": 0, "percent_statements_covered": 100.0, "percent_statements_covered_display": "100", "num_branches": 0, "num_partial_branches": 0, "covered_branches": 0, "missing_branches": 0, "percent_branches_covered": 100.0, "percent_branches_covered_display": "100"}, "missing_lines": [], "excluded_lines": [], "start_line": 192, "executed_branches": [], "missing_branches": []}, "has_short_zero_sum": {"executed_lines": [199, 200, 202, 203, 204, 205, 206, 207, 210, 211, 212], "summary": {"covered_lines": 11, "num_statements": 12, "percent_covered": 90.0, "percent_covered_display": "90", "missing_lines": 1, "excluded_lines": 0, "percent_statements_covered": 91.66666666666667, "percent_statements_covered_display": "92", "num_branches": 8, "num_partial_branches": 1, "covered_branches": 7, "missing_branches": 1, "percent_branches_covered": 87.5, "percent_branches_covered_display": "88"}, "missing_lines": [201], "excluded_lines": [], "start_line": 198, "executed_branches": [[200, 202], [205, 206], [205, 212], [206, 205], [206, 207], [210, 206], [210, 211]], "missing_branches": [[200, 201]]}, "evaluate_constraints": {"executed_lines": [218, 219, 222, 223, 224, 230, 231, 232, 233, 234], "summary": {"covered_lines": 10, "num_statements": 10, "percent_covered": 100.0, "percent_covered_display": "100", "missing_lines": 0, "excluded_lines": 0, "percent_statements_covered": 100.0, "percent_statements_covered_display": "100", "num_branches": 8, "num_partial_branches": 0, "covered_branches": 8, "missing_branches": 0, "percent_branches_covered": 100.0, "percent_branches_covered_display": "100"}, "missing_lines": [], "excluded_lines": [], "start_line": 215, "executed_branches": [[219, 222], [219, 223], [223, 224], [223, 234], [230, 231], [230, 232], [232, 233], [232, 234]], "missing_branches": []}, "_coverage": {"executed_lines": [244], "summary": {"covered_lines": 1, "num_statements": 1, "percent_covered": 100.0, "percent_covered_display": "100", "missing_lines": 0, "excluded_lines": 0, "percent_statements_covered": 100.0, "percent_statements_covered_display": "100", "num_branches": 0, "num_partial_branches": 0, "covered_branches": 0, "missing_branches": 0, "percent_branches_covered": 100.0, "percent_branches_covered_display": "100"}, "missing_lines": [], "excluded_lines": [], "start_line": 237, "executed_branches": [], "missing_branches": []}, "generate_canonical_classes": {"executed_lines": [265, 266, 267, 272, 273, 274, 276, 277, 286, 287, 288, 289, 290, 291, 292, 293, 297, 303, 304, 305, 306, 307, 308, 309, 310, 311, 312, 313, 314, 315, 316, 322, 323, 324, 325, 326, 327, 328, 329, 330, 331, 337], "summary": {"covered_lines": 42, "num_statements": 43, "percent_covered": 97.10144927536231, "percent_covered_display": "97", "missing_lines": 1, "excluded_lines": 0, "percent_statements_covered": 97.67441860465117, "percent_statements_covered_display": "98", "num_branches": 26, "num_partial_branches": 1, "covered_branches": 25, "missing_branches": 1, "percent_branches_covered": 96.15384615384616, "percent_branches_covered_display": "96"}, "missing_lines": [275], "excluded_lines": [], "start_line": 258, "executed_branches": [[265, 266], [265, 267], [267, 272], [267, 273], [274, 276], [286, 287], [286, 331], [288, 289], [288, 312], [292, 288], [292, 293], [293, 297], [293, 304], [306, 307], [306, 309], [309, 310], [309, 311], [313, 314], [313, 330], [315, 316], [315, 323], [323, 324], [323, 326], [326, 327], [326, 329]], "missing_branches": [[274, 275]]}, "": {"executed_lines": [1, 3, 4, 5, 6, 8, 9, 10, 13, 14, 15, 18, 19, 20, 21, 22, 25, 26, 27, 28, 29, 31, 45, 46, 47, 48, 49, 50, 51, 52, 53, 54, 55, 56, 58, 59, 65, 87, 88, 89, 90, 92, 93, 99, 100, 104, 112, 118, 131, 132, 164, 192, 198, 215, 237, 258], "summary": {"covered_lines": 56, "num_statements": 56, "percent_covered": 100.0, "percent_covered_display": "100", "missing_lines": 0, "excluded_lines": 0, "percent_statements_covered": 100.0, "percent_statements_covered_display": "100", "num_branches": 0, "num_partial_branches": 0, "covered_branches": 0, "missing_branches": 0, "percent_branches_covered": 100.0, "percent_branches_covered_display": "100"}, "missing_lines": [], "excluded_lines": [], "start_line": 1, "executed_branches": [], "missing_branches": []}}, "classes": {"AugmentationStatus": {"executed_lines": [], "summary": {"covered_lines": 0, "num_statements": 0, "percent_covered": 100.0, "percent_covered_display": "100", "missing_lines": 0, "excluded_lines": 0, "percent_statements_covered": 100.0, "percent_statements_covered_display": "100", "num_branches": 0, "num_partial_branches": 0, "covered_branches": 0, "missing_branches": 0, "percent_branches_covered": 100.0, "percent_branches_covered_display": "100"}, "missing_lines": [], "excluded_lines": [], "start_line": 13, "executed_branches": [], "missing_branches": []}, "ConstraintDecision": {"executed_lines": [], "summary": {"covered_lines": 0, "num_statements": 0, "percent_covered": 100.0, "percent_covered_display": "100", "missing_lines": 0, "excluded_lines": 0, "percent_statements_covered": 100.0, "percent_statements_covered_display": "100", "num_branches": 0, "num_partial_branches": 0, "covered_branches": 0, "missing_branches": 0, "percent_branches_covered": 100.0, "percent_branches_covered_display": "100"}, "missing_lines": [], "excluded_lines": [], "start_line": 18, "executed_branches": [], "missing_branches": []}, "ConstraintProfile": {"executed_lines": [32, 37, 40, 41], "summary": {"covered_lines": 4, "num_statements": 5, "percent_covered": 81.81818181818181, "percent_covered_display": "82", "missing_lines": 1, "excluded_lines": 0, "percent_statements_covered": 80.0, "percent_statements_covered_display": "80", "num_branches": 6, "num_partial_branches": 1, "covered_branches": 5, "missing_branches": 1, "percent_branches_covered": 83.33333333333333, "percent_branches_covered_display": "83"}, "missing_lines": [42], "excluded_lines": [], "start_line": 26, "executed_branches": [[32, 37], [32, 41], [37, 32], [37, 40], [41, -31]], "missing_branches": [[41, 42]]}, "AugmentationCoverage": {"executed_lines": [60, 66], "summary": {"covered_lines": 2, "num_statements": 2, "percent_covered": 100.0, "percent_covered_display": "100", "missing_lines": 0, "excluded_lines": 0, "percent_statements_covered": 100.0, "percent_statements_covered_display": "100", "num_branches": 0, "num_partial_branches": 0, "covered_branches": 0, "missing_branches": 0, "percent_branches_covered": 100.0, "percent_branches_covered_display": "100"}, "missing_lines": [], "excluded_lines": [], "start_line": 46, "executed_branches": [], "missing_branches": []}, "AugmentationRun": {"executed_lines": [94, 95, 96], "summary": {"covered_lines": 3, "num_statements": 3, "percent_covered": 100.0, "percent_covered_display": "100", "missing_lines": 0, "excluded_lines": 0, "percent_statements_covered": 100.0, "percent_statements_covered_display": "100", "num_branches": 2, "num_partial_branches": 0, "covered_branches": 2, "missing_branches": 0, "percent_branches_covered": 100.0, "percent_branches_covered_display": "100"}, "missing_lines": [], "excluded_lines": [], "start_line": 88, "executed_branches": [[94, 95], [94, 96]], "missing_branches": []}, "": {"executed_lines": [1, 3, 4, 5, 6, 8, 9, 10, 13, 14, 15, 18, 19, 20, 21, 22, 25, 26, 27, 28, 29, 31, 45, 46, 47, 48, 49, 50, 51, 52, 53, 54, 55, 56, 58, 59, 65, 87, 88, 89, 90, 92, 93, 99, 100, 101, 104, 105, 106, 107, 108, 109, 112, 113, 118, 124, 125, 126, 127, 128, 131, 132, 135, 136, 137, 138, 139, 140, 141, 142, 143, 144, 145, 151, 152, 153, 159, 161, 164, 167, 168, 169, 170, 171, 172, 173, 174, 175, 176, 177, 178, 179, 180, 181, 182, 183, 188, 189, 192, 195, 198, 199, 200, 202, 203, 204, 205, 206, 207, 210, 211, 212, 215, 218, 219, 222, 223, 224, 230, 231, 232, 233, 234, 237, 244, 258, 265, 266, 267, 272, 273, 274, 276, 277, 286, 287, 288, 289, 290, 291, 292, 293, 297, 303, 304, 305, 306, 307, 308, 309, 310, 311, 312, 313, 314, 315, 316, 322, 323, 324, 325, 326, 327, 328, 329, 330, 331, 337], "summary": {"covered_lines": 168, "num_statements": 171, "percent_covered": 97.42489270386267, "percent_covered_display": "97", "missing_lines": 3, "excluded_lines": 0, "percent_statements_covered": 98.24561403508773, "percent_statements_covered_display": "98", "num_branches": 62, "num_partial_branches": 3, "covered_branches": 59, "missing_branches": 3, "percent_branches_covered": 95.16129032258064, "percent_branches_covered_display": "95"}, "missing_lines": [160, 201, 275], "excluded_lines": [], "start_line": 1, "executed_branches": [[106, 107], [106, 108], [126, 127], [126, 128], [137, 138], [137, 139], [142, 143], [142, 159], [143, 144], [143, 145], [151, 152], [151, 153], [159, 161], [168, 169], [168, 170], [176, 177], [176, 182], [182, 183], [182, 189], [200, 202], [205, 206], [205, 212], [206, 205], [206, 207], [210, 206], [210, 211], [219, 222], [219, 223], [223, 224], [223, 234], [230, 231], [230, 232], [232, 233], [232, 234], [265, 266], [265, 267], [267, 272], [267, 273], [274, 276], [286, 287], [286, 331], [288, 289], [288, 312], [292, 288], [292, 293], [293, 297], [293, 304], [306, 307], [306, 309], [309, 310], [309, 311], [313, 314], [313, 330], [315, 316], [315, 323], [323, 324], [323, 326], [326, 327], [326, 329]], "missing_branches": [[159, 160], [200, 201], [274, 275]]}}}, "src/nq_engine_a/canonical.py": {"executed_lines": [1, 3, 5, 8, 15, 16, 17, 18, 19, 20, 21, 22, 23, 24, 25, 26, 27, 28, 29, 30, 31, 32, 33, 35], "summary": {"covered_lines": 24, "num_statements": 25, "percent_covered": 94.87179487179488, "percent_covered_display": "95", "missing_lines": 1, "excluded_lines": 0, "percent_statements_covered": 96.0, "percent_statements_covered_display": "96", "num_branches": 14, "num_partial_branches": 1, "covered_branches": 13, "missing_branches": 1, "percent_branches_covered": 92.85714285714286, "percent_branches_covered_display": "93"}, "missing_lines": [34], "excluded_lines": [], "executed_branches": [[16, 17], [16, 18], [20, 21], [20, 22], [23, 24], [23, 33], [24, 25], [24, 26], [27, 28], [27, 30], [31, 23], [31, 32], [33, 35]], "missing_branches": [[33, 34]], "functions": {"canonical_multiset": {"executed_lines": [15, 16, 17, 18, 19, 20, 21, 22, 23, 24, 25, 26, 27, 28, 29, 30, 31, 32, 33, 35], "summary": {"covered_lines": 20, "num_statements": 21, "percent_covered": 94.28571428571429, "percent_covered_display": "94", "missing_lines": 1, "excluded_lines": 0, "percent_statements_covered": 95.23809523809524, "percent_statements_covered_display": "95", "num_branches": 14, "num_partial_branches": 1, "covered_branches": 13, "missing_branches": 1, "percent_branches_covered": 92.85714285714286, "percent_branches_covered_display": "93"}, "missing_lines": [34], "excluded_lines": [], "start_line": 8, "executed_branches": [[16, 17], [16, 18], [20, 21], [20, 22], [23, 24], [23, 33], [24, 25], [24, 26], [27, 28], [27, 30], [31, 23], [31, 32], [33, 35]], "missing_branches": [[33, 34]]}, "": {"executed_lines": [1, 3, 5, 8], "summary": {"covered_lines": 4, "num_statements": 4, "percent_covered": 100.0, "percent_covered_display": "100", "missing_lines": 0, "excluded_lines": 0, "percent_statements_covered": 100.0, "percent_statements_covered_display": "100", "num_branches": 0, "num_partial_branches": 0, "covered_branches": 0, "missing_branches": 0, "percent_branches_covered": 100.0, "percent_branches_covered_display": "100"}, "missing_lines": [], "excluded_lines": [], "start_line": 1, "executed_branches": [], "missing_branches": []}}, "classes": {"": {"executed_lines": [1, 3, 5, 8, 15, 16, 17, 18, 19, 20, 21, 22, 23, 24, 25, 26, 27, 28, 29, 30, 31, 32, 33, 35], "summary": {"covered_lines": 24, "num_statements": 25, "percent_covered": 94.87179487179488, "percent_covered_display": "95", "missing_lines": 1, "excluded_lines": 0, "percent_statements_covered": 96.0, "percent_statements_covered_display": "96", "num_branches": 14, "num_partial_branches": 1, "covered_branches": 13, "missing_branches": 1, "percent_branches_covered": 92.85714285714286, "percent_branches_covered_display": "93"}, "missing_lines": [34], "excluded_lines": [], "start_line": 1, "executed_branches": [[16, 17], [16, 18], [20, 21], [20, 22], [23, 24], [23, 33], [24, 25], [24, 26], [27, 28], [27, 30], [31, 23], [31, 32], [33, 35]], "missing_branches": [[33, 34]]}}}, "src/nq_engine_a/checkpoint.py": {"executed_lines": [1, 3, 4, 5, 6, 7, 9, 10, 17, 18, 19, 20, 22, 23, 24, 27, 28, 29, 30, 31, 34, 35, 36, 37, 40, 44, 45, 47, 50, 51, 53, 56, 57, 64, 65, 68, 69, 71, 72, 73, 75, 76, 77, 79, 80, 81, 84, 85, 86, 87, 88, 89, 90, 91, 92, 93, 94, 95, 96, 98, 99, 100, 101, 102, 103, 104, 106, 108, 109, 110, 111, 117, 120, 121, 133, 134, 135, 138, 149, 150, 151, 152, 153, 154, 155, 156, 157, 158, 159, 160, 161, 162, 163, 164, 166, 167, 169, 170, 171, 197, 198, 199, 202, 203, 204, 205, 206, 207, 209, 210, 211, 213, 214, 215, 216, 217, 219, 220, 221, 222, 223, 225, 226, 243, 254, 266, 267, 279, 280, 281, 282, 283, 284, 285, 286, 287, 292, 293, 308, 309, 310, 311, 333, 334, 335, 336, 337, 338, 339, 340, 341, 342, 343, 344, 345, 346, 347, 348, 349, 350, 351, 352, 357, 358, 359, 360, 363, 364, 365, 366, 367, 368, 369, 383, 386, 387, 388, 389, 390, 391, 392, 393, 394, 395, 397, 398, 400, 402, 405, 412, 413, 414, 415, 416, 417, 418, 419, 420, 421, 422, 423, 424, 425, 426, 427, 428, 429, 430, 431, 432, 433, 434, 435, 436, 437, 438, 439, 442, 447, 454, 455, 456, 457, 458, 459, 460, 461, 462, 463, 464, 465, 466, 467, 468, 469, 470, 471, 472, 473, 474, 475, 477, 479, 482, 483, 484, 485, 486, 487, 488, 489, 490, 493, 494, 502, 511, 512, 514, 515, 517, 519, 520, 521, 522, 523, 524, 525, 527, 528, 530, 531, 532, 534, 537, 538, 539, 540, 541, 542, 543, 544, 546, 547, 548, 549, 559, 560, 561, 562, 563, 564, 565, 566, 567, 568, 569, 570, 572, 573, 574, 575, 576, 577, 578, 579, 580, 582, 583, 584, 585, 586, 587, 597, 600, 602, 605, 606, 607, 617, 620, 623, 624, 625, 627, 628, 629, 630, 632, 634, 637, 638, 641, 647, 648, 649, 650, 651, 652, 653, 662, 665, 668, 677, 678, 679, 680, 681, 682, 683, 684, 705, 708, 717, 718, 720, 721, 722, 724, 725, 726, 728, 729, 731, 733, 735, 736, 737, 739, 747, 748, 749, 750, 751, 752, 753, 754, 756], "summary": {"covered_lines": 377, "num_statements": 410, "percent_covered": 88.8157894736842, "percent_covered_display": "89", "missing_lines": 33, "excluded_lines": 0, "percent_statements_covered": 91.95121951219512, "percent_statements_covered_display": "92", "num_branches": 198, "num_partial_branches": 35, "covered_branches": 163, "missing_branches": 35, "percent_branches_covered": 82.32323232323232, "percent_branches_covered_display": "82"}, "missing_lines": [46, 52, 70, 74, 78, 105, 107, 116, 118, 396, 399, 401, 476, 478, 480, 513, 516, 518, 529, 535, 601, 603, 626, 631, 633, 719, 723, 727, 730, 732, 734, 738, 755], "excluded_lines": [], "executed_branches": [[45, 47], [51, 53], [69, 71], [72, 73], [72, 81], [73, 75], [76, 77], [76, 80], [77, 79], [104, 106], [106, 108], [111, 117], [117, -98], [215, 216], [215, 217], [221, 222], [221, 223], [283, 284], [283, 285], [285, 286], [285, 287], [287, 292], [287, 293], [309, 310], [309, 311], [333, 334], [333, 335], [335, 336], [335, 337], [337, 338], [337, 339], [339, 340], [339, 341], [341, 342], [341, 343], [345, 346], [345, 347], [348, 349], [348, 350], [352, 357], [352, 358], [358, 359], [358, 360], [365, 366], [365, 367], [367, 368], [367, 369], [386, 387], [386, 388], [388, 389], [388, 390], [391, 392], [391, 393], [393, 394], [393, 395], [395, 397], [397, 398], [397, 402], [398, 400], [400, 397], [412, 413], [412, 414], [414, 415], [414, 416], [418, 419], [418, 439], [419, 420], [419, 421], [424, 425], [424, 426], [426, 427], [426, 428], [430, 418], [430, 431], [433, 434], [433, 436], [436, 437], [436, 438], [454, 455], [454, 456], [456, 457], [456, 459], [457, 456], [457, 458], [459, 460], [459, 465], [460, 461], [460, 462], [462, 463], [462, 464], [465, 466], [465, 467], [468, 469], [468, 470], [473, 474], [473, 483], [475, 477], [477, 479], [479, 482], [483, 484], [483, 485], [485, 486], [485, 487], [487, 488], [487, 489], [489, 490], [512, 514], [515, 517], [517, 519], [519, 520], [519, 522], [520, 521], [520, 524], [522, 523], [522, 524], [524, 525], [524, 527], [528, 530], [534, 537], [546, 547], [547, 548], [547, 579], [548, 549], [548, 560], [562, 563], [562, 565], [569, 570], [569, 572], [572, 573], [572, 574], [576, 547], [576, 577], [583, 584], [583, 607], [586, 587], [586, 600], [600, 602], [602, 605], [623, 624], [623, 625], [625, 627], [628, 629], [628, 630], [630, 632], [632, 634], [649, 650], [649, 665], [680, 681], [680, 682], [718, 720], [721, 722], [721, 729], [722, 724], [726, 728], [729, 731], [731, 733], [733, 735], [736, 737], [736, 750], [737, 739], [747, 748], [747, 749], [754, 756]], "missing_branches": [[45, 46], [51, 52], [69, 70], [73, 74], [77, 78], [104, 105], [106, 107], [111, 116], [117, 118], [395, 396], [398, 399], [400, 401], [475, 476], [477, 478], [479, 480], [489, -442], [512, 513], [515, 516], [517, 518], [528, 529], [534, 535], [546, 582], [600, 601], [602, 603], [625, 626], [630, 631], [632, 633], [718, 719], [722, 723], [726, 727], [729, 730], [731, 732], [733, 734], [737, 738], [754, 755]], "functions": {"_checked_digest": {"executed_lines": [45, 47], "summary": {"covered_lines": 2, "num_statements": 3, "percent_covered": 60.0, "percent_covered_display": "60", "missing_lines": 1, "excluded_lines": 0, "percent_statements_covered": 66.66666666666667, "percent_statements_covered_display": "67", "num_branches": 2, "num_partial_branches": 1, "covered_branches": 1, "missing_branches": 1, "percent_branches_covered": 50.0, "percent_branches_covered_display": "50"}, "missing_lines": [46], "excluded_lines": [], "start_line": 44, "executed_branches": [[45, 47]], "missing_branches": [[45, 46]]}, "_checked_nonnegative_int": {"executed_lines": [51, 53], "summary": {"covered_lines": 2, "num_statements": 3, "percent_covered": 60.0, "percent_covered_display": "60", "missing_lines": 1, "excluded_lines": 0, "percent_statements_covered": 66.66666666666667, "percent_statements_covered_display": "67", "num_branches": 2, "num_partial_branches": 1, "covered_branches": 1, "missing_branches": 1, "percent_branches_covered": 50.0, "percent_branches_covered_display": "50"}, "missing_lines": [52], "excluded_lines": [], "start_line": 50, "executed_branches": [[51, 53]], "missing_branches": [[51, 52]]}, "_profile_payload": {"executed_lines": [57], "summary": {"covered_lines": 1, "num_statements": 1, "percent_covered": 100.0, "percent_covered_display": "100", "missing_lines": 0, "excluded_lines": 0, "percent_statements_covered": 100.0, "percent_statements_covered_display": "100", "num_branches": 0, "num_partial_branches": 0, "covered_branches": 0, "missing_branches": 0, "percent_branches_covered": 100.0, "percent_branches_covered_display": "100"}, "missing_lines": [], "excluded_lines": [], "start_line": 56, "executed_branches": [], "missing_branches": []}, "_records_payload": {"executed_lines": [65], "summary": {"covered_lines": 1, "num_statements": 1, "percent_covered": 100.0, "percent_covered_display": "100", "missing_lines": 0, "excluded_lines": 0, "percent_statements_covered": 100.0, "percent_statements_covered_display": "100", "num_branches": 0, "num_partial_branches": 0, "covered_branches": 0, "missing_branches": 0, "percent_branches_covered": 100.0, "percent_branches_covered_display": "100"}, "missing_lines": [], "excluded_lines": [], "start_line": 64, "executed_branches": [], "missing_branches": []}, "canonical_records_sha256": {"executed_lines": [69, 71, 72, 73, 75, 76, 77, 79, 80, 81], "summary": {"covered_lines": 10, "num_statements": 13, "percent_covered": 73.91304347826087, "percent_covered_display": "74", "missing_lines": 3, "excluded_lines": 0, "percent_statements_covered": 76.92307692307692, "percent_statements_covered_display": "77", "num_branches": 10, "num_partial_branches": 3, "covered_branches": 7, "missing_branches": 3, "percent_branches_covered": 70.0, "percent_branches_covered_display": "70"}, "missing_lines": [70, 74, 78], "excluded_lines": [], "start_line": 68, "executed_branches": [[69, 71], [72, 73], [72, 81], [73, 75], [76, 77], [76, 80], [77, 79]], "missing_branches": [[69, 70], [73, 74], [77, 78]]}, "CheckpointConfig.__post_init__": {"executed_lines": [99, 100, 101, 102, 103, 104, 106, 108, 109, 110, 111, 117], "summary": {"covered_lines": 12, "num_statements": 16, "percent_covered": 66.66666666666667, "percent_covered_display": "67", "missing_lines": 4, "excluded_lines": 0, "percent_statements_covered": 75.0, "percent_statements_covered_display": "75", "num_branches": 8, "num_partial_branches": 4, "covered_branches": 4, "missing_branches": 4, "percent_branches_covered": 50.0, "percent_branches_covered_display": "50"}, "missing_lines": [105, 107, 116, 118], "excluded_lines": [], "start_line": 98, "executed_branches": [[104, 106], [106, 108], [111, 117], [117, -98]], "missing_branches": [[104, 105], [106, 107], [111, 116], [117, 118]]}, "CheckpointConfig.to_dict": {"executed_lines": [121], "summary": {"covered_lines": 1, "num_statements": 1, "percent_covered": 100.0, "percent_covered_display": "100", "missing_lines": 0, "excluded_lines": 0, "percent_statements_covered": 100.0, "percent_statements_covered_display": "100", "num_branches": 0, "num_partial_branches": 0, "covered_branches": 0, "missing_branches": 0, "percent_branches_covered": 100.0, "percent_branches_covered_display": "100"}, "missing_lines": [], "excluded_lines": [], "start_line": 120, "executed_branches": [], "missing_branches": []}, "CheckpointConfig.configuration_sha256": {"executed_lines": [135], "summary": {"covered_lines": 1, "num_statements": 1, "percent_covered": 100.0, "percent_covered_display": "100", "missing_lines": 0, "excluded_lines": 0, "percent_statements_covered": 100.0, "percent_statements_covered_display": "100", "num_branches": 0, "num_partial_branches": 0, "covered_branches": 0, "missing_branches": 0, "percent_branches_covered": 100.0, "percent_branches_covered_display": "100"}, "missing_lines": [], "excluded_lines": [], "start_line": 134, "executed_branches": [], "missing_branches": []}, "CheckpointState.counters": {"executed_lines": [167], "summary": {"covered_lines": 1, "num_statements": 1, "percent_covered": 100.0, "percent_covered_display": "100", "missing_lines": 0, "excluded_lines": 0, "percent_statements_covered": 100.0, "percent_statements_covered_display": "100", "num_branches": 0, "num_partial_branches": 0, "covered_branches": 0, "missing_branches": 0, "percent_branches_covered": 100.0, "percent_branches_covered_display": "100"}, "missing_lines": [], "excluded_lines": [], "start_line": 166, "executed_branches": [], "missing_branches": []}, "CheckpointState._payload": {"executed_lines": [170, 171], "summary": {"covered_lines": 2, "num_statements": 2, "percent_covered": 100.0, "percent_covered_display": "100", "missing_lines": 0, "excluded_lines": 0, "percent_statements_covered": 100.0, "percent_statements_covered_display": "100", "num_branches": 0, "num_partial_branches": 0, "covered_branches": 0, "missing_branches": 0, "percent_branches_covered": 100.0, "percent_branches_covered_display": "100"}, "missing_lines": [], "excluded_lines": [], "start_line": 169, "executed_branches": [], "missing_branches": []}, "CheckpointState.to_dict": {"executed_lines": [198, 199], "summary": {"covered_lines": 2, "num_statements": 2, "percent_covered": 100.0, "percent_covered_display": "100", "missing_lines": 0, "excluded_lines": 0, "percent_statements_covered": 100.0, "percent_statements_covered_display": "100", "num_branches": 0, "num_partial_branches": 0, "covered_branches": 0, "missing_branches": 0, "percent_branches_covered": 100.0, "percent_branches_covered_display": "100"}, "missing_lines": [], "excluded_lines": [], "start_line": 197, "executed_branches": [], "missing_branches": []}, "CheckpointAdvance.full_range_coverage": {"executed_lines": [211], "summary": {"covered_lines": 1, "num_statements": 1, "percent_covered": 100.0, "percent_covered_display": "100", "missing_lines": 0, "excluded_lines": 0, "percent_statements_covered": 100.0, "percent_statements_covered_display": "100", "num_branches": 0, "num_partial_branches": 0, "covered_branches": 0, "missing_branches": 0, "percent_branches_covered": 100.0, "percent_branches_covered_display": "100"}, "missing_lines": [], "excluded_lines": [], "start_line": 210, "executed_branches": [], "missing_branches": []}, "CheckpointAdvance.records_error": {"executed_lines": [215, 216, 217], "summary": {"covered_lines": 3, "num_statements": 3, "percent_covered": 100.0, "percent_covered_display": "100", "missing_lines": 0, "excluded_lines": 0, "percent_statements_covered": 100.0, "percent_statements_covered_display": "100", "num_branches": 2, "num_partial_branches": 0, "covered_branches": 2, "missing_branches": 0, "percent_branches_covered": 100.0, "percent_branches_covered_display": "100"}, "missing_lines": [], "excluded_lines": [], "start_line": 214, "executed_branches": [[215, 216], [215, 217]], "missing_branches": []}, "CheckpointAdvance.records": {"executed_lines": [221, 222, 223], "summary": {"covered_lines": 3, "num_statements": 3, "percent_covered": 100.0, "percent_covered_display": "100", "missing_lines": 0, "excluded_lines": 0, "percent_statements_covered": 100.0, "percent_statements_covered_display": "100", "num_branches": 2, "num_partial_branches": 0, "covered_branches": 2, "missing_branches": 0, "percent_branches_covered": 100.0, "percent_branches_covered_display": "100"}, "missing_lines": [], "excluded_lines": [], "start_line": 220, "executed_branches": [[221, 222], [221, 223]], "missing_branches": []}, "CheckpointAdvance.to_dict": {"executed_lines": [226], "summary": {"covered_lines": 1, "num_statements": 1, "percent_covered": 100.0, "percent_covered_display": "100", "missing_lines": 0, "excluded_lines": 0, "percent_statements_covered": 100.0, "percent_statements_covered_display": "100", "num_branches": 0, "num_partial_branches": 0, "covered_branches": 0, "missing_branches": 0, "percent_branches_covered": 100.0, "percent_branches_covered_display": "100"}, "missing_lines": [], "excluded_lines": [], "start_line": 225, "executed_branches": [], "missing_branches": []}, "_state": {"executed_lines": [254], "summary": {"covered_lines": 1, "num_statements": 1, "percent_covered": 100.0, "percent_covered_display": "100", "missing_lines": 0, "excluded_lines": 0, "percent_statements_covered": 100.0, "percent_statements_covered_display": "100", "num_branches": 0, "num_partial_branches": 0, "covered_branches": 0, "missing_branches": 0, "percent_branches_covered": 100.0, "percent_branches_covered_display": "100"}, "missing_lines": [], "excluded_lines": [], "start_line": 243, "executed_branches": [], "missing_branches": []}, "_empty_state": {"executed_lines": [267], "summary": {"covered_lines": 1, "num_statements": 1, "percent_covered": 100.0, "percent_covered_display": "100", "missing_lines": 0, "excluded_lines": 0, "percent_statements_covered": 100.0, "percent_statements_covered_display": "100", "num_branches": 0, "num_partial_branches": 0, "covered_branches": 0, "missing_branches": 0, "percent_branches_covered": 100.0, "percent_branches_covered_display": "100"}, "missing_lines": [], "excluded_lines": [], "start_line": 266, "executed_branches": [], "missing_branches": []}, "_config_from_state_payload": {"executed_lines": [280, 281, 282, 283, 284, 285, 286, 287, 292, 293], "summary": {"covered_lines": 10, "num_statements": 10, "percent_covered": 100.0, "percent_covered_display": "100", "missing_lines": 0, "excluded_lines": 0, "percent_statements_covered": 100.0, "percent_statements_covered_display": "100", "num_branches": 6, "num_partial_branches": 0, "covered_branches": 6, "missing_branches": 0, "percent_branches_covered": 100.0, "percent_branches_covered_display": "100"}, "missing_lines": [], "excluded_lines": [], "start_line": 279, "executed_branches": [[283, 284], [283, 285], [285, 286], [285, 287], [287, 292], [287, 293]], "missing_branches": []}, "_parse_checkpoint": {"executed_lines": [309, 310, 311, 333, 334, 335, 336, 337, 338, 339, 340, 341, 342, 343, 344, 345, 346, 347, 348, 349, 350, 351, 352, 357, 358, 359, 360, 363, 364, 365, 366, 367, 368, 369], "summary": {"covered_lines": 34, "num_statements": 34, "percent_covered": 100.0, "percent_covered_display": "100", "missing_lines": 0, "excluded_lines": 0, "percent_statements_covered": 100.0, "percent_statements_covered_display": "100", "num_branches": 24, "num_partial_branches": 0, "covered_branches": 24, "missing_branches": 0, "percent_branches_covered": 100.0, "percent_branches_covered_display": "100"}, "missing_lines": [], "excluded_lines": [], "start_line": 308, "executed_branches": [[309, 310], [309, 311], [333, 334], [333, 335], [335, 336], [335, 337], [337, 338], [337, 339], [339, 340], [339, 341], [341, 342], [341, 343], [345, 346], [345, 347], [348, 349], [348, 350], [352, 357], [352, 358], [358, 359], [358, 360], [365, 366], [365, 367], [367, 368], [367, 369]], "missing_branches": []}, "_validate_parents": {"executed_lines": [386, 387, 388, 389, 390, 391, 392, 393, 394, 395, 397, 398, 400, 402], "summary": {"covered_lines": 14, "num_statements": 17, "percent_covered": 81.81818181818181, "percent_covered_display": "82", "missing_lines": 3, "excluded_lines": 0, "percent_statements_covered": 82.3529411764706, "percent_statements_covered_display": "82", "num_branches": 16, "num_partial_branches": 3, "covered_branches": 13, "missing_branches": 3, "percent_branches_covered": 81.25, "percent_branches_covered_display": "81"}, "missing_lines": [396, 399, 401], "excluded_lines": [], "start_line": 383, "executed_branches": [[386, 387], [386, 388], [388, 389], [388, 390], [391, 392], [391, 393], [393, 394], [393, 395], [395, 397], [397, 398], [397, 402], [398, 400], [400, 397]], "missing_branches": [[395, 396], [398, 399], [400, 401]]}, "_replay_collection_prefix": {"executed_lines": [412, 413, 414, 415, 416, 417, 418, 419, 420, 421, 422, 423, 424, 425, 426, 427, 428, 429, 430, 431, 432, 433, 434, 435, 436, 437, 438, 439], "summary": {"covered_lines": 28, "num_statements": 28, "percent_covered": 100.0, "percent_covered_display": "100", "missing_lines": 0, "excluded_lines": 0, "percent_statements_covered": 100.0, "percent_statements_covered_display": "100", "num_branches": 18, "num_partial_branches": 0, "covered_branches": 18, "missing_branches": 0, "percent_branches_covered": 100.0, "percent_branches_covered_display": "100"}, "missing_lines": [], "excluded_lines": [], "start_line": 405, "executed_branches": [[412, 413], [412, 414], [414, 415], [414, 416], [418, 419], [418, 439], [419, 420], [419, 421], [424, 425], [424, 426], [426, 427], [426, 428], [430, 418], [430, 431], [433, 434], [433, 436], [436, 437], [436, 438]], "missing_branches": []}, "_validate_checkpoint_prefix": {"executed_lines": [447, 454, 455, 456, 457, 458, 459, 460, 461, 462, 463, 464, 465, 466, 467, 468, 469, 470, 471, 472, 473, 474, 475, 477, 479, 482, 483, 484, 485, 486, 487, 488, 489, 490], "summary": {"covered_lines": 34, "num_statements": 37, "percent_covered": 89.85507246376811, "percent_covered_display": "90", "missing_lines": 3, "excluded_lines": 0, "percent_statements_covered": 91.89189189189189, "percent_statements_covered_display": "92", "num_branches": 32, "num_partial_branches": 4, "covered_branches": 28, "missing_branches": 4, "percent_branches_covered": 87.5, "percent_branches_covered_display": "88"}, "missing_lines": [476, 478, 480], "excluded_lines": [], "start_line": 442, "executed_branches": [[454, 455], [454, 456], [456, 457], [456, 459], [457, 456], [457, 458], [459, 460], [459, 465], [460, 461], [460, 462], [462, 463], [462, 464], [465, 466], [465, 467], [468, 469], [468, 470], [473, 474], [473, 483], [475, 477], [477, 479], [479, 482], [483, 484], [483, 485], [485, 486], [485, 487], [487, 488], [487, 489], [489, 490]], "missing_branches": [[475, 476], [477, 478], [479, 480], [489, -442]]}, "_mismatch": {"executed_lines": [494], "summary": {"covered_lines": 1, "num_statements": 1, "percent_covered": 100.0, "percent_covered_display": "100", "missing_lines": 0, "excluded_lines": 0, "percent_statements_covered": 100.0, "percent_statements_covered_display": "100", "num_branches": 0, "num_partial_branches": 0, "covered_branches": 0, "missing_branches": 0, "percent_branches_covered": 100.0, "percent_branches_covered_display": "100"}, "missing_lines": [], "excluded_lines": [], "start_line": 493, "executed_branches": [], "missing_branches": []}, "advance_child_level": {"executed_lines": [511, 512, 514, 515, 517, 519, 520, 521, 522, 523, 524, 525, 527, 528, 530, 531, 532, 534, 537, 538, 539, 540, 541, 542, 543, 544, 546, 547, 548, 549, 559, 560, 561, 562, 563, 564, 565, 566, 567, 568, 569, 570, 572, 573, 574, 575, 576, 577, 578, 579, 580, 582, 583, 584, 585, 586, 587, 597, 600, 602, 605, 606, 607, 617], "summary": {"covered_lines": 64, "num_statements": 71, "percent_covered": 86.48648648648648, "percent_covered_display": "86", "missing_lines": 7, "excluded_lines": 0, "percent_statements_covered": 90.14084507042253, "percent_statements_covered_display": "90", "num_branches": 40, "num_partial_branches": 8, "covered_branches": 32, "missing_branches": 8, "percent_branches_covered": 80.0, "percent_branches_covered_display": "80"}, "missing_lines": [513, 516, 518, 529, 535, 601, 603], "excluded_lines": [], "start_line": 502, "executed_branches": [[512, 514], [515, 517], [517, 519], [519, 520], [519, 522], [520, 521], [520, 524], [522, 523], [522, 524], [524, 525], [524, 527], [528, 530], [534, 537], [546, 547], [547, 548], [547, 579], [548, 549], [548, 560], [562, 563], [562, 565], [569, 570], [569, 572], [572, 573], [572, 574], [576, 547], [576, 577], [583, 584], [583, 607], [586, 587], [586, 600], [600, 602], [602, 605]], "missing_branches": [[512, 513], [515, 516], [517, 518], [528, 529], [534, 535], [546, 582], [600, 601], [602, 603]]}, "_validated_donor_source": {"executed_lines": [623, 624, 625, 627, 628, 629, 630, 632, 634], "summary": {"covered_lines": 9, "num_statements": 12, "percent_covered": 72.72727272727273, "percent_covered_display": "73", "missing_lines": 3, "excluded_lines": 0, "percent_statements_covered": 75.0, "percent_statements_covered_display": "75", "num_branches": 10, "num_partial_branches": 3, "covered_branches": 7, "missing_branches": 3, "percent_branches_covered": 70.0, "percent_branches_covered_display": "70"}, "missing_lines": [626, 631, 633], "excluded_lines": [], "start_line": 620, "executed_branches": [[623, 624], [623, 625], [625, 627], [628, 629], [628, 630], [630, 632], [632, 634]], "missing_branches": [[625, 626], [630, 631], [632, 633]]}, "_single_record_sha256": {"executed_lines": [638], "summary": {"covered_lines": 1, "num_statements": 1, "percent_covered": 100.0, "percent_covered_display": "100", "missing_lines": 0, "excluded_lines": 0, "percent_statements_covered": 100.0, "percent_statements_covered_display": "100", "num_branches": 0, "num_partial_branches": 0, "covered_branches": 0, "missing_branches": 0, "percent_branches_covered": 100.0, "percent_branches_covered_display": "100"}, "missing_lines": [], "excluded_lines": [], "start_line": 637, "executed_branches": [], "missing_branches": []}, "_donor_output_records": {"executed_lines": [647, 648, 649, 650, 651, 652, 653, 662, 665], "summary": {"covered_lines": 9, "num_statements": 9, "percent_covered": 100.0, "percent_covered_display": "100", "missing_lines": 0, "excluded_lines": 0, "percent_statements_covered": 100.0, "percent_statements_covered_display": "100", "num_branches": 2, "num_partial_branches": 0, "covered_branches": 2, "missing_branches": 0, "percent_branches_covered": 100.0, "percent_branches_covered_display": "100"}, "missing_lines": [], "excluded_lines": [], "start_line": 641, "executed_branches": [[649, 650], [649, 665]], "missing_branches": []}, "build_donor_range_manifest": {"executed_lines": [677, 678, 679, 680, 681, 682, 683, 684, 705], "summary": {"covered_lines": 9, "num_statements": 9, "percent_covered": 100.0, "percent_covered_display": "100", "missing_lines": 0, "excluded_lines": 0, "percent_statements_covered": 100.0, "percent_statements_covered_display": "100", "num_branches": 2, "num_partial_branches": 0, "covered_branches": 2, "missing_branches": 0, "percent_branches_covered": 100.0, "percent_branches_covered_display": "100"}, "missing_lines": [], "excluded_lines": [], "start_line": 668, "executed_branches": [[680, 681], [680, 682]], "missing_branches": []}, "merge_donor_range_manifests": {"executed_lines": [717, 718, 720, 721, 722, 724, 725, 726, 728, 729, 731, 733, 735, 736, 737, 739, 747, 748, 749, 750, 751, 752, 753, 754, 756], "summary": {"covered_lines": 25, "num_statements": 33, "percent_covered": 70.9090909090909, "percent_covered_display": "71", "missing_lines": 8, "excluded_lines": 0, "percent_statements_covered": 75.75757575757575, "percent_statements_covered_display": "76", "num_branches": 22, "num_partial_branches": 8, "covered_branches": 14, "missing_branches": 8, "percent_branches_covered": 63.63636363636363, "percent_branches_covered_display": "64"}, "missing_lines": [719, 723, 727, 730, 732, 734, 738, 755], "excluded_lines": [], "start_line": 708, "executed_branches": [[718, 720], [721, 722], [721, 729], [722, 724], [726, 728], [729, 731], [731, 733], [733, 735], [736, 737], [736, 750], [737, 739], [747, 748], [747, 749], [754, 756]], "missing_branches": [[718, 719], [722, 723], [726, 727], [729, 730], [731, 732], [733, 734], [737, 738], [754, 755]]}, "": {"executed_lines": [1, 3, 4, 5, 6, 7, 9, 10, 17, 18, 19, 20, 22, 23, 24, 27, 28, 29, 30, 31, 34, 35, 36, 37, 40, 44, 50, 56, 64, 68, 84, 85, 86, 87, 88, 89, 90, 91, 92, 93, 94, 95, 96, 98, 120, 133, 134, 138, 149, 150, 151, 152, 153, 154, 155, 156, 157, 158, 159, 160, 161, 162, 163, 164, 166, 169, 197, 202, 203, 204, 205, 206, 207, 209, 210, 213, 214, 219, 220, 225, 243, 266, 279, 308, 383, 405, 442, 493, 502, 620, 637, 641, 668, 708], "summary": {"covered_lines": 94, "num_statements": 94, "percent_covered": 100.0, "percent_covered_display": "100", "missing_lines": 0, "excluded_lines": 0, "percent_statements_covered": 100.0, "percent_statements_covered_display": "100", "num_branches": 0, "num_partial_branches": 0, "covered_branches": 0, "missing_branches": 0, "percent_branches_covered": 100.0, "percent_branches_covered_display": "100"}, "missing_lines": [], "excluded_lines": [], "start_line": 1, "executed_branches": [], "missing_branches": []}}, "classes": {"CheckpointTerminal": {"executed_lines": [], "summary": {"covered_lines": 0, "num_statements": 0, "percent_covered": 100.0, "percent_covered_display": "100", "missing_lines": 0, "excluded_lines": 0, "percent_statements_covered": 100.0, "percent_statements_covered_display": "100", "num_branches": 0, "num_partial_branches": 0, "covered_branches": 0, "missing_branches": 0, "percent_branches_covered": 100.0, "percent_branches_covered_display": "100"}, "missing_lines": [], "excluded_lines": [], "start_line": 27, "executed_branches": [], "missing_branches": []}, "CheckpointPhase": {"executed_lines": [], "summary": {"covered_lines": 0, "num_statements": 0, "percent_covered": 100.0, "percent_covered_display": "100", "missing_lines": 0, "excluded_lines": 0, "percent_statements_covered": 100.0, "percent_statements_covered_display": "100", "num_branches": 0, "num_partial_branches": 0, "covered_branches": 0, "missing_branches": 0, "percent_branches_covered": 100.0, "percent_branches_covered_display": "100"}, "missing_lines": [], "excluded_lines": [], "start_line": 34, "executed_branches": [], "missing_branches": []}, "RangeManifestError": {"executed_lines": [], "summary": {"covered_lines": 0, "num_statements": 0, "percent_covered": 100.0, "percent_covered_display": "100", "missing_lines": 0, "excluded_lines": 0, "percent_statements_covered": 100.0, "percent_statements_covered_display": "100", "num_branches": 0, "num_partial_branches": 0, "covered_branches": 0, "missing_branches": 0, "percent_branches_covered": 100.0, "percent_branches_covered_display": "100"}, "missing_lines": [], "excluded_lines": [], "start_line": 40, "executed_branches": [], "missing_branches": []}, "CheckpointConfig": {"executed_lines": [99, 100, 101, 102, 103, 104, 106, 108, 109, 110, 111, 117, 121, 135], "summary": {"covered_lines": 14, "num_statements": 18, "percent_covered": 69.23076923076923, "percent_covered_display": "69", "missing_lines": 4, "excluded_lines": 0, "percent_statements_covered": 77.77777777777777, "percent_statements_covered_display": "78", "num_branches": 8, "num_partial_branches": 4, "covered_branches": 4, "missing_branches": 4, "percent_branches_covered": 50.0, "percent_branches_covered_display": "50"}, "missing_lines": [105, 107, 116, 118], "excluded_lines": [], "start_line": 85, "executed_branches": [[104, 106], [106, 108], [111, 117], [117, -98]], "missing_branches": [[104, 105], [106, 107], [111, 116], [117, 118]]}, "CheckpointState": {"executed_lines": [167, 170, 171, 198, 199], "summary": {"covered_lines": 5, "num_statements": 5, "percent_covered": 100.0, "percent_covered_display": "100", "missing_lines": 0, "excluded_lines": 0, "percent_statements_covered": 100.0, "percent_statements_covered_display": "100", "num_branches": 0, "num_partial_branches": 0, "covered_branches": 0, "missing_branches": 0, "percent_branches_covered": 100.0, "percent_branches_covered_display": "100"}, "missing_lines": [], "excluded_lines": [], "start_line": 150, "executed_branches": [], "missing_branches": []}, "CheckpointAdvance": {"executed_lines": [211, 215, 216, 217, 221, 222, 223, 226], "summary": {"covered_lines": 8, "num_statements": 8, "percent_covered": 100.0, "percent_covered_display": "100", "missing_lines": 0, "excluded_lines": 0, "percent_statements_covered": 100.0, "percent_statements_covered_display": "100", "num_branches": 4, "num_partial_branches": 0, "covered_branches": 4, "missing_branches": 0, "percent_branches_covered": 100.0, "percent_branches_covered_display": "100"}, "missing_lines": [], "excluded_lines": [], "start_line": 203, "executed_branches": [[215, 216], [215, 217], [221, 222], [221, 223]], "missing_branches": []}, "": {"executed_lines": [1, 3, 4, 5, 6, 7, 9, 10, 17, 18, 19, 20, 22, 23, 24, 27, 28, 29, 30, 31, 34, 35, 36, 37, 40, 44, 45, 47, 50, 51, 53, 56, 57, 64, 65, 68, 69, 71, 72, 73, 75, 76, 77, 79, 80, 81, 84, 85, 86, 87, 88, 89, 90, 91, 92, 93, 94, 95, 96, 98, 120, 133, 134, 138, 149, 150, 151, 152, 153, 154, 155, 156, 157, 158, 159, 160, 161, 162, 163, 164, 166, 169, 197, 202, 203, 204, 205, 206, 207, 209, 210, 213, 214, 219, 220, 225, 243, 254, 266, 267, 279, 280, 281, 282, 283, 284, 285, 286, 287, 292, 293, 308, 309, 310, 311, 333, 334, 335, 336, 337, 338, 339, 340, 341, 342, 343, 344, 345, 346, 347, 348, 349, 350, 351, 352, 357, 358, 359, 360, 363, 364, 365, 366, 367, 368, 369, 383, 386, 387, 388, 389, 390, 391, 392, 393, 394, 395, 397, 398, 400, 402, 405, 412, 413, 414, 415, 416, 417, 418, 419, 420, 421, 422, 423, 424, 425, 426, 427, 428, 429, 430, 431, 432, 433, 434, 435, 436, 437, 438, 439, 442, 447, 454, 455, 456, 457, 458, 459, 460, 461, 462, 463, 464, 465, 466, 467, 468, 469, 470, 471, 472, 473, 474, 475, 477, 479, 482, 483, 484, 485, 486, 487, 488, 489, 490, 493, 494, 502, 511, 512, 514, 515, 517, 519, 520, 521, 522, 523, 524, 525, 527, 528, 530, 531, 532, 534, 537, 538, 539, 540, 541, 542, 543, 544, 546, 547, 548, 549, 559, 560, 561, 562, 563, 564, 565, 566, 567, 568, 569, 570, 572, 573, 574, 575, 576, 577, 578, 579, 580, 582, 583, 584, 585, 586, 587, 597, 600, 602, 605, 606, 607, 617, 620, 623, 624, 625, 627, 628, 629, 630, 632, 634, 637, 638, 641, 647, 648, 649, 650, 651, 652, 653, 662, 665, 668, 677, 678, 679, 680, 681, 682, 683, 684, 705, 708, 717, 718, 720, 721, 722, 724, 725, 726, 728, 729, 731, 733, 735, 736, 737, 739, 747, 748, 749, 750, 751, 752, 753, 754, 756], "summary": {"covered_lines": 350, "num_statements": 379, "percent_covered": 89.38053097345133, "percent_covered_display": "89", "missing_lines": 29, "excluded_lines": 0, "percent_statements_covered": 92.34828496042216, "percent_statements_covered_display": "92", "num_branches": 186, "num_partial_branches": 31, "covered_branches": 155, "missing_branches": 31, "percent_branches_covered": 83.33333333333333, "percent_branches_covered_display": "83"}, "missing_lines": [46, 52, 70, 74, 78, 396, 399, 401, 476, 478, 480, 513, 516, 518, 529, 535, 601, 603, 626, 631, 633, 719, 723, 727, 730, 732, 734, 738, 755], "excluded_lines": [], "start_line": 1, "executed_branches": [[45, 47], [51, 53], [69, 71], [72, 73], [72, 81], [73, 75], [76, 77], [76, 80], [77, 79], [283, 284], [283, 285], [285, 286], [285, 287], [287, 292], [287, 293], [309, 310], [309, 311], [333, 334], [333, 335], [335, 336], [335, 337], [337, 338], [337, 339], [339, 340], [339, 341], [341, 342], [341, 343], [345, 346], [345, 347], [348, 349], [348, 350], [352, 357], [352, 358], [358, 359], [358, 360], [365, 366], [365, 367], [367, 368], [367, 369], [386, 387], [386, 388], [388, 389], [388, 390], [391, 392], [391, 393], [393, 394], [393, 395], [395, 397], [397, 398], [397, 402], [398, 400], [400, 397], [412, 413], [412, 414], [414, 415], [414, 416], [418, 419], [418, 439], [419, 420], [419, 421], [424, 425], [424, 426], [426, 427], [426, 428], [430, 418], [430, 431], [433, 434], [433, 436], [436, 437], [436, 438], [454, 455], [454, 456], [456, 457], [456, 459], [457, 456], [457, 458], [459, 460], [459, 465], [460, 461], [460, 462], [462, 463], [462, 464], [465, 466], [465, 467], [468, 469], [468, 470], [473, 474], [473, 483], [475, 477], [477, 479], [479, 482], [483, 484], [483, 485], [485, 486], [485, 487], [487, 488], [487, 489], [489, 490], [512, 514], [515, 517], [517, 519], [519, 520], [519, 522], [520, 521], [520, 524], [522, 523], [522, 524], [524, 525], [524, 527], [528, 530], [534, 537], [546, 547], [547, 548], [547, 579], [548, 549], [548, 560], [562, 563], [562, 565], [569, 570], [569, 572], [572, 573], [572, 574], [576, 547], [576, 577], [583, 584], [583, 607], [586, 587], [586, 600], [600, 602], [602, 605], [623, 624], [623, 625], [625, 627], [628, 629], [628, 630], [630, 632], [632, 634], [649, 650], [649, 665], [680, 681], [680, 682], [718, 720], [721, 722], [721, 729], [722, 724], [726, 728], [729, 731], [731, 733], [733, 735], [736, 737], [736, 750], [737, 739], [747, 748], [747, 749], [754, 756]], "missing_branches": [[45, 46], [51, 52], [69, 70], [73, 74], [77, 78], [395, 396], [398, 399], [400, 401], [475, 476], [477, 478], [479, 480], [489, -442], [512, 513], [515, 516], [517, 518], [528, 529], [534, 535], [546, 582], [600, 601], [602, 603], [625, 626], [630, 631], [632, 633], [718, 719], [722, 723], [726, 727], [729, 730], [731, 732], [733, 734], [737, 738], [754, 755]]}}}, "src/nq_engine_a/factorization.py": {"executed_lines": [1, 3, 4, 6, 9, 10, 11, 12, 15, 16, 17, 20, 21, 22, 23, 24, 25, 26, 27, 28, 29, 32, 33, 34, 37, 38, 39, 40, 43, 44, 47, 48, 51, 58, 59, 60, 65, 66, 67, 68, 69, 71, 72, 73, 74, 75, 76, 77, 78, 79, 80, 81, 82, 83, 84, 85, 86, 87, 97, 98, 99, 100, 101, 104, 105, 116, 128, 131, 132, 133, 134, 137, 139, 140, 141, 142, 143, 146, 147, 148, 149, 150, 151, 152, 155, 156, 157, 158, 159, 160, 161, 162, 163, 164, 165, 166, 167, 171, 172, 175, 178, 181, 184, 185, 186], "summary": {"covered_lines": 105, "num_statements": 113, "percent_covered": 92.25806451612904, "percent_covered_display": "92", "missing_lines": 8, "excluded_lines": 0, "percent_statements_covered": 92.92035398230088, "percent_statements_covered_display": "93", "num_branches": 42, "num_partial_branches": 4, "covered_branches": 38, "missing_branches": 4, "percent_branches_covered": 90.47619047619048, "percent_branches_covered_display": "90"}, "missing_lines": [63, 135, 136, 138, 144, 145, 153, 154], "excluded_lines": [], "executed_branches": [[38, 39], [38, 40], [60, 65], [71, 72], [71, 116], [73, 74], [73, 98], [75, 73], [75, 76], [77, 78], [77, 79], [85, 75], [85, 86], [86, 87], [86, 97], [100, 71], [100, 101], [137, 139], [139, 140], [139, 141], [142, 143], [142, 172], [143, 146], [146, 147], [146, 149], [151, 152], [151, 167], [152, 155], [155, 156], [155, 158], [158, 159], [158, 161], [161, 162], [161, 164], [167, 142], [167, 171], [185, -181], [185, 186]], "missing_branches": [[60, 63], [137, 138], [143, 144], [152, 153]], "functions": {"_validate_k": {"executed_lines": [38, 39, 40], "summary": {"covered_lines": 3, "num_statements": 3, "percent_covered": 100.0, "percent_covered_display": "100", "missing_lines": 0, "excluded_lines": 0, "percent_statements_covered": 100.0, "percent_statements_covered_display": "100", "num_branches": 2, "num_partial_branches": 0, "covered_branches": 2, "missing_branches": 0, "percent_branches_covered": 100.0, "percent_branches_covered_display": "100"}, "missing_lines": [], "excluded_lines": [], "start_line": 37, "executed_branches": [[38, 39], [38, 40]], "missing_branches": []}, "_sort_payload": {"executed_lines": [44], "summary": {"covered_lines": 1, "num_statements": 1, "percent_covered": 100.0, "percent_covered_display": "100", "missing_lines": 0, "excluded_lines": 0, "percent_statements_covered": 100.0, "percent_statements_covered_display": "100", "num_branches": 0, "num_partial_branches": 0, "covered_branches": 0, "missing_branches": 0, "percent_branches_covered": 100.0, "percent_branches_covered_display": "100"}, "missing_lines": [], "excluded_lines": [], "start_line": 43, "executed_branches": [], "missing_branches": []}, "_key": {"executed_lines": [48], "summary": {"covered_lines": 1, "num_statements": 1, "percent_covered": 100.0, "percent_covered_display": "100", "missing_lines": 0, "excluded_lines": 0, "percent_statements_covered": 100.0, "percent_statements_covered_display": "100", "num_branches": 0, "num_partial_branches": 0, "covered_branches": 0, "missing_branches": 0, "percent_branches_covered": 100.0, "percent_branches_covered_display": "100"}, "missing_lines": [], "excluded_lines": [], "start_line": 47, "executed_branches": [], "missing_branches": []}, "find_disjoint_zero_sums": {"executed_lines": [58, 59, 60, 65, 66, 67, 68, 69, 71, 72, 73, 74, 75, 76, 77, 78, 79, 80, 81, 82, 83, 84, 85, 86, 87, 97, 98, 99, 100, 101, 104, 105, 116], "summary": {"covered_lines": 33, "num_statements": 34, "percent_covered": 96.0, "percent_covered_display": "96", "missing_lines": 1, "excluded_lines": 0, "percent_statements_covered": 97.05882352941177, "percent_statements_covered_display": "97", "num_branches": 16, "num_partial_branches": 1, "covered_branches": 15, "missing_branches": 1, "percent_branches_covered": 93.75, "percent_branches_covered_display": "94"}, "missing_lines": [63], "excluded_lines": [], "start_line": 51, "executed_branches": [[60, 65], [71, 72], [71, 116], [73, 74], [73, 98], [75, 73], [75, 76], [77, 78], [77, 79], [85, 75], [85, 86], [86, 87], [86, 97], [100, 71], [100, 101]], "missing_branches": [[60, 63]]}, "certificate_errors": {"executed_lines": [131, 132, 133, 134, 137, 139, 140, 141, 142, 143, 146, 147, 148, 149, 150, 151, 152, 155, 156, 157, 158, 159, 160, 161, 162, 163, 164, 165, 166, 167, 171, 172], "summary": {"covered_lines": 32, "num_statements": 39, "percent_covered": 83.60655737704919, "percent_covered_display": "84", "missing_lines": 7, "excluded_lines": 0, "percent_statements_covered": 82.05128205128206, "percent_statements_covered_display": "82", "num_branches": 22, "num_partial_branches": 3, "covered_branches": 19, "missing_branches": 3, "percent_branches_covered": 86.36363636363636, "percent_branches_covered_display": "86"}, "missing_lines": [135, 136, 138, 144, 145, 153, 154], "excluded_lines": [], "start_line": 128, "executed_branches": [[137, 139], [139, 140], [139, 141], [142, 143], [142, 172], [143, 146], [146, 147], [146, 149], [151, 152], [151, 167], [152, 155], [155, 156], [155, 158], [158, 159], [158, 161], [161, 162], [161, 164], [167, 142], [167, 171]], "missing_branches": [[137, 138], [143, 144], [152, 153]]}, "verify_factorization_certificate": {"executed_lines": [178], "summary": {"covered_lines": 1, "num_statements": 1, "percent_covered": 100.0, "percent_covered_display": "100", "missing_lines": 0, "excluded_lines": 0, "percent_statements_covered": 100.0, "percent_statements_covered_display": "100", "num_branches": 0, "num_partial_branches": 0, "covered_branches": 0, "missing_branches": 0, "percent_branches_covered": 100.0, "percent_branches_covered_display": "100"}, "missing_lines": [], "excluded_lines": [], "start_line": 175, "executed_branches": [], "missing_branches": []}, "assert_valid_certificate": {"executed_lines": [184, 185, 186], "summary": {"covered_lines": 3, "num_statements": 3, "percent_covered": 100.0, "percent_covered_display": "100", "missing_lines": 0, "excluded_lines": 0, "percent_statements_covered": 100.0, "percent_statements_covered_display": "100", "num_branches": 2, "num_partial_branches": 0, "covered_branches": 2, "missing_branches": 0, "percent_branches_covered": 100.0, "percent_branches_covered_display": "100"}, "missing_lines": [], "excluded_lines": [], "start_line": 181, "executed_branches": [[185, -181], [185, 186]], "missing_branches": []}, "": {"executed_lines": [1, 3, 4, 6, 9, 10, 11, 12, 15, 16, 17, 20, 21, 22, 23, 24, 25, 26, 27, 28, 29, 32, 33, 34, 37, 43, 47, 51, 128, 175, 181], "summary": {"covered_lines": 31, "num_statements": 31, "percent_covered": 100.0, "percent_covered_display": "100", "missing_lines": 0, "excluded_lines": 0, "percent_statements_covered": 100.0, "percent_statements_covered_display": "100", "num_branches": 0, "num_partial_branches": 0, "covered_branches": 0, "missing_branches": 0, "percent_branches_covered": 100.0, "percent_branches_covered_display": "100"}, "missing_lines": [], "excluded_lines": [], "start_line": 1, "executed_branches": [], "missing_branches": []}}, "classes": {"FactorizationStatus": {"executed_lines": [], "summary": {"covered_lines": 0, "num_statements": 0, "percent_covered": 100.0, "percent_covered_display": "100", "missing_lines": 0, "excluded_lines": 0, "percent_statements_covered": 100.0, "percent_statements_covered_display": "100", "num_branches": 0, "num_partial_branches": 0, "covered_branches": 0, "missing_branches": 0, "percent_branches_covered": 100.0, "percent_branches_covered_display": "100"}, "missing_lines": [], "excluded_lines": [], "start_line": 9, "executed_branches": [], "missing_branches": []}, "FactorizationCertificate": {"executed_lines": [], "summary": {"covered_lines": 0, "num_statements": 0, "percent_covered": 100.0, "percent_covered_display": "100", "missing_lines": 0, "excluded_lines": 0, "percent_statements_covered": 100.0, "percent_statements_covered_display": "100", "num_branches": 0, "num_partial_branches": 0, "covered_branches": 0, "missing_branches": 0, "percent_branches_covered": 100.0, "percent_branches_covered_display": "100"}, "missing_lines": [], "excluded_lines": [], "start_line": 16, "executed_branches": [], "missing_branches": []}, "FactorizationResult": {"executed_lines": [], "summary": {"covered_lines": 0, "num_statements": 0, "percent_covered": 100.0, "percent_covered_display": "100", "missing_lines": 0, "excluded_lines": 0, "percent_statements_covered": 100.0, "percent_statements_covered_display": "100", "num_branches": 0, "num_partial_branches": 0, "covered_branches": 0, "missing_branches": 0, "percent_branches_covered": 100.0, "percent_branches_covered_display": "100"}, "missing_lines": [], "excluded_lines": [], "start_line": 21, "executed_branches": [], "missing_branches": []}, "": {"executed_lines": [1, 3, 4, 6, 9, 10, 11, 12, 15, 16, 17, 20, 21, 22, 23, 24, 25, 26, 27, 28, 29, 32, 33, 34, 37, 38, 39, 40, 43, 44, 47, 48, 51, 58, 59, 60, 65, 66, 67, 68, 69, 71, 72, 73, 74, 75, 76, 77, 78, 79, 80, 81, 82, 83, 84, 85, 86, 87, 97, 98, 99, 100, 101, 104, 105, 116, 128, 131, 132, 133, 134, 137, 139, 140, 141, 142, 143, 146, 147, 148, 149, 150, 151, 152, 155, 156, 157, 158, 159, 160, 161, 162, 163, 164, 165, 166, 167, 171, 172, 175, 178, 181, 184, 185, 186], "summary": {"covered_lines": 105, "num_statements": 113, "percent_covered": 92.25806451612904, "percent_covered_display": "92", "missing_lines": 8, "excluded_lines": 0, "percent_statements_covered": 92.92035398230088, "percent_statements_covered_display": "93", "num_branches": 42, "num_partial_branches": 4, "covered_branches": 38, "missing_branches": 4, "percent_branches_covered": 90.47619047619048, "percent_branches_covered_display": "90"}, "missing_lines": [63, 135, 136, 138, 144, 145, 153, 154], "excluded_lines": [], "start_line": 1, "executed_branches": [[38, 39], [38, 40], [60, 65], [71, 72], [71, 116], [73, 74], [73, 98], [75, 73], [75, 76], [77, 78], [77, 79], [85, 75], [85, 86], [86, 87], [86, 97], [100, 71], [100, 101], [137, 139], [139, 140], [139, 141], [142, 143], [142, 172], [143, 146], [146, 147], [146, 149], [151, 152], [151, 167], [152, 155], [155, 156], [155, 158], [158, 159], [158, 161], [161, 162], [161, 164], [167, 142], [167, 171], [185, -181], [185, 186]], "missing_branches": [[60, 63], [137, 138], [143, 144], [152, 153]]}}}, "src/nq_engine_a/group.py": {"executed_lines": [1, 3, 4, 5, 6, 8, 9, 12, 16, 17, 18, 19, 22, 23, 24, 25, 27, 28, 29, 30, 31, 33, 34, 35, 37, 38, 39, 41, 42, 43, 44, 47, 48, 50, 51, 52, 53, 55, 56, 58, 59, 60, 61, 62, 63, 65, 66, 71, 72, 73, 74, 75, 76, 77, 79, 80, 81, 82, 84, 85, 86, 87, 88, 90, 91, 92, 93, 94, 96, 97, 98, 99, 100, 101, 102, 103, 104, 105, 106, 107, 111, 112, 113, 114, 115, 116, 117, 118, 119, 120, 121, 122, 123, 124, 125, 126, 127, 128, 132, 133, 134, 135, 137, 138, 139, 140, 141, 142, 143, 144, 145, 146, 147, 151, 152, 153, 154, 157, 159, 160, 161, 162, 163, 164, 165, 166, 167, 173, 174, 175, 179, 180], "summary": {"covered_lines": 132, "num_statements": 133, "percent_covered": 98.97435897435898, "percent_covered_display": "99", "missing_lines": 1, "excluded_lines": 0, "percent_statements_covered": 99.24812030075188, "percent_statements_covered_display": "99", "num_branches": 62, "num_partial_branches": 1, "covered_branches": 61, "missing_branches": 1, "percent_branches_covered": 98.38709677419355, "percent_branches_covered_display": "98"}, "missing_lines": [158], "excluded_lines": [], "executed_branches": [[17, 18], [17, 19], [28, 29], [28, 30], [30, -27], [30, 31], [42, 43], [42, 44], [44, 47], [44, 48], [51, 52], [51, 53], [61, 62], [61, 63], [66, 71], [66, 72], [74, 75], [74, 77], [86, 87], [86, 88], [91, 92], [91, 93], [98, 99], [98, 100], [101, 102], [101, 107], [102, 103], [102, 104], [104, 105], [104, 106], [113, 114], [113, 115], [116, 117], [116, 135], [118, 119], [118, 120], [123, 124], [123, 132], [124, 125], [124, 126], [127, 123], [127, 128], [133, 116], [133, 134], [141, 142], [141, 145], [142, 143], [142, 144], [145, 146], [145, 147], [153, 154], [153, 175], [157, 159], [162, 163], [162, 173], [163, 164], [163, 165], [166, 162], [166, 167], [175, 179], [175, 180]], "missing_branches": [[157, 158]], "functions": {"_is_prime": {"executed_lines": [17, 18, 19], "summary": {"covered_lines": 3, "num_statements": 3, "percent_covered": 100.0, "percent_covered_display": "100", "missing_lines": 0, "excluded_lines": 0, "percent_statements_covered": 100.0, "percent_statements_covered_display": "100", "num_branches": 2, "num_partial_branches": 0, "covered_branches": 2, "missing_branches": 0, "percent_branches_covered": 100.0, "percent_branches_covered_display": "100"}, "missing_lines": [], "excluded_lines": [], "start_line": 16, "executed_branches": [[17, 18], [17, 19]], "missing_branches": []}, "GroupSpec.__post_init__": {"executed_lines": [28, 29, 30, 31], "summary": {"covered_lines": 4, "num_statements": 4, "percent_covered": 100.0, "percent_covered_display": "100", "missing_lines": 0, "excluded_lines": 0, "percent_statements_covered": 100.0, "percent_statements_covered_display": "100", "num_branches": 4, "num_partial_branches": 0, "covered_branches": 4, "missing_branches": 0, "percent_branches_covered": 100.0, "percent_branches_covered_display": "100"}, "missing_lines": [], "excluded_lines": [], "start_line": 27, "executed_branches": [[28, 29], [28, 30], [30, -27], [30, 31]], "missing_branches": []}, "GroupSpec.order": {"executed_lines": [35], "summary": {"covered_lines": 1, "num_statements": 1, "percent_covered": 100.0, "percent_covered_display": "100", "missing_lines": 0, "excluded_lines": 0, "percent_statements_covered": 100.0, "percent_statements_covered_display": "100", "num_branches": 0, "num_partial_branches": 0, "covered_branches": 0, "missing_branches": 0, "percent_branches_covered": 100.0, "percent_branches_covered_display": "100"}, "missing_lines": [], "excluded_lines": [], "start_line": 34, "executed_branches": [], "missing_branches": []}, "GroupSpec.zero": {"executed_lines": [39], "summary": {"covered_lines": 1, "num_statements": 1, "percent_covered": 100.0, "percent_covered_display": "100", "missing_lines": 0, "excluded_lines": 0, "percent_statements_covered": 100.0, "percent_statements_covered_display": "100", "num_branches": 0, "num_partial_branches": 0, "covered_branches": 0, "missing_branches": 0, "percent_branches_covered": 100.0, "percent_branches_covered_display": "100"}, "missing_lines": [], "excluded_lines": [], "start_line": 38, "executed_branches": [], "missing_branches": []}, "GroupSpec.validate_vector": {"executed_lines": [42, 43, 44, 47, 48], "summary": {"covered_lines": 5, "num_statements": 5, "percent_covered": 100.0, "percent_covered_display": "100", "missing_lines": 0, "excluded_lines": 0, "percent_statements_covered": 100.0, "percent_statements_covered_display": "100", "num_branches": 4, "num_partial_branches": 0, "covered_branches": 4, "missing_branches": 0, "percent_branches_covered": 100.0, "percent_branches_covered_display": "100"}, "missing_lines": [], "excluded_lines": [], "start_line": 41, "executed_branches": [[42, 43], [42, 44], [44, 47], [44, 48]], "missing_branches": []}, "GroupSpec.validate_sequence": {"executed_lines": [51, 52, 53], "summary": {"covered_lines": 3, "num_statements": 3, "percent_covered": 100.0, "percent_covered_display": "100", "missing_lines": 0, "excluded_lines": 0, "percent_statements_covered": 100.0, "percent_statements_covered_display": "100", "num_branches": 2, "num_partial_branches": 0, "covered_branches": 2, "missing_branches": 0, "percent_branches_covered": 100.0, "percent_branches_covered_display": "100"}, "missing_lines": [], "excluded_lines": [], "start_line": 50, "executed_branches": [[51, 52], [51, 53]], "missing_branches": []}, "GroupSpec.elements": {"executed_lines": [56], "summary": {"covered_lines": 1, "num_statements": 1, "percent_covered": 100.0, "percent_covered_display": "100", "missing_lines": 0, "excluded_lines": 0, "percent_statements_covered": 100.0, "percent_statements_covered_display": "100", "num_branches": 0, "num_partial_branches": 0, "covered_branches": 0, "missing_branches": 0, "percent_branches_covered": 100.0, "percent_branches_covered_display": "100"}, "missing_lines": [], "excluded_lines": [], "start_line": 55, "executed_branches": [], "missing_branches": []}, "GroupSpec.encode": {"executed_lines": [59, 60, 61, 62, 63], "summary": {"covered_lines": 5, "num_statements": 5, "percent_covered": 100.0, "percent_covered_display": "100", "missing_lines": 0, "excluded_lines": 0, "percent_statements_covered": 100.0, "percent_statements_covered_display": "100", "num_branches": 2, "num_partial_branches": 0, "covered_branches": 2, "missing_branches": 0, "percent_branches_covered": 100.0, "percent_branches_covered_display": "100"}, "missing_lines": [], "excluded_lines": [], "start_line": 58, "executed_branches": [[61, 62], [61, 63]], "missing_branches": []}, "GroupSpec.decode": {"executed_lines": [66, 71, 72, 73, 74, 75, 76, 77], "summary": {"covered_lines": 8, "num_statements": 8, "percent_covered": 100.0, "percent_covered_display": "100", "missing_lines": 0, "excluded_lines": 0, "percent_statements_covered": 100.0, "percent_statements_covered_display": "100", "num_branches": 4, "num_partial_branches": 0, "covered_branches": 4, "missing_branches": 0, "percent_branches_covered": 100.0, "percent_branches_covered_display": "100"}, "missing_lines": [], "excluded_lines": [], "start_line": 65, "executed_branches": [[66, 71], [66, 72], [74, 75], [74, 77]], "missing_branches": []}, "GroupSpec.add": {"executed_lines": [80, 81, 82], "summary": {"covered_lines": 3, "num_statements": 3, "percent_covered": 100.0, "percent_covered_display": "100", "missing_lines": 0, "excluded_lines": 0, "percent_statements_covered": 100.0, "percent_statements_covered_display": "100", "num_branches": 0, "num_partial_branches": 0, "covered_branches": 0, "missing_branches": 0, "percent_branches_covered": 100.0, "percent_branches_covered_display": "100"}, "missing_lines": [], "excluded_lines": [], "start_line": 79, "executed_branches": [], "missing_branches": []}, "GroupSpec.sum_vectors": {"executed_lines": [85, 86, 87, 88], "summary": {"covered_lines": 4, "num_statements": 4, "percent_covered": 100.0, "percent_covered_display": "100", "missing_lines": 0, "excluded_lines": 0, "percent_statements_covered": 100.0, "percent_statements_covered_display": "100", "num_branches": 2, "num_partial_branches": 0, "covered_branches": 2, "missing_branches": 0, "percent_branches_covered": 100.0, "percent_branches_covered_display": "100"}, "missing_lines": [], "excluded_lines": [], "start_line": 84, "executed_branches": [[86, 87], [86, 88]], "missing_branches": []}, "GroupSpec.scalar_mul": {"executed_lines": [91, 92, 93, 94], "summary": {"covered_lines": 4, "num_statements": 4, "percent_covered": 100.0, "percent_covered_display": "100", "missing_lines": 0, "excluded_lines": 0, "percent_statements_covered": 100.0, "percent_statements_covered_display": "100", "num_branches": 2, "num_partial_branches": 0, "covered_branches": 2, "missing_branches": 0, "percent_branches_covered": 100.0, "percent_branches_covered_display": "100"}, "missing_lines": [], "excluded_lines": [], "start_line": 90, "executed_branches": [[91, 92], [91, 93]], "missing_branches": []}, "GroupSpec.matvec": {"executed_lines": [97, 98, 99, 100, 101, 102, 103, 104, 105, 106, 107], "summary": {"covered_lines": 11, "num_statements": 11, "percent_covered": 100.0, "percent_covered_display": "100", "missing_lines": 0, "excluded_lines": 0, "percent_statements_covered": 100.0, "percent_statements_covered_display": "100", "num_branches": 8, "num_partial_branches": 0, "covered_branches": 8, "missing_branches": 0, "percent_branches_covered": 100.0, "percent_branches_covered_display": "100"}, "missing_lines": [], "excluded_lines": [], "start_line": 96, "executed_branches": [[98, 99], [98, 100], [101, 102], [101, 107], [102, 103], [102, 104], [104, 105], [104, 106]], "missing_branches": []}, "GroupSpec.rank": {"executed_lines": [112, 113, 114, 115, 116, 117, 118, 119, 120, 121, 122, 123, 124, 125, 126, 127, 128, 132, 133, 134, 135], "summary": {"covered_lines": 21, "num_statements": 21, "percent_covered": 100.0, "percent_covered_display": "100", "missing_lines": 0, "excluded_lines": 0, "percent_statements_covered": 100.0, "percent_statements_covered_display": "100", "num_branches": 14, "num_partial_branches": 0, "covered_branches": 14, "missing_branches": 0, "percent_branches_covered": 100.0, "percent_branches_covered_display": "100"}, "missing_lines": [], "excluded_lines": [], "start_line": 111, "executed_branches": [[113, 114], [113, 115], [116, 117], [116, 135], [118, 119], [118, 120], [123, 124], [123, 132], [124, 125], [124, 126], [127, 123], [127, 128], [133, 116], [133, 134]], "missing_branches": []}, "GroupSpec.coordinates_in_basis": {"executed_lines": [138, 139, 140, 141, 142, 143, 144, 145, 146, 147, 151, 152, 153, 154, 157, 159, 160, 161, 162, 163, 164, 165, 166, 167, 173, 174, 175, 179, 180], "summary": {"covered_lines": 29, "num_statements": 30, "percent_covered": 95.83333333333333, "percent_covered_display": "96", "missing_lines": 1, "excluded_lines": 0, "percent_statements_covered": 96.66666666666667, "percent_statements_covered_display": "97", "num_branches": 18, "num_partial_branches": 1, "covered_branches": 17, "missing_branches": 1, "percent_branches_covered": 94.44444444444444, "percent_branches_covered_display": "94"}, "missing_lines": [158], "excluded_lines": [], "start_line": 137, "executed_branches": [[141, 142], [141, 145], [142, 143], [142, 144], [145, 146], [145, 147], [153, 154], [153, 175], [157, 159], [162, 163], [162, 173], [163, 164], [163, 165], [166, 162], [166, 167], [175, 179], [175, 180]], "missing_branches": [[157, 158]]}, "": {"executed_lines": [1, 3, 4, 5, 6, 8, 9, 12, 16, 22, 23, 24, 25, 27, 33, 34, 37, 38, 41, 50, 55, 58, 65, 79, 84, 90, 96, 111, 137], "summary": {"covered_lines": 29, "num_statements": 29, "percent_covered": 100.0, "percent_covered_display": "100", "missing_lines": 0, "excluded_lines": 0, "percent_statements_covered": 100.0, "percent_statements_covered_display": "100", "num_branches": 0, "num_partial_branches": 0, "covered_branches": 0, "missing_branches": 0, "percent_branches_covered": 100.0, "percent_branches_covered_display": "100"}, "missing_lines": [], "excluded_lines": [], "start_line": 1, "executed_b
[...]
s": [30, 38], "summary": {"covered_lines": 2, "num_statements": 2, "percent_covered": 100.0, "percent_covered_display": "100", "missing_lines": 0, "excluded_lines": 0, "percent_statements_covered": 100.0, "percent_statements_covered_display": "100", "num_branches": 0, "num_partial_branches": 0, "covered_branches": 0, "missing_branches": 0, "percent_branches_covered": 100.0, "percent_branches_covered_display": "100"}, "missing_lines": [], "excluded_lines": [], "start_line": 19, "executed_branches": [], "missing_branches": []}, "OrderlyRun": {"executed_lines": [], "summary": {"covered_lines": 0, "num_statements": 0, "percent_covered": 100.0, "percent_covered_display": "100", "missing_lines": 0, "excluded_lines": 0, "percent_statements_covered": 100.0, "percent_statements_covered_display": "100", "num_branches": 0, "num_partial_branches": 0, "covered_branches": 0, "missing_branches": 0, "percent_branches_covered": 100.0, "percent_branches_covered_display": "100"}, "missing_lines": [], "excluded_lines": [], "start_line": 52, "executed_branches": [], "missing_branches": []}, "": {"executed_lines": [1, 3, 4, 5, 6, 8, 9, 12, 13, 14, 15, 18, 19, 20, 21, 22, 23, 24, 25, 26, 28, 29, 37, 51, 52, 53, 54, 57, 65, 66, 67, 68, 69, 74, 75, 76, 77, 78, 79, 80, 81, 82, 83, 84, 85, 86, 87, 88, 89, 90, 91, 92, 93, 94, 95, 97, 98, 99], "summary": {"covered_lines": 58, "num_statements": 58, "percent_covered": 100.0, "percent_covered_display": "100", "missing_lines": 0, "excluded_lines": 0, "percent_statements_covered": 100.0, "percent_statements_covered_display": "100", "num_branches": 18, "num_partial_branches": 0, "covered_branches": 18, "missing_branches": 0, "percent_branches_covered": 100.0, "percent_branches_covered_display": "100"}, "missing_lines": [], "excluded_lines": [], "start_line": 1, "executed_branches": [[65, 66], [65, 67], [67, 68], [67, 69], [69, 74], [69, 75], [77, 78], [77, 79], [81, 82], [81, 84], [86, 87], [86, 89], [87, 86], [87, 88], [90, 91], [90, 93], [93, 94], [93, 97]], "missing_branches": []}}}, "src/nq_engine_a/pilot.py": {"executed_lines": [1, 3, 4, 5, 6, 7, 8, 9, 10, 11, 13, 14, 15, 16, 24, 25, 26, 27, 28, 30, 31, 34, 37, 39, 41, 42, 43, 44, 45, 49, 50, 51, 52, 55, 56, 57, 58, 61, 62, 65, 74, 75, 77, 79, 80, 81, 82, 85, 93, 127, 130, 136, 138, 139, 140, 148, 149, 150, 151, 155, 156, 157, 158, 159, 161, 164, 167, 168, 169, 171, 172, 174, 175, 176, 177, 179, 180, 181, 182, 184, 186, 187, 189, 202, 208, 209, 210, 228, 229, 230, 231, 238, 240, 247, 249, 251, 252, 254, 255, 256, 267, 276, 277, 278, 280, 281, 286, 297, 298, 299, 310], "summary": {"covered_lines": 111, "num_statements": 127, "percent_covered": 80.60606060606061, "percent_covered_display": "81", "missing_lines": 16, "excluded_lines": 0, "percent_statements_covered": 87.4015748031496, "percent_statements_covered_display": "87", "num_branches": 38, "num_partial_branches": 16, "covered_branches": 22, "missing_branches": 16, "percent_branches_covered": 57.89473684210526, "percent_branches_covered_display": "58"}, "missing_lines": [38, 40, 76, 78, 135, 137, 152, 160, 170, 173, 183, 185, 239, 248, 250, 279], "excluded_lines": [], "executed_branches": [[37, 39], [39, 41], [43, 44], [43, 52], [49, 50], [49, 51], [75, 77], [77, 79], [130, 136], [136, 138], [150, 151], [159, 161], [169, 171], [172, 174], [182, 184], [184, 186], [228, 229], [228, 230], [238, 240], [247, 249], [249, 251], [278, 280]], "missing_branches": [[37, 38], [39, 40], [75, 76], [77, 78], [130, 135], [136, 137], [150, 152], [159, 160], [169, 170], [172, 173], [182, 183], [184, 185], [238, 239], [247, 248], [249, 250], [278, 279]], "functions": {"deterministic_gl_matrices": {"executed_lines": [37, 39, 41, 42, 43, 44, 45, 49, 50, 51, 52], "summary": {"covered_lines": 11, "num_statements": 13, "percent_covered": 80.95238095238095, "percent_covered_display": "81", "missing_lines": 2, "excluded_lines": 0, "percent_statements_covered": 84.61538461538461, "percent_statements_covered_display": "85", "num_branches": 8, "num_partial_branches": 2, "covered_branches": 6, "missing_branches": 2, "percent_branches_covered": 75.0, "percent_branches_covered_display": "75"}, "missing_lines": [38, 40], "excluded_lines": [], "start_line": 34, "executed_branches": [[37, 39], [39, 41], [43, 44], [43, 52], [49, 50], [49, 51]], "missing_branches": [[37, 38], [39, 40]]}, "_timed": {"executed_lines": [56, 57, 58], "summary": {"covered_lines": 3, "num_statements": 3, "percent_covered": 100.0, "percent_covered_display": "100", "missing_lines": 0, "excluded_lines": 0, "percent_statements_covered": 100.0, "percent_statements_covered_display": "100", "num_branches": 0, "num_partial_branches": 0, "covered_branches": 0, "missing_branches": 0, "percent_branches_covered": 100.0, "percent_branches_covered_display": "100"}, "missing_lines": [], "excluded_lines": [], "start_line": 55, "executed_branches": [], "missing_branches": []}, "_records_payload": {"executed_lines": [62], "summary": {"covered_lines": 1, "num_statements": 1, "percent_covered": 100.0, "percent_covered_display": "100", "missing_lines": 0, "excluded_lines": 0, "percent_statements_covered": 100.0, "percent_statements_covered_display": "100", "num_branches": 0, "num_partial_branches": 0, "covered_branches": 0, "missing_branches": 0, "percent_branches_covered": 100.0, "percent_branches_covered_display": "100"}, "missing_lines": [], "excluded_lines": [], "start_line": 61, "executed_branches": [], "missing_branches": []}, "measure_target_case": {"executed_lines": [74, 75, 77, 79, 80, 81, 82, 85, 93], "summary": {"covered_lines": 9, "num_statements": 11, "percent_covered": 73.33333333333333, "percent_covered_display": "73", "missing_lines": 2, "excluded_lines": 0, "percent_statements_covered": 81.81818181818181, "percent_statements_covered_display": "82", "num_branches": 4, "num_partial_branches": 2, "covered_branches": 2, "missing_branches": 2, "percent_branches_covered": 50.0, "percent_branches_covered_display": "50"}, "missing_lines": [76, 78], "excluded_lines": [], "start_line": 65, "executed_branches": [[75, 77], [77, 79]], "missing_branches": [[75, 76], [77, 78]]}, "derive_slurm_pilot_envelope": {"executed_lines": [130, 136, 138, 139, 140], "summary": {"covered_lines": 5, "num_statements": 7, "percent_covered": 63.63636363636363, "percent_covered_display": "64", "missing_lines": 2, "excluded_lines": 0, "percent_statements_covered": 71.42857142857143, "percent_statements_covered_display": "71", "num_branches": 4, "num_partial_branches": 2, "covered_branches": 2, "missing_branches": 2, "percent_branches_covered": 50.0, "percent_branches_covered_display": "50"}, "missing_lines": [135, 137], "excluded_lines": [], "start_line": 127, "executed_branches": [[130, 136], [136, 138]], "missing_branches": [[130, 135], [136, 137]]}, "process_max_rss": {"executed_lines": [149, 150, 151], "summary": {"covered_lines": 3, "num_statements": 4, "percent_covered": 66.66666666666667, "percent_covered_display": "67", "missing_lines": 1, "excluded_lines": 0, "percent_statements_covered": 75.0, "percent_statements_covered_display": "75", "num_branches": 2, "num_partial_branches": 1, "covered_branches": 1, "missing_branches": 1, "percent_branches_covered": 50.0, "percent_branches_covered_display": "50"}, "missing_lines": [152], "excluded_lines": [], "start_line": 148, "executed_branches": [[150, 151]], "missing_branches": [[150, 152]]}, "_load_protocol": {"executed_lines": [156, 157, 158, 159, 161], "summary": {"covered_lines": 5, "num_statements": 6, "percent_covered": 75.0, "percent_covered_display": "75", "missing_lines": 1, "excluded_lines": 0, "percent_statements_covered": 83.33333333333333, "percent_statements_covered_display": "83", "num_branches": 2, "num_partial_branches": 1, "covered_branches": 1, "missing_branches": 1, "percent_branches_covered": 50.0, "percent_branches_covered_display": "50"}, "missing_lines": [160], "excluded_lines": [], "start_line": 155, "executed_branches": [[159, 161]], "missing_branches": [[159, 160]]}, "build_target_resource_pilot_receipt": {"executed_lines": [167, 168, 169, 171, 172, 174, 175, 176, 177, 179, 180, 181, 182, 184, 186, 187, 189, 202, 208, 209, 210, 228, 229, 230, 231, 238, 240, 247, 249, 251, 252, 254, 255, 256, 267, 276, 277, 278, 280, 281, 286, 297, 298, 299, 310], "summary": {"covered_lines": 45, "num_statements": 53, "percent_covered": 77.46478873239437, "percent_covered_display": "77", "missing_lines": 8, "excluded_lines": 0, "percent_statements_covered": 84.90566037735849, "percent_statements_covered_display": "85", "num_branches": 18, "num_partial_branches": 8, "covered_branches": 10, "missing_branches": 8, "percent_branches_covered": 55.55555555555556, "percent_branches_covered_display": "56"}, "missing_lines": [170, 173, 183, 185, 239, 248, 250, 279], "excluded_lines": [], "start_line": 164, "executed_branches": [[169, 171], [172, 174], [182, 184], [184, 186], [228, 229], [228, 230], [238, 240], [247, 249], [249, 251], [278, 280]], "missing_branches": [[169, 170], [172, 173], [182, 183], [184, 185], [238, 239], [247, 248], [249, 250], [278, 279]]}, "": {"executed_lines": [1, 3, 4, 5, 6, 7, 8, 9, 10, 11, 13, 14, 15, 16, 24, 25, 26, 27, 28, 30, 31, 34, 55, 61, 65, 127, 148, 155, 164], "summary": {"covered_lines": 29, "num_statements": 29, "percent_covered": 100.0, "percent_covered_display": "100", "missing_lines": 0, "excluded_lines": 0, "percent_statements_covered": 100.0, "percent_statements_covered_display": "100", "num_branches": 0, "num_partial_branches": 0, "covered_branches": 0, "missing_branches": 0, "percent_branches_covered": 100.0, "percent_branches_covered_display": "100"}, "missing_lines": [], "excluded_lines": [], "start_line": 1, "executed_branches": [], "missing_branches": []}}, "classes": {"": {"executed_lines": [1, 3, 4, 5, 6, 7, 8, 9, 10, 11, 13, 14, 15, 16, 24, 25, 26, 27, 28, 30, 31, 34, 37, 39, 41, 42, 43, 44, 45, 49, 50, 51, 52, 55, 56, 57, 58, 61, 62, 65, 74, 75, 77, 79, 80, 81, 82, 85, 93, 127, 130, 136, 138, 139, 140, 148, 149, 150, 151, 155, 156, 157, 158, 159, 161, 164, 167, 168, 169, 171, 172, 174, 175, 176, 177, 179, 180, 181, 182, 184, 186, 187, 189, 202, 208, 209, 210, 228, 229, 230, 231, 238, 240, 247, 249, 251, 252, 254, 255, 256, 267, 276, 277, 278, 280, 281, 286, 297, 298, 299, 310], "summary": {"covered_lines": 111, "num_statements": 127, "percent_covered": 80.60606060606061, "percent_covered_display": "81", "missing_lines": 16, "excluded_lines": 0, "percent_statements_covered": 87.4015748031496, "percent_statements_covered_display": "87", "num_branches": 38, "num_partial_branches": 16, "covered_branches": 22, "missing_branches": 16, "percent_branches_covered": 57.89473684210526, "percent_branches_covered_display": "58"}, "missing_lines": [38, 40, 76, 78, 135, 137, 152, 160, 170, 173, 183, 185, 239, 248, 250, 279], "excluded_lines": [], "start_line": 1, "executed_branches": [[37, 39], [39, 41], [43, 44], [43, 52], [49, 50], [49, 51], [75, 77], [77, 79], [130, 136], [136, 138], [150, 151], [159, 161], [169, 171], [172, 174], [182, 184], [184, 186], [228, 229], [228, 230], [238, 240], [247, 249], [249, 251], [278, 280]], "missing_branches": [[37, 38], [39, 40], [75, 76], [77, 78], [130, 135], [136, 137], [150, 152], [159, 160], [169, 170], [172, 173], [182, 183], [184, 185], [238, 239], [247, 248], [249, 250], [278, 279]]}}}, "src/nq_engine_a/receipt.py": {"executed_lines": [1, 3, 4, 5, 6, 7, 8, 9, 11, 12, 17, 19, 22, 26, 27, 28, 29, 30, 33, 34, 35, 36, 37, 38, 39, 40, 41, 42, 43, 44, 46, 47, 64, 65, 68, 71, 78, 79, 80, 81, 88, 89, 90, 93, 94, 108, 109, 110, 111, 114, 124, 125, 126, 127, 128, 129, 136, 137, 149, 150, 153, 157, 158, 159, 171, 172, 184], "summary": {"covered_lines": 67, "num_statements": 69, "percent_covered": 96.3855421686747, "percent_covered_display": "96", "missing_lines": 2, "excluded_lines": 0, "percent_statements_covered": 97.10144927536231, "percent_statements_covered_display": "97", "num_branches": 14, "num_partial_branches": 1, "covered_branches": 13, "missing_branches": 1, "percent_branches_covered": 92.85714285714286, "percent_branches_covered_display": "93"}, "missing_lines": [154, 155], "excluded_lines": [], "executed_branches": [[79, 80], [79, 81], [88, 89], [88, 90], [109, 110], [109, 111], [136, 137], [136, 149], [149, 150], [149, 171], [153, 157], [171, 172], [171, 184]], "missing_branches": [[153, 154]], "functions": {"EngineeringReceipt.to_dict": {"executed_lines": [47], "summary": {"covered_lines": 1, "num_statements": 1, "percent_covered": 100.0, "percent_covered_display": "100", "missing_lines": 0, "excluded_lines": 0, "percent_statements_covered": 100.0, "percent_statements_covered_display": "100", "num_branches": 0, "num_partial_branches": 0, "covered_branches": 0, "missing_branches": 0, "percent_branches_covered": 100.0, "percent_branches_covered_display": "100"}, "missing_lines": [], "excluded_lines": [], "start_line": 46, "executed_branches": [], "missing_branches": []}, "canonical_json_sha256": {"executed_lines": [65, 68], "summary": {"covered_lines": 2, "num_statements": 2, "percent_covered": 100.0, "percent_covered_display": "100", "missing_lines": 0, "excluded_lines": 0, "percent_statements_covered": 100.0, "percent_statements_covered_display": "100", "num_branches": 0, "num_partial_branches": 0, "covered_branches": 0, "missing_branches": 0, "percent_branches_covered": 100.0, "percent_branches_covered_display": "100"}, "missing_lines": [], "excluded_lines": [], "start_line": 64, "executed_branches": [], "missing_branches": []}, "factorization_input_payload": {"executed_lines": [78, 79, 80, 81, 88, 89, 90], "summary": {"covered_lines": 7, "num_statements": 7, "percent_covered": 100.0, "percent_covered_display": "100", "missing_lines": 0, "excluded_lines": 0, "percent_statements_covered": 100.0, "percent_statements_covered_display": "100", "num_branches": 4, "num_partial_branches": 0, "covered_branches": 4, "missing_branches": 0, "percent_branches_covered": 100.0, "percent_branches_covered_display": "100"}, "missing_lines": [], "excluded_lines": [], "start_line": 71, "executed_branches": [[79, 80], [79, 81], [88, 89], [88, 90]], "missing_branches": []}, "factorization_result_payload": {"executed_lines": [94], "summary": {"covered_lines": 1, "num_statements": 1, "percent_covered": 100.0, "percent_covered_display": "100", "missing_lines": 0, "excluded_lines": 0, "percent_statements_covered": 100.0, "percent_statements_covered_display": "100", "num_branches": 0, "num_partial_branches": 0, "covered_branches": 0, "missing_branches": 0, "percent_branches_covered": 100.0, "percent_branches_covered_display": "100"}, "missing_lines": [], "excluded_lines": [], "start_line": 93, "executed_branches": [], "missing_branches": []}, "_checked_digest": {"executed_lines": [109, 110, 111], "summary": {"covered_lines": 3, "num_statements": 3, "percent_covered": 100.0, "percent_covered_display": "100", "missing_lines": 0, "excluded_lines": 0, "percent_statements_covered": 100.0, "percent_statements_covered_display": "100", "num_branches": 2, "num_partial_branches": 0, "covered_branches": 2, "missing_branches": 0, "percent_branches_covered": 100.0, "percent_branches_covered_display": "100"}, "missing_lines": [], "excluded_lines": [], "start_line": 108, "executed_branches": [[109, 110], [109, 111]], "missing_branches": []}, "build_factorization_receipt": {"executed_lines": [124, 125, 126, 127, 128, 129, 136, 137, 149, 150, 153, 157, 158, 159, 171, 172, 184], "summary": {"covered_lines": 17, "num_statements": 19, "percent_covered": 88.88888888888889, "percent_covered_display": "89", "missing_lines": 2, "excluded_lines": 0, "percent_statements_covered": 89.47368421052632, "percent_statements_covered_display": "89", "num_branches": 8, "num_partial_branches": 1, "covered_branches": 7, "missing_branches": 1, "percent_branches_covered": 87.5, "percent_branches_covered_display": "88"}, "missing_lines": [154, 155], "excluded_lines": [], "start_line": 114, "executed_branches": [[136, 137], [136, 149], [149, 150], [149, 171], [153, 157], [171, 172], [171, 184]], "missing_branches": [[153, 154]]}, "": {"executed_lines": [1, 3, 4, 5, 6, 7, 8, 9, 11, 12, 17, 19, 22, 26, 27, 28, 29, 30, 33, 34, 35, 36, 37, 38, 39, 40, 41, 42, 43, 44, 46, 64, 71, 93, 108, 114], "summary": {"covered_lines": 36, "num_statements": 36, "percent_covered": 100.0, "percent_covered_display": "100", "missing_lines": 0, "excluded_lines": 0, "percent_statements_covered": 100.0, "percent_statements_covered_display": "100", "num_branches": 0, "num_partial_branches": 0, "covered_branches": 0, "missing_branches": 0, "percent_branches_covered": 100.0, "percent_branches_covered_display": "100"}, "missing_lines": [], "excluded_lines": [], "start_line": 1, "executed_branches": [], "missing_branches": []}}, "classes": {"ReceiptError": {"executed_lines": [], "summary": {"covered_lines": 0, "num_statements": 0, "percent_covered": 100.0, "percent_covered_display": "100", "missing_lines": 0, "excluded_lines": 0, "percent_statements_covered": 100.0, "percent_statements_covered_display": "100", "num_branches": 0, "num_partial_branches": 0, "covered_branches": 0, "missing_branches": 0, "percent_branches_covered": 100.0, "percent_branches_covered_display": "100"}, "missing_lines": [], "excluded_lines": [], "start_line": 22, "executed_branches": [], "missing_branches": []}, "ReceiptTerminal": {"executed_lines": [], "summary": {"covered_lines": 0, "num_statements": 0, "percent_covered": 100.0, "percent_covered_display": "100", "missing_lines": 0, "excluded_lines": 0, "percent_statements_covered": 100.0, "percent_statements_covered_display": "100", "num_branches": 0, "num_partial_branches": 0, "covered_branches": 0, "missing_branches": 0, "percent_branches_covered": 100.0, "percent_branches_covered_display": "100"}, "missing_lines": [], "excluded_lines": [], "start_line": 26, "executed_branches": [], "missing_branches": []}, "EngineeringReceipt": {"executed_lines": [47], "summary": {"covered_lines": 1, "num_statements": 1, "percent_covered": 100.0, "percent_covered_display": "100", "missing_lines": 0, "excluded_lines": 0, "percent_statements_covered": 100.0, "percent_statements_covered_display": "100", "num_branches": 0, "num_partial_branches": 0, "covered_branches": 0, "missing_branches": 0, "percent_branches_covered": 100.0, "percent_branches_covered_display": "100"}, "missing_lines": [], "excluded_lines": [], "start_line": 34, "executed_branches": [], "missing_branches": []}, "": {"executed_lines": [1, 3, 4, 5, 6, 7, 8, 9, 11, 12, 17, 19, 22, 26, 27, 28, 29, 30, 33, 34, 35, 36, 37, 38, 39, 40, 41, 42, 43, 44, 46, 64, 65, 68, 71, 78, 79, 80, 81, 88, 89, 90, 93, 94, 108, 109, 110, 111, 114, 124, 125, 126, 127, 128, 129, 136, 137, 149, 150, 153, 157, 158, 159, 171, 172, 184], "summary": {"covered_lines": 66, "num_statements": 68, "percent_covered": 96.34146341463415, "percent_covered_display": "96", "missing_lines": 2, "excluded_lines": 0, "percent_statements_covered": 97.05882352941177, "percent_statements_covered_display": "97", "num_branches": 14, "num_partial_branches": 1, "covered_branches": 13, "missing_branches": 1, "percent_branches_covered": 92.85714285714286, "percent_branches_covered_display": "93"}, "missing_lines": [154, 155], "excluded_lines": [], "start_line": 1, "executed_branches": [[79, 80], [79, 81], [88, 89], [88, 90], [109, 110], [109, 111], [136, 137], [136, 149], [149, 150], [149, 171], [153, 157], [171, 172], [171, 184]], "missing_branches": [[153, 154]]}}}}, "totals": {"covered_lines": 1193, "num_statements": 1261, "percent_covered": 92.63631253513209, "percent_covered_display": "93", "missing_lines": 68, "excluded_lines": 0, "percent_statements_covered": 94.60745440126884, "percent_statements_covered_display": "95", "num_branches": 518, "num_partial_branches": 63, "covered_branches": 455, "missing_branches": 63, "percent_branches_covered": 87.83783783783784, "percent_branches_covered_display": "88"}}