<?xml version="1.0" encoding="utf-8"?><testsuites name="pytest tests"><testsuite name="pytest" errors="0" failures="0" skipped="11" tests="3846" time="2121.334" timestamp="2026-08-21T07:44:06.975654+00:00" hostname="vm"><testcase classname="" name="tests.test_p1_figure_pipeline" time="0.000"><skipped message="collection skipped">('/home/user/ORION/tests/test_p1_figure_pipeline.py', 20, "Skipped: could not import 'matplotlib': No module named 'matplotlib'")</skipped></testcase><testcase classname="" name="tests.unit.p2.test_p2_figure_provenance" time="0.000"><skipped message="collection skipped">('/home/user/ORION/tests/unit/p2/test_p2_figure_provenance.py', 33, 'Skipped: the figure check renders a PDF')</skipped></testcase><testcase classname="" name="tests.unit.publication.test_ci_split_is_a_partition" time="0.000"><skipped message="collection skipped">('/home/user/ORION/tests/unit/publication/test_ci_split_is_a_partition.py', 26, 'Skipped: PyYAML is needed to read the workflow')</skipped></testcase><testcase classname="tests.integration.test_known_world_solver" name="test_solver_discovers_missing_domain_reframes_and_saturates" time="0.006" /><testcase classname="tests.integration.test_known_world_solver" name="test_solver_refuses_final_answer_when_search_basis_not_challenged" time="0.003" /><testcase classname="tests.integration.test_protected_kernel_lifecycle" name="test_protected_answer_commit_replay_and_reopen_are_one_append_only_lifecycle" time="0.053" /><testcase classname="tests.integration.test_repo_answer_records" name="test_committed_answers_never_close_a_question_by_themselves" time="0.063" /><testcase classname="tests.integration.test_repo_answer_records" name="test_committed_answers_target_live_mechanics" time="0.033" /><testcase classname="tests.integration.test_repo_answer_records" name="test_every_committed_citation_resolves_where_its_root_is_available" time="0.003" /><testcase classname="tests.integration.test_repo_answer_records" name="test_committed_answers_reach_evidence_bound_when_roots_are_available" time="0.000" /><testcase classname="tests.test_copilot_cli_phase2_providers" name="test_copilot_reasoner_is_prompt_only_and_token_free" time="0.001" /><testcase classname="tests.test_copilot_cli_phase2_providers" name="test_copilot_verifier_binds_request_artifact_epoch_and_certificate" time="0.001" /><testcase classname="tests.test_copilot_cli_phase2_providers" name="test_copilot_verifier_fails_closed_on_forged_binding" time="0.001" /><testcase classname="tests.test_copilot_cli_phase2_providers" name="test_copilot_verifier_never_calls_model_for_unbound_evidence" time="0.000" /><testcase classname="tests.test_copilot_cli_phase2_providers" name="test_copilot_stack_requires_distinct_reasoner_and_evaluator_models" time="0.000" /><testcase classname="tests.test_copilot_cli_phase2_providers" name="test_copilot_stack_requires_distinct_model_families" time="0.000" /><testcase classname="tests.test_copilot_cli_phase2_providers" name="test_copilot_provider_manifest_excludes_token" time="0.001" /><testcase classname="tests.test_copilot_cli_phase2_providers" name="test_model_probe_freezes_first_available_distinct_family_pair" time="0.001" /><testcase classname="tests.test_copilot_cli_phase2_providers" name="test_model_probe_cannot_use_same_family_as_protected_evaluator" time="0.002" /><testcase classname="tests.test_copilot_cli_phase2_providers" name="test_probe_candidates_exclude_failed_historical_guesses" time="0.000" /><testcase classname="tests.test_copilot_cli_phase2_providers" name="test_auto_stack_uses_copilot_only_when_private_lane_fully_absent" time="0.001" /><testcase classname="tests.test_copilot_cli_phase2_providers" name="test_auto_stack_rejects_partial_private_configuration" time="0.001" /><testcase classname="tests.test_journal_protocol_assets" name="test_common_protocol_schemas_are_json" time="0.000" /><testcase classname="tests.test_journal_protocol_assets" name="test_all_five_protocols_are_outcome_blind_prospective_freezes" time="0.001" /><testcase classname="tests.test_journal_protocol_assets" name="test_execution_frozen_protocol_must_bind_every_identity" time="0.001" /><testcase classname="tests.test_journal_protocol_assets" name="test_p3_annotation_and_p4_p5_protected_schemas_parse" time="0.001" /><testcase classname="tests.test_journal_protocol_assets" name="test_publication_stats_wilson_and_precision" time="0.000" /><testcase classname="tests.test_journal_protocol_assets" name="test_publication_stats_paired_bootstrap_is_deterministic" time="0.016" /><testcase classname="tests.test_journal_protocol_assets" name="test_dependency_free_svg_builders_emit_real_svg" time="0.001" /><testcase classname="tests.test_p1_p3_structure_extension" name="test_valid_round_trip_and_complete_no_alarm" time="0.001" /><testcase classname="tests.test_p1_p3_structure_extension" name="test_unknown_is_explicit_not_fabricated" time="0.001" /><testcase classname="tests.test_p1_p3_structure_extension" name="test_dependency_corruption_detected_even_when_transcript_unchanged" time="0.001" /><testcase classname="tests.test_p1_p3_structure_extension" name="test_invariant_and_reconstruction_corruptions_change_material_structure" time="0.001" /><testcase classname="tests.test_p1_p3_structure_extension" name="test_precondition_swap_and_failure_collapse_are_detected" time="0.001" /><testcase classname="tests.test_p1_p3_structure_extension" name="test_lineage_deletion_and_authority_widening_are_detected" time="0.002" /><testcase classname="tests.test_p1_p3_structure_extension" name="test_digest_tamper_fails_closed" time="0.001" /><testcase classname="tests.test_p1_p3_structure_extension" name="test_claim_relative_substitution_and_unresolved" time="0.002" /><testcase classname="tests.test_p1_p3_structure_extension" name="test_p3_different_terms_same_source_local_structure_can_align_without_claiming_fibre" time="0.002" /><testcase classname="tests.test_p1_p3_structure_extension" name="test_p3_same_topology_incompatible_assumption_yields_obstruction" time="0.002" /><testcase classname="tests.test_p1_p3_structure_extension" name="test_p3_same_result_different_reconstruction_yields_obstruction" time="0.001" /><testcase classname="tests.test_p1_p3_structure_extension" name="test_p3_missing_rationale_stays_source_local_unknown_not_inferred_fact" time="0.002" /><testcase classname="tests.test_p1_p3_structure_extension" name="test_projection_requires_source_span_and_preserves_source_identity" time="0.002" /><testcase classname="tests.test_p1_p3_structure_pilot" name="test_frozen_structure_pilot_replays_exactly" time="0.016" /><testcase classname="tests.test_p2_structural_pilot" name="test_historical_panel_is_pretransfer_and_source_bound" time="0.001" /><testcase classname="tests.test_p2_structural_pilot" name="test_frozen_historical_pilot_reproduces_narrowed_summary" time="0.005" /><testcase classname="tests.test_p2_structure_claim_boundary" name="test_structural_extension_does_not_rewrite_current_submission_claim" time="0.000" /><testcase classname="tests.test_p2_structure_extension" name="test_valid_different_domain_candidate_is_candidate_only" time="0.001" /><testcase classname="tests.test_p2_structure_extension" name="test_same_surface_shape_with_incompatible_assumption_is_obstruction" time="0.001" /><testcase classname="tests.test_p2_structure_extension" name="test_missing_reconstruction_is_acquisition_unknown_not_candidate" time="0.000" /><testcase classname="tests.test_p2_structure_extension" name="test_missing_provenance_is_acquisition_unknown" time="0.000" /><testcase classname="tests.test_p2_structure_extension" name="test_structural_route_derives_from_bound_need_and_cannot_close_task" time="0.001" /><testcase classname="tests.test_p2_structure_extension" name="test_route_label_does_not_create_earned_independence" time="0.001" /><testcase classname="tests.test_p2_structure_extension" name="test_earned_independence_requires_backend_derivation_and_capture_difference" time="0.001" /><testcase classname="tests.test_p2_structure_extension" name="test_unavailable_structural_route_remains_task_open" time="0.001" /><testcase classname="tests.test_p2_structure_extension" name="test_exhausted_method_family_cannot_become_task_stop" time="0.000" /><testcase classname="tests.test_p2_structure_extension" name="test_structural_route_is_content_bound_to_source_signature" time="0.001" /><testcase classname="tests.test_p2_structure_extension" name="test_random_semantic_distance_has_no_privileged_status" time="0.000" /><testcase classname="tests.test_p2_structure_extension" name="test_mapping_adapter_preserves_unknowns_instead_of_inventing_coordinates" time="0.000" /><testcase classname="tests.test_p4_method_authority_bench" name="test_method_authority_bench_reproduces_frozen_summary" time="0.006" /><testcase classname="tests.test_p4_method_authority_bench" name="test_benchmark_contains_required_hostile_and_clean_families" time="0.000" /><testcase classname="tests.test_p4_method_authority_claim_boundary" name="test_method_authority_extension_does_not_rewrite_current_p4_submission" time="0.000" /><testcase classname="tests.test_p4_method_authority_extension" name="test_clean_transfer_has_separate_coordinate_authority_and_no_adoption" time="0.001" /><testcase classname="tests.test_p4_method_authority_extension" name="test_useful_known_donor_can_be_valid_but_not_novel" time="0.001" /><testcase classname="tests.test_p4_method_authority_extension" name="test_erased_donor_assumption_blocks_applicability_and_transfer" time="0.001" /><testcase classname="tests.test_p4_method_authority_extension" name="test_invalid_reconstruction_blocks_validity_and_transfer" time="0.001" /><testcase classname="tests.test_p4_method_authority_extension" name="test_visible_success_cannot_override_protected_failure" time="0.001" /><testcase classname="tests.test_p4_method_authority_extension" name="test_missing_protected_evidence_is_cannot_check_even_with_visible_success" time="0.001" /><testcase classname="tests.test_p4_method_authority_extension" name="test_evaluator_feedback_leakage_blocks_validity_and_utility" time="0.001" /><testcase classname="tests.test_p4_method_authority_extension" name="test_known_composition_cannot_be_laundered_into_new_primitive" time="0.001" /><testcase classname="tests.test_p4_method_authority_extension" name="test_semantic_distance_or_generation_cannot_replace_novelty_search" time="0.001" /><testcase classname="tests.test_p4_method_authority_extension" name="test_wrong_source_lineage_blocks_transfer_without_erasing_other_coordinates" time="0.001" /><testcase classname="tests.test_p4_method_authority_extension" name="test_receipt_is_content_bound_and_tampering_is_detected" time="0.001" /><testcase classname="tests.test_p4_method_authority_extension" name="test_record_is_content_bound_and_cannot_be_scalarized_into_adoption" time="0.001" /><testcase classname="tests.test_p4_method_authority_extension" name="test_empty_required_coordinate_set_is_rejected" time="0.001" /><testcase classname="tests.test_p4_method_authority_lineage" name="test_multi_donor_ids_keep_their_own_digests_when_canonicalized" time="0.001" /><testcase classname="tests.test_p5_attribution_receipt" name="test_raw_records_reproduce_21_of_24_and_preserve_three_errors" time="0.001" /><testcase classname="tests.test_p5_attribution_receipt" name="test_historical_buggy_report_is_preserved_byte_exact" time="0.000" /><testcase classname="tests.test_p5_attribution_receipt" name="test_false_positive_changes_f1_even_when_recall_stays_perfect" time="0.000" /><testcase classname="tests.test_p5_attribution_receipt" name="test_reproduction_receipt_and_table_are_content_addressed" time="0.002" /><testcase classname="tests.test_p5_attribution_tables" name="test_raw_jsonl_is_21_of_24_with_three_named_errors" time="0.001" /><testcase classname="tests.test_p5_attribution_tables" name="test_twenty_four_of_twenty_four_is_refused" time="0.001" /><testcase classname="tests.test_p5_attribution_tables" name="test_dropping_a_residual_error_is_refused" time="0.001" /><testcase classname="tests.test_p5_attribution_tables" name="test_generate_populates_p5_3_and_leaves_campaign_tables_cannot_check" time="0.004" /><testcase classname="tests.test_p5_attribution_tables" name="test_cli_verifies_frozen_archive" time="0.004" /><testcase classname="tests.test_p5_attribution_tables" name="test_cli_refuses_relabeled_successes" time="0.002" /><testcase classname="tests.test_p5_attribution_tables" name="test_claim_ledger_preserves_21_of_24_and_cannot_check_h1" time="0.001" /><testcase classname="tests.test_p5_attribution_tables" name="test_manuscript_does_not_claim_stale_perfect_score" time="0.001" /><testcase classname="tests.test_p5_causal_discriminators" name="test_three_error_discriminators_are_frozen_before_repair" time="0.000" /><testcase classname="tests.test_p5_causal_discriminators" name="test_discriminator_freeze_rejects_method_change_license" time="0.000" /><testcase classname="tests.test_p5_causal_repair_v2" name="test_causal_repair_protocol_is_additive_and_does_not_rewrite_v1_or_v2" time="0.001" /><testcase classname="tests.test_p5_causal_repair_v2" name="test_greedy_replay_only_must_not_promote" time="0.000" /><testcase classname="tests.test_p5_causal_repair_v2" name="test_missing_fresh_transfer_blocks" time="0.000" /><testcase classname="tests.test_p5_causal_repair_v2" name="test_negative_history_recurrence_blocks_repeat_harmful_fingerprint" time="0.000" /><testcase classname="tests.test_p5_causal_repair_v2" name="test_replay_gain_cannot_compensate_fresh_harm" time="0.000" /><testcase classname="tests.test_p5_causal_repair_v2" name="test_method_basis_change_without_ruling_out_lower_causes_is_blocked" time="0.000" /><testcase classname="tests.test_p5_causal_repair_v2" name="test_complete_protected_cycle_only_recommends_host_promotion" time="0.000" /><testcase classname="tests.test_p5_causal_repair_v2" name="test_live_campaign_without_credentials_is_cannot_check" time="0.000" /><testcase classname="tests.test_p5_causal_repair_v2" name="test_unbound_fresh_split_identities_remain_cannot_check_until_host_freeze" time="0.001" /><testcase classname="tests.test_p5_freeze_cli_custody" name="test_candidate_output_cannot_alias_protected_input" time="0.001" /><testcase classname="tests.test_p5_freeze_cli_custody" name="test_candidate_and_commitment_cannot_alias_each_other" time="0.001" /><testcase classname="tests.test_p5_freeze_cli_custody" name="test_existing_output_is_never_overwritten_and_other_reservation_rolls_back" time="0.001" /><testcase classname="tests.test_p5_freeze_cli_custody" name="test_output_symlink_is_not_followed" time="0.001" /><testcase classname="tests.test_p5_freeze_cli_custody" name="test_output_parent_symlink_is_not_traversed" time="0.001" /><testcase classname="tests.test_p5_freeze_cli_custody" name="test_protected_input_symlink_is_not_followed" time="0.001" /><testcase classname="tests.test_p5_freeze_cli_custody" name="test_happy_path_creates_nested_outputs_once_with_expected_payloads" time="0.003" /><testcase classname="tests.test_p5_freeze_cli_custody" name="test_missing_secure_descriptor_operations_fail_closed" time="0.001" /><testcase classname="tests.test_p5_freeze_entrypoints" name="test_every_p5_freeze_entrypoint_rejects_input_output_aliasing[main0]" time="0.001" /><testcase classname="tests.test_p5_freeze_entrypoints" name="test_every_p5_freeze_entrypoint_rejects_input_output_aliasing[main1]" time="0.001" /><testcase classname="tests.test_p5_freeze_entrypoints" name="test_every_p5_freeze_entrypoint_rejects_symlinked_protected_input[main0]" time="0.002" /><testcase classname="tests.test_p5_freeze_entrypoints" name="test_every_p5_freeze_entrypoint_rejects_symlinked_protected_input[main1]" time="0.001" /><testcase classname="tests.test_p5_fresh_transfer_campaign_preflight" name="test_merged_attribution_archive_is_21_of_24_with_three_immutable_errors" time="0.001" /><testcase classname="tests.test_p5_fresh_transfer_campaign_preflight" name="test_laundering_24_of_24_is_rejected" time="0.002" /><testcase classname="tests.test_p5_fresh_transfer_campaign_preflight" name="test_fail_closed_discriminator_agrees_with_the_p0_probe" time="0.000" /><testcase classname="tests.test_p5_fresh_transfer_campaign_preflight" name="test_published_issue8_packet_is_not_the_in_source_execution_registry" time="0.000" /><testcase classname="tests.test_p5_fresh_transfer_campaign_preflight" name="test_inspected_repository_binding_refuses_unbound_execution" time="0.001" /><testcase classname="tests.test_p5_fresh_transfer_campaign_preflight" name="test_three_arbitrary_hashes_do_not_authorize_this_campaign" time="0.001" /><testcase classname="tests.test_p5_fresh_transfer_campaign_preflight" name="test_task_id_divergence_blocks_and_names_both_registries" time="0.000" /><testcase classname="tests.test_p5_fresh_transfer_campaign_preflight" name="test_missing_credentials_are_named_without_values" time="0.000" /><testcase classname="tests.test_p5_fresh_transfer_campaign_preflight" name="test_erasing_immutable_errors_blocks_the_campaign" time="0.000" /><testcase classname="tests.test_p5_fresh_transfer_campaign_preflight" name="test_no_alarm_a_genuinely_bound_preflight_reaches_ready_without_promoting" time="0.000" /><testcase classname="tests.test_p5_fresh_transfer_campaign_preflight" name="test_checkbox_audit_ticks_only_verified_items_and_preserves_cannot_check" time="0.001" /><testcase classname="tests.test_p5_fresh_transfer_campaign_preflight" name="test_committed_checkbox_audit_matches_the_live_auditor" time="0.001" /><testcase classname="tests.test_p5_fresh_transfer_campaign_preflight" name="test_cli_refuses_unbound_repository_and_does_not_print_secrets" time="0.003" /><testcase classname="tests.test_p5_hidden_cause_freeze" name="test_uppercase_digest_is_rejected_as_noncanonical" time="0.000" /><testcase classname="tests.test_p5_hidden_cause_freeze" name="test_freeze_covers_all_families_and_emits_content_bound_artifacts" time="0.002" /><testcase classname="tests.test_p5_hidden_cause_freeze" name="test_candidate_packet_does_not_leak_protected_truth_fresh_payloads_or_rubrics" time="0.002" /><testcase classname="tests.test_p5_hidden_cause_freeze" name="test_root_commitment_is_not_dictionary_hash_of_eight_public_labels" time="0.002" /><testcase classname="tests.test_p5_hidden_cause_freeze" name="test_commitment_manifest_does_not_publish_unsalted_private_content_hashes" time="0.002" /><testcase classname="tests.test_p5_hidden_cause_freeze" name="test_fresh_payload_mutation_fails_closed" time="0.001" /><testcase classname="tests.test_p5_hidden_cause_freeze" name="test_fresh_transfer_requires_independent_task_domain_model_or_environment_axis" time="0.001" /><testcase classname="tests.test_p5_hidden_cause_freeze" name="test_fresh_ids_cannot_overlap_motivating_or_replay_ids" time="0.000" /><testcase classname="tests.test_p5_hidden_cause_freeze" name="test_fresh_ids_cannot_overlap_nonfresh_ids_in_other_cases" time="0.001" /><testcase classname="tests.test_p5_hidden_cause_freeze" name="test_missing_root_cause_family_fails_closed" time="0.001" /><testcase classname="tests.test_p5_hidden_cause_freeze" name="test_negative_variant_must_be_retained_and_referenced" time="0.001" /><testcase classname="tests.test_p5_hidden_cause_freeze" name="test_nonce_reuse_fails_closed" time="0.001" /><testcase classname="tests.test_p5_hidden_cause_freeze" name="test_allowed_and_protected_write_surfaces_cannot_overlap" time="0.001" /><testcase classname="tests.test_p5_hidden_cause_freeze" name="test_cross_case_write_surface_overlap_fails_closed" time="0.001" /><testcase classname="tests.test_p5_hidden_cause_freeze" name="test_parent_child_write_surface_overlap_fails_closed" time="0.000" /><testcase classname="tests.test_p5_hidden_cause_freeze" name="test_write_surface_path_traversal_fails_closed" time="0.000" /><testcase classname="tests.test_p5_hidden_cause_freeze" name="test_freeze_is_deterministic_for_semantically_identical_json_key_order" time="0.003" /><testcase classname="tests.test_p5_hidden_cause_freeze" name="test_cli_writes_only_candidate_and_commitment_outputs" time="0.005" /><testcase classname="tests.test_p5_negative_history_chain" name="test_exact_host_selected_chain_and_final_tip_verify" time="0.001" /><testcase classname="tests.test_p5_negative_history_chain" name="test_arbitrary_syntactic_final_hash_is_rejected" time="0.001" /><testcase classname="tests.test_p5_negative_history_chain" name="test_deletion_and_truncation_are_rejected_even_after_chain_recompute" time="0.001" /><testcase classname="tests.test_p5_negative_history_chain" name="test_reordering_is_rejected_by_host_selected_document_hash" time="0.001" /><testcase classname="tests.test_p5_negative_history_chain" name="test_link_fork_or_substitution_is_rejected" time="0.001" /><testcase classname="tests.test_p5_negative_history_chain" name="test_stale_root_replay_is_rejected" time="0.001" /><testcase classname="tests.test_p5_negative_history_chain" name="test_record_digest_substitution_is_rejected_without_rewriting_host_chain" time="0.001" /><testcase classname="tests.test_p5_negative_history_chain" name="test_chain_document_is_non_authorizing_by_construction" time="0.000" /><testcase classname="tests.test_p5_phase2_live_workflow" name="test_live_phase2_workflow_is_main_push_only" time="0.000" /><testcase classname="tests.test_p5_phase2_live_workflow" name="test_live_phase2_workflow_has_minimum_copilot_permission" time="0.000" /><testcase classname="tests.test_p5_phase2_live_workflow" name="test_live_phase2_workflow_probes_models_before_subject_and_study_execution" time="0.000" /><testcase classname="tests.test_p5_phase2_live_workflow" name="test_live_phase2_workflow_uses_canonical_frozen_identities" time="0.000" /><testcase classname="tests.test_p5_phase2_live_workflow" name="test_live_phase2_workflow_persists_replayable_binding_before_run" time="0.000" /><testcase classname="tests.test_p5_phase2_live_workflow" name="test_live_phase2_workflow_rejects_partial_private_lane_and_records_provider_identities" time="0.000" /><testcase classname="tests.test_p5_phase2_live_workflow" name="test_live_phase2_workflow_is_secret_safe_and_non_promoting" time="0.000" /><testcase classname="tests.test_p5_phase2_live_workflow" name="test_live_phase2_trigger_documents_issue_chain_and_authority_boundary" time="0.000" /><testcase classname="tests.test_p5_protocol_v2" name="test_v1_is_not_rewritten_by_v2_freeze" time="0.000" /><testcase classname="tests.test_p5_protocol_v2" name="test_pace_is_adapted_not_claimed_as_novel" time="0.000" /><testcase classname="tests.test_p5_protocol_v2" name="test_frozen_stage_order_matches_runtime_gate" time="0.000" /><testcase classname="tests.test_p5_protocol_v2" name="test_all_stage_passes_only_recommend_host_promotion" time="0.001" /><testcase classname="tests.test_p5_protocol_v2" name="test_replay_gain_cannot_compensate_fresh_harm" time="0.001" /><testcase classname="tests.test_p5_protocol_v2" name="test_out_of_order_known_harm_vetoes_even_with_missing_earlier_stage" time="0.000" /><testcase classname="tests.test_p5_protocol_v2" name="test_protected_cannot_check_blocks_after_earlier_success" time="0.001" /><testcase classname="tests.test_p5_protocol_v2" name="test_late_pass_without_earlier_stages_never_promotes" time="0.000" /><testcase classname="tests.test_p5_protocol_v2" name="test_negative_history_is_append_only_at_public_surface" time="0.001" /><testcase classname="tests.test_p5_protocol_v2" name="test_v2_controls_baselines_metrics_and_margins_are_frozen" time="0.000" /><testcase classname="tests.test_p5_protocol_v2" name="test_execution_bindings_remain_unbound_before_external_freeze" time="0.000" /><testcase classname="tests.test_p5_v2_evidence" name="test_valid_run_manifest_binds_protocol_and_execution_identities" time="0.001" /><testcase classname="tests.test_p5_v2_evidence" name="test_manifest_rejects_missing_split_and_unbound_identity" time="0.001" /><testcase classname="tests.test_p5_v2_evidence" name="test_manifest_rejects_custody_collapse_and_unmatched_resources" time="0.001" /><testcase classname="tests.test_p5_v2_evidence" name="test_manifest_rejects_optional_stopping_without_anytime_valid_rule" time="0.001" /><testcase classname="tests.test_p5_v2_evidence" name="test_manifest_requires_every_frozen_arm_and_mandatory_baseline" time="0.001" /><testcase classname="tests.test_p5_v2_evidence" name="test_final_archive_is_content_bound_and_complete" time="0.030" /><testcase classname="tests.test_p5_v2_evidence" name="test_archive_rejects_result_binding_mismatch" time="0.029" /><testcase classname="tests.test_p5_v2_evidence" name="test_v2_decision_must_match_non_compensatory_gate" time="0.029" /><testcase classname="tests.test_p5_v2_evidence" name="test_baseline_false_acceptance_is_measured_not_dropped" time="0.029" /><testcase classname="tests.test_p5_v2_evidence" name="test_final_archive_rejects_coverage_drop" time="0.029" /><testcase classname="tests.test_p5_v2_evidence" name="test_accepted_candidate_requires_fresh_and_protected_audit" time="0.029" /><testcase classname="tests.test_p5_v2_evidence" name="test_machine_readable_v2_evidence_schemas_are_bound" time="0.000" /><testcase classname="tests.test_p5_v2_evidence" name="test_v2_acceptance_requires_frozen_stage_chronology" time="0.028" /><testcase classname="tests.test_p5_v2_evidence" name="test_decision_artifact_hash_is_content_bound" time="0.030" /><testcase classname="tests.test_p5_v2_evidence" name="test_valid_archive_has_stable_content_digest" time="0.035" /><testcase classname="tests.test_p5_v2_evidence_fail_closed" name="test_negative_cost_is_invalid_without_crashing_validator" time="0.028" /><testcase classname="tests.test_p5_v2_evidence_fail_closed" name="test_invalid_manifest_report_keeps_explicit_non_authority_marker" time="0.024" /><testcase classname="tests.test_p5_v2_evidence_fail_closed" name="test_boolean_seed_is_rejected_in_manifest_and_archive_identity" time="0.028" /><testcase classname="tests.test_p5_v2_evidence_fail_closed" name="test_early_reject_may_retain_later_hostile_stage_evidence" time="0.028" /><testcase classname="tests.test_p6_epistemic_computation" name="test_mandatory_verification_precedes_high_value_optional_reasoning" time="0.001" /><testcase classname="tests.test_p6_epistemic_computation" name="test_optional_action_cannot_compensate_uncovered_hard_obligation" time="0.001" /><testcase classname="tests.test_p6_epistemic_computation" name="test_unresolved_action_for_only_hard_obligation_keeps_selection_unresolved" time="0.001" /><testcase classname="tests.test_p6_epistemic_computation" name="test_equal_positive_net_actions_remain_multiple_optima" time="0.001" /><testcase classname="tests.test_p6_epistemic_computation" name="test_nonmandatory_nonpositive_actions_stop_local_computation" time="0.001" /><testcase classname="tests.test_p6_epistemic_computation" name="test_missing_authority_blocks_computation_action" time="0.000" /><testcase classname="tests.test_p6_epistemic_responsibility" name="test_identical_predictions_remain_ambiguous" time="0.001" /><testcase classname="tests.test_p6_epistemic_responsibility" name="test_discriminator_can_identify_one_survivor" time="0.001" /><testcase classname="tests.test_p6_epistemic_responsibility" name="test_missing_required_discriminator_remains_unresolved" time="0.000" /><testcase classname="tests.test_p6_epistemic_responsibility" name="test_all_hypotheses_can_be_defeated_without_forced_revision" time="0.001" /><testcase classname="tests.test_p6_epistemic_responsibility" name="test_duplicate_ids_and_cross_claim_mixtures_are_rejected" time="0.001" /><testcase classname="tests.test_p6_epistemic_responsibility" name="test_unregistered_observation_does_not_create_authority" time="0.000" /><testcase classname="tests.test_p6_interface_adequacy" name="test_required_failure_requires_narrow_interface_repair" time="0.000" /><testcase classname="tests.test_p6_interface_adequacy" name="test_all_required_checks_pass_is_adequate_but_non_authorizing" time="0.000" /><testcase classname="tests.test_p6_interface_adequacy" name="test_unresolved_required_check_keeps_interface_unresolved" time="0.001" /><testcase classname="tests.test_p6_interface_adequacy" name="test_advisory_pass_cannot_compensate_required_failure" time="0.000" /><testcase classname="tests.test_p6_interface_adequacy" name="test_failure_has_precedence_but_unresolved_coordinates_are_preserved" time="0.001" /><testcase classname="tests.test_p6_interface_adequacy" name="test_duplicate_check_identity_is_rejected" time="0.000" /><testcase classname="tests.test_p6_issue417_completion" name="test_p1_adapter_is_version_gated_and_preserves_context" time="0.001" /><testcase classname="tests.test_p6_issue417_completion" name="test_adapter_rejects_missing_mandatory_identity_or_lineage" time="0.000" /><testcase classname="tests.test_p6_issue417_completion" name="test_reduction_procedure_binds_transformations_normalizations_and_context_partition" time="0.003" /><testcase classname="tests.test_p6_issue417_completion" name="test_signature_contract_binds_provenance_load_bearing_and_equivalence_obligations" time="0.002" /><testcase classname="tests.test_p6_issue417_completion" name="test_fibre_lineage_is_recoverable_from_member_digest" time="0.003" /><testcase classname="tests.test_p6_issue417_completion" name="test_compatible_substitution_is_explicit_and_non_authorizing" time="0.003" /><testcase classname="tests.test_p6_issue417_completion" name="test_structural_preorder_is_reflexive_transitive_on_supported_examples_but_not_membership" time="0.000" /><testcase classname="tests.test_p6_issue417_completion" name="test_composition_outcome_distinguishes_same_fibre_from_new_signature_and_failure" time="0.000" /><testcase classname="tests.test_p6_issue417_completion" name="test_representation_project_requires_reconstruction" time="0.000" /><testcase classname="tests.test_p6_issue417_operators" name="test_conditional_composition_requires_right_preconditions" time="0.000" /><testcase classname="tests.test_p6_issue417_operators" name="test_generalization_is_directional_and_not_equivalence" time="0.000" /><testcase classname="tests.test_p6_method_fibre_bench" name="test_frozen_summary_rederives_exactly" time="0.003" /><testcase classname="tests.test_p6_method_fibre_eval_v2" name="test_frozen_p6_eval_v2_replays_exactly" time="0.011" /><testcase classname="tests.test_p6_method_fibre_eval_v2" name="test_bound_receipt_cannot_be_replayed_against_another_realization" time="0.001" /><testcase classname="tests.test_p6_method_fibre_eval_v2" name="test_bound_fibre_rejects_cross_signature_or_tampered_receipt" time="0.002" /><testcase classname="tests.test_p6_method_fibre_extension" name="test_claim_relative_digest_and_no_authority" time="0.001" /><testcase classname="tests.test_p6_method_fibre_extension" name="test_surface_same_different_precondition_blocked" time="0.001" /><testcase classname="tests.test_p6_method_fibre_extension" name="test_one_panel_is_unresolved" time="0.001" /><testcase classname="tests.test_p6_method_fibre_extension" name="test_load_bearing_erasure_needs_evidence" time="0.001" /><testcase classname="tests.test_p6_method_fibre_extension" name="test_unknown_preserved_stays_unresolved" time="0.001" /><testcase classname="tests.test_p6_method_fibre_extension" name="test_fibre_retains_members_and_unknowns" time="0.002" /><testcase classname="tests.test_p6_method_fibre_extension" name="test_composition_traps_and_clean_case" time="0.000" /><testcase classname="tests.test_p6_method_fibre_extension" name="test_direction_and_reconstruction" time="0.000" /><testcase classname="tests.test_p6_social_evidence" name="test_different_agents_with_shared_upstream_source_are_correlated" time="0.001" /><testcase classname="tests.test_p6_social_evidence" name="test_disjoint_registered_provenance_can_be_bounded_independent" time="0.001" /><testcase classname="tests.test_p6_social_evidence" name="test_missing_provenance_or_unresolved_truthfulness_stays_unresolved" time="0.001" /><testcase classname="tests.test_p6_social_evidence" name="test_violated_truthfulness_is_unreliable_even_with_disjoint_sources" time="0.001" /><testcase classname="tests.test_p6_social_evidence" name="test_hidden_possible_contributor_prevents_exclusive_credit" time="0.000" /><testcase classname="tests.test_p6_social_evidence" name="test_multiple_observed_contributors_are_shared" time="0.001" /><testcase classname="tests.test_p6_social_evidence" name="test_one_observed_and_all_others_absent_supports_bounded_exclusive_credit" time="0.001" /><testcase classname="tests.test_p6_social_evidence" name="test_cross_claim_social_reports_are_rejected" time="0.000" /><testcase classname="tests.test_p6_successor_countermodel_runner" name="test_frozen_countermodel_summary_is_exactly_rederived" time="0.004" /><testcase classname="tests.test_p6_successor_countermodel_runner" name="test_countermodel_terminal_is_non_authorizing" time="0.000" /><testcase classname="tests.test_p6_successor_higher_order_mechanics" name="test_narrower_revision_is_unique_minimum_when_both_are_admissible" time="0.001" /><testcase classname="tests.test_p6_successor_higher_order_mechanics" name="test_incomparable_minimal_revisions_are_not_arbitrarily_selected" time="0.001" /><testcase classname="tests.test_p6_successor_higher_order_mechanics" name="test_narrower_unresolved_candidate_blocks_broader_admissible_promotion" time="0.001" /><testcase classname="tests.test_p6_successor_higher_order_mechanics" name="test_violated_hard_requirement_blocks_and_unknown_requirement_stays_unresolved" time="0.001" /><testcase classname="tests.test_p6_successor_higher_order_mechanics" name="test_missing_authority_blocks_regardless_of_cost_or_other_evidence" time="0.000" /><testcase classname="tests.test_p6_successor_higher_order_mechanics" name="test_forbidden_write_blocks_even_when_all_obligations_pass" time="0.000" /><testcase classname="tests.test_p6_successor_higher_order_mechanics" name="test_cost_does_not_define_invasiveness" time="0.000" /><testcase classname="tests.test_p6_successor_higher_order_mechanics" name="test_cross_claim_mechanics_are_not_ordered" time="0.001" /><testcase classname="tests.test_p6_successor_higher_order_mechanics" name="test_digest_tampering_and_self_authorization_are_rejected" time="0.001" /><testcase classname="tests.test_p6_successor_higher_order_mechanics" name="test_missing_obligation_state_fails_closed_to_unresolved" time="0.001" /><testcase classname="tests.test_p6_t2_t3_countermodel_runner" name="test_t2_t3_countermodels_rederive_frozen_summary_exactly" time="0.006" /><testcase classname="tests.test_p6_t4_t6_countermodel_runner" name="test_t4_t6_countermodels_rederive_frozen_summary_exactly" time="0.005" /><testcase classname="tests.test_p6_uncertainty_containment" name="test_supported_context_is_in_scope_but_not_truth_certificate" time="0.001" /><testcase classname="tests.test_p6_uncertainty_containment" name="test_invalid_context_is_blocked" time="0.000" /><testcase classname="tests.test_p6_uncertainty_containment" name="test_unresolved_and_unregistered_contexts_fail_closed" time="0.001" /><testcase classname="tests.test_p6_uncertainty_containment" name="test_successor_envelope_links_parent_without_mutating_parent" time="0.000" /><testcase classname="tests.test_p6_uncertainty_containment" name="test_duplicate_context_entries_are_rejected" time="0.000" /><testcase classname="tests.test_p7_method_space_bench" name="test_method_space_bench_receipt_is_bound_and_narrowed" time="0.004" /><testcase classname="tests.test_p7_method_space_eval_v2" name="test_method_space_eval_v2_replays_and_stays_bounded" time="0.003" /><testcase classname="tests.test_p7_method_space_extension" name="test_local_stops_remain_open" time="0.001" /><testcase classname="tests.test_p7_method_space_extension" name="test_task_stop_requires_external_authority" time="0.001" /><testcase classname="tests.test_p7_method_space_extension" name="test_representation_change_requires_reconstruction" time="0.001" /><testcase classname="tests.test_p7_method_space_extension" name="test_invention_only_after_required_routes_and_never_authorizes" time="0.000" /><testcase classname="tests.test_p7_method_space_extension" name="test_reopen_invalidates_stale_chart_identity" time="0.001" /><testcase classname="tests.test_p7_method_space_extension" name="test_revisit_requires_new_evidence" time="0.001" /><testcase classname="tests.test_p7_method_space_extension" name="test_semantic_distance_has_no_status" time="0.001" /><testcase classname="tests.test_p8_anti_laundering_bench" name="test_p9_p10_anti_laundering_suite_rederives_exactly" time="0.004" /><testcase classname="tests.test_p8_method_authority_bugfixes" name="test_illicit_blocked_coercion_is_non_mutating" time="0.001" /><testcase classname="tests.test_p8_method_authority_bugfixes" name="test_hand_built_illegal_supported_decision_is_rejected" time="0.001" /><testcase classname="tests.test_p8_method_authority_bugfixes" name="test_cross_subject_decision_cannot_authorize_another_record" time="0.001" /><testcase classname="tests.test_p8_method_authority_bugfixes" name="test_revocation_requires_content_bound_defeater_evidence" time="0.001" /><testcase classname="tests.test_p8_method_authority_bugfixes" name="test_bound_revocation_remains_forward_only" time="0.001" /><testcase classname="tests.test_p8_method_authority_extension" name="test_p9_and_p10_cannot_launder_authority" time="0.001" /><testcase classname="tests.test_p8_method_authority_extension" name="test_p6_p7_do_not_authorize" time="0.000" /><testcase classname="tests.test_p8_method_authority_extension" name="test_legal_authority_is_coordinate_specific" time="0.001" /><testcase classname="tests.test_p8_method_authority_extension" name="test_missing_bound_evidence_cannot_check" time="0.000" /><testcase classname="tests.test_p8_method_authority_extension" name="test_clean_path_requires_distinct_authorities" time="0.002" /><testcase classname="tests.test_p8_method_authority_extension" name="test_revocation_is_forward_only_and_historical_record_stays_valid" time="0.001" /><testcase classname="tests.test_p8_method_authority_extension" name="test_representation_or_identity_change_reopens_coordinates" time="0.001" /><testcase classname="tests.test_p8_method_authority_extension" name="test_local_exhaustion_cannot_authorize_search_stop" time="0.000" /><testcase classname="tests.test_p9_a2_a4_explicit" name="test_relation_selector_is_ambiguous_without_typed_relation_and_effects" time="0.002" /><testcase classname="tests.test_p9_a2_a4_explicit" name="test_relation_selector_is_exact_at_typed_and_invariant_to_candidate_order" time="0.002" /><testcase classname="tests.test_p9_a2_a4_explicit" name="test_relation_selector_does_not_read_gold" time="0.001" /><testcase classname="tests.test_p9_a2_a4_explicit" name="test_history_selector_uses_admitted_failure_only_when_visible" time="0.002" /><testcase classname="tests.test_p9_a2_a4_explicit" name="test_history_selector_is_candidate_order_invariant_at_semantic" time="0.002" /><testcase classname="tests.test_p9_a2_a4_explicit" name="test_full_a2_a4_small_run_is_deterministic_and_bounded" time="0.501" /><testcase classname="tests.test_p9_a5_explicit" name="test_a5_typed_missing_values_returns_unknown" time="0.001" /><testcase classname="tests.test_p9_a5_explicit" name="test_a5_current_exact_inverse_glues_and_perturbation_obstructs" time="0.002" /><testcase classname="tests.test_p9_a5_explicit" name="test_a5_prediction_does_not_read_evaluator_gold" time="0.001" /><testcase classname="tests.test_p9_a5_explicit" name="test_a5_transport_record_permutation_is_invariant" time="0.001" /><testcase classname="tests.test_p9_a5_explicit" name="test_a5_duplicate_visible_map_fails_closed_unknown" time="0.001" /><testcase classname="tests.test_p9_a5_explicit" name="test_a5_broken_cycle_fails_closed_unknown" time="0.001" /><testcase classname="tests.test_p9_a5_explicit" name="test_a5_full_small_run_is_deterministic_non_authorizing_and_perfect_when_values_visible" time="0.120" /><testcase classname="tests.test_p9_bootstrap_summary" name="test_bootstrap_information_lattice_is_strictly_resolving" time="0.004" /><testcase classname="tests.test_p9_bootstrap_summary" name="test_bootstrap_world_order_is_stable_and_family_explicit" time="0.004" /><testcase classname="tests.test_p9_d1" name="test_d1_protocol_and_amendments_are_pre_outcome" time="0.001" /><testcase classname="tests.test_p9_d1" name="test_d1_dataset_is_deterministic_domain_held_out_and_split_disjoint" time="0.168" /><testcase classname="tests.test_p9_d1" name="test_d1_train_has_single_corruptions_test_has_protected_double_corruptions" time="0.133" /><testcase classname="tests.test_p9_d1" name="test_dependency_mutation_is_never_a_semantic_noop" time="0.126" /><testcase classname="tests.test_p9_d1" name="test_d1_exact_labels_include_aligned_obstruction_and_unresolved" time="0.097" /><testcase classname="tests.test_p9_d1" name="test_unresolved_is_explicit_unknown_not_competing_fabricated_value" time="0.038" /><testcase classname="tests.test_p9_d1" name="test_transcript_payload_is_opaque_and_has_no_domain_mutation_or_gold_metadata" time="0.026" /><testcase classname="tests.test_p9_d1" name="test_typed_and_serialized_views_carry_same_semantic_value_tokens" time="0.024" /><testcase classname="tests.test_p9_d1" name="test_typed_relational_features_are_domain_agnostic_comparison_operators" time="0.024" /><testcase classname="tests.test_p9_d1" name="test_exact_typed_relational_comparator_is_perfect_on_whole_domain_and_double_holdout" time="0.092" /><testcase classname="tests.test_p9_d1" name="test_d1_small_smoke_is_deterministic_and_non_authorizing" time="20.910" /><testcase classname="tests.test_p9_generated_worlds" name="test_generate_pair_is_deterministic_and_remints_on_seed_change[RELATION_SEMANTICS]" time="0.009" /><testcase classname="tests.test_p9_generated_worlds" name="test_generate_pair_is_deterministic_and_remints_on_seed_change[TRANSPORT_GLUING]" time="0.008" /><testcase classname="tests.test_p9_generated_worlds" name="test_generate_pair_is_deterministic_and_remints_on_seed_change[FAILURE_HISTORY]" time="0.014" /><testcase classname="tests.test_p9_generated_worlds" name="test_generated_model_visible_ids_and_surfaces_are_opaque_and_family_neutral[RELATION_SEMANTICS]" time="0.001" /><testcase classname="tests.test_p9_generated_worlds" name="test_generated_model_visible_ids_and_surfaces_are_opaque_and_family_neutral[TRANSPORT_GLUING]" time="0.005" /><testcase classname="tests.test_p9_generated_worlds" name="test_generated_model_visible_ids_and_surfaces_are_opaque_and_family_neutral[FAILURE_HISTORY]" time="0.001" /><testcase classname="tests.test_p9_generated_worlds" name="test_every_generated_hostile_pair_requires_different_gold[RELATION_SEMANTICS]" time="0.001" /><testcase classname="tests.test_p9_generated_worlds" name="test_every_generated_hostile_pair_requires_different_gold[TRANSPORT_GLUING]" time="0.001" /><testcase classname="tests.test_p9_generated_worlds" name="test_every_generated_hostile_pair_requires_different_gold[FAILURE_HISTORY]" time="0.001" /><testcase classname="tests.test_p9_generated_worlds" name="test_relation_family_collides_until_relation_semantics_are_visible" time="0.006" /><testcase classname="tests.test_p9_generated_worlds" name="test_transport_family_collides_through_typed_view_then_separates_on_transport_values" time="0.001" /><testcase classname="tests.test_p9_generated_worlds" name="test_history_family_collides_through_current_then_separates_on_admitted_history" time="0.005" /><testcase classname="tests.test_p9_generated_worlds" name="test_balanced_generated_split_preserves_analytic_view_accuracy_ceilings" time="0.049" /><testcase classname="tests.test_p9_generated_worlds" name="test_train_dev_test_are_deterministic_and_identity_disjoint_by_construction" time="0.106" /><testcase classname="tests.test_p9_generated_worlds" name="test_corpus_seed_and_counts_are_content_bound_in_manifest_digest" time="0.174" /><testcase classname="tests.test_p9_generated_worlds" name="test_pair_metadata_is_evaluator_side_and_never_changes_model_view_fingerprints" time="0.001" /><testcase classname="tests.test_p9_identifiability" name="test_surface_and_topology_are_nonidentifying_for_relation_semantics_pair" time="0.001" /><testcase classname="tests.test_p9_identifiability" name="test_typed_graph_is_nonidentifying_when_local_transport_values_change_gold" time="0.001" /><testcase classname="tests.test_p9_identifiability" name="test_current_state_is_nonidentifying_when_admitted_history_changes_gold" time="0.001" /><testcase classname="tests.test_p9_identifiability" name="test_semantic_view_identifies_all_bootstrap_hostile_worlds" time="0.001" /><testcase classname="tests.test_p9_identifiability" name="test_collision_receipt_exposes_worlds_and_conflicting_targets_not_model_gold" time="0.000" /><testcase classname="tests.test_p9_identifiability" name="test_duplicate_world_identity_is_rejected" time="0.000" /><testcase classname="tests.test_p9_m0_evaluation" name="test_exact_oracle_reaches_correct_identity_without_reading_gold[RELATION_SEMANTICS]" time="0.001" /><testcase classname="tests.test_p9_m0_evaluation" name="test_exact_oracle_reaches_correct_identity_without_reading_gold[TRANSPORT_GLUING]" time="0.001" /><testcase classname="tests.test_p9_m0_evaluation" name="test_exact_oracle_reaches_correct_identity_without_reading_gold[FAILURE_HISTORY]" time="0.002" /><testcase classname="tests.test_p9_m0_evaluation" name="test_exact_mechanic_oracle_is_invariant_to_falsified_evaluator_gold" time="0.001" /><testcase classname="tests.test_p9_m0_evaluation" name="test_exact_gluing_oracle_is_invariant_to_falsified_evaluator_gold" time="0.001" /><testcase classname="tests.test_p9_m0_evaluation" name="test_oracle_mechanic_identity_survives_candidate_permutation" time="0.002" /><testcase classname="tests.test_p9_m0_evaluation" name="test_candidate_null_baselines_are_deterministic_and_return_current_candidate[FIRST_CANDIDATE]" time="0.002" /><testcase classname="tests.test_p9_m0_evaluation" name="test_candidate_null_baselines_are_deterministic_and_return_current_candidate[LAST_CANDIDATE]" time="0.001" /><testcase classname="tests.test_p9_m0_evaluation" name="test_candidate_null_baselines_are_deterministic_and_return_current_candidate[LEXICOGRAPHIC_ID]" time="0.001" /><testcase classname="tests.test_p9_m0_evaluation" name="test_candidate_null_baselines_are_deterministic_and_return_current_candidate[HASH_PARITY]" time="0.001" /><testcase classname="tests.test_p9_m0_evaluation" name="test_gluing_null_baselines_are_fixed_and_valid[ALWAYS_GLUE-GLUE]" time="0.001" /><testcase classname="tests.test_p9_m0_evaluation" name="test_gluing_null_baselines_are_fixed_and_valid[ALWAYS_OBSTRUCTION-OBSTRUCTION]" time="0.001" /><testcase classname="tests.test_p9_m0_evaluation" name="test_gluing_null_baselines_are_fixed_and_valid[ALWAYS_UNKNOWN-UNKNOWN]" time="0.001" /><testcase classname="tests.test_p9_m0_evaluation" name="test_inapplicable_null_baseline_is_rejected" time="0.002" /><testcase classname="tests.test_p9_m0_evaluation" name="test_evaluator_rejects_invalid_candidate_and_gluing_predictions" time="0.002" /><testcase classname="tests.test_p9_m0_evaluation" name="test_m0_harness_replays_and_oracle_is_perfect_on_frozen_protocol_corpus" time="1.429" /><testcase classname="tests.test_p9_m0_evaluation" name="test_m0_harness_reports_view_ceiling_and_never_promotes_nulls" time="0.948" /><testcase classname="tests.test_p9_m0_protocol" name="test_m0_protocol_preserves_failed_v0_and_freezes_pre_execution_amendment" time="0.000" /><testcase classname="tests.test_p9_m0_protocol" name="test_m0_protocol_freezes_exact_corpus_and_non_authorizing_terminal" time="0.000" /><testcase classname="tests.test_p9_m0_tasks" name="test_task_model_payload_excludes_evaluator_metadata[SURFACE]" time="0.001" /><testcase classname="tests.test_p9_m0_tasks" name="test_task_model_payload_excludes_evaluator_metadata[TOPOLOGY]" time="0.001" /><testcase classname="tests.test_p9_m0_tasks" name="test_task_model_payload_excludes_evaluator_metadata[TYPED]" time="0.001" /><testcase classname="tests.test_p9_m0_tasks" name="test_task_model_payload_excludes_evaluator_metadata[CURRENT]" time="0.001" /><testcase classname="tests.test_p9_m0_tasks" name="test_task_model_payload_excludes_evaluator_metadata[SEMANTIC]" time="0.001" /><testcase classname="tests.test_p9_m0_tasks" name="test_mechanic_task_candidates_are_current_world_mechanics_only" time="0.001" /><testcase classname="tests.test_p9_m0_tasks" name="test_candidate_order_permutation_can_change_order_without_changing_target_or_payload_set" time="0.001" /><testcase classname="tests.test_p9_m0_tasks" name="test_colliding_weaker_view_cannot_leak_hidden_semantics_through_candidate_order" time="0.004" /><testcase classname="tests.test_p9_m0_tasks" name="test_surface_and_topology_candidate_views_preserve_declared_incidence_without_typed_contracts" time="0.002" /><testcase classname="tests.test_p9_m0_tasks" name="test_history_is_visible_only_in_semantic_context" time="0.002" /><testcase classname="tests.test_p9_m0_tasks" name="test_transport_values_are_absent_until_current_view" time="0.001" /><testcase classname="tests.test_p9_m0_tasks" name="test_gluing_task_has_fixed_vocabulary_and_no_candidate_list" time="0.001" /><testcase classname="tests.test_p9_m0_tasks" name="test_task_target_is_evaluator_only_and_changing_gold_does_not_change_model_payload" time="0.001" /><testcase classname="tests.test_p9_m0_tasks" name="test_build_task_rejects_empty_order_seed_for_mechanic_ranking" time="0.001" /><testcase classname="tests.test_p9_m1" name="test_m1_protocol_is_pre_outcome_and_binds_current_m0" time="0.000" /><testcase classname="tests.test_p9_m1" name="test_frozen_model_grid_matches_protocol_count_and_is_deterministic" time="0.000" /><testcase classname="tests.test_p9_m1" name="test_generic_features_never_emit_raw_opaque_identity_in_feature_name" time="0.006" /><testcase classname="tests.test_p9_m1" name="test_pairwise_history_equality_uses_relation_not_raw_id" time="0.001" /><testcase classname="tests.test_p9_m1" name="test_weaker_history_view_has_no_candidate_history_equality_signal" time="0.001" /><testcase classname="tests.test_p9_m1" name="test_cycle_features_expose_raw_visible_values_not_hand_composed_residual" time="0.001" /><testcase classname="tests.test_p9_m1" name="test_cycle_feature_rejected_before_transport_values_are_visible" time="0.001" /><testcase classname="tests.test_p9_m1" name="test_opaque_identity_detector_matches_generated_ids_but_not_structural_vocabulary" time="0.001" /><testcase classname="tests.test_p9_m1" name="test_m1_small_smoke_is_deterministic_non_authorizing_and_ceiling_safe" time="87.732" /><testcase classname="tests.test_p9_m1" name="test_generated_corpus_for_protocol_remains_split_disjoint" time="0.730" /><testcase classname="tests.test_p9_m1_v12" name="test_m1_v12_protocol_is_pre_outcome_and_v13_is_runtime_only" time="0.000" /><testcase classname="tests.test_p9_m1_v12" name="test_m1_v12_corrections_reexecute_under_superseding_v13_runtime" time="43.566" /><testcase classname="tests.test_p9_structural_world" name="test_same_surface_and_topology_different_relation_semantics_change_gold" time="0.001" /><testcase classname="tests.test_p9_structural_world" name="test_same_typed_graph_different_transport_maps_change_gluing_gold" time="0.001" /><testcase classname="tests.test_p9_structural_world" name="test_missing_transport_is_unknown_not_obstruction" time="0.000" /><testcase classname="tests.test_p9_structural_world" name="test_same_current_state_different_negative_history_changes_correct_mechanic" time="0.001" /><testcase classname="tests.test_p9_structural_world" name="test_surface_permutation_changes_words_not_semantic_identity_or_gold" time="0.001" /><testcase classname="tests.test_p9_structural_world" name="test_dangling_relation_target_is_rejected" time="0.000" /><testcase classname="tests.test_p9_structural_world" name="test_duplicate_atom_and_mechanic_ids_are_rejected" time="0.000" /><testcase classname="tests.test_p9_structural_world" name="test_failure_history_referencing_unknown_mechanic_is_rejected" time="0.000" /><testcase classname="tests.test_p9_structural_world" name="test_mechanic_cannot_encode_scientific_or_adoption_authority" time="0.000" /><testcase classname="tests.test_p9_structural_world" name="test_gold_target_is_not_part_of_any_model_view_fingerprint" time="0.001" /><testcase classname="tests.test_p9_structural_world" name="test_topology_collision_is_intentional_on_both_hostile_pair_families" time="0.001" /><testcase classname="tests.test_paper_manuscript_integrity" name="test_all_five_canonical_manuscripts_are_structurally_complete" time="0.006" /><testcase classname="tests.test_paper_manuscript_integrity" name="test_all_manuscript_citations_resolve_to_local_bibliography_keys" time="0.006" /><testcase classname="tests.test_paper_manuscript_integrity" name="test_no_duplicate_bibliography_keys_within_a_paper" time="0.005" /><testcase classname="tests.test_paper_v2_adoption_protocols" name="test_all_five_v2_protocols_are_design_frozen_and_incremental" time="0.001" /><testcase classname="tests.test_paper_v2_adoption_protocols" name="test_digest_registry_binds_exact_designs" time="0.001" /><testcase classname="tests.test_paper_v2_adoption_protocols" name="test_adoption_decisions_match_protocols" time="0.001" /><testcase classname="tests.test_paper_v2_adoption_protocols" name="test_transfer_manifest_mechanism_ids_match" time="0.001" /><testcase classname="tests.test_paper_v2_adoption_protocols" name="test_known_answer_fixture_exercises_pass_and_guard_failures" time="0.001" /><testcase classname="tests.test_paper_v2_adoption_protocols" name="test_missing_metric_is_cannot_check_not_failure_or_success" time="0.000" /><testcase classname="tests.test_paper_v2_adoption_protocols" name="test_p4_planner_cannot_gain_authority" time="0.000" /><testcase classname="tests.test_paper_v2_adoption_protocols" name="test_p5_terminal_is_host_only" time="0.000" /><testcase classname="tests.test_paper_v2_adoption_protocols" name="test_v1_mutation_is_rejected" time="0.000" /><testcase classname="tests.test_paper_v2_adoption_protocols" name="test_outcome_access_before_execution_freeze_is_rejected" time="0.000" /><testcase classname="tests.test_paper_v2_adoption_protocols" name="test_design_freeze_cannot_pretend_execution_is_bound" time="0.000" /><testcase classname="tests.test_paper_v2_adoption_protocols" name="test_digest_changes_when_design_changes" time="0.000" /><testcase classname="tests.test_paper_v2_adoption_protocols" name="test_protocol_schema_is_parseable_and_names_incremental_contract" time="0.000" /><testcase classname="tests.test_phase2_evidence_admission" name="test_clean_host_visible_bytes_are_admitted" time="0.001" /><testcase classname="tests.test_phase2_evidence_admission" name="test_missing_artifact_is_not_admitted_even_if_summary_claims_it_exists" time="0.001" /><testcase classname="tests.test_phase2_evidence_admission" name="test_tampered_artifact_bytes_fail_closed" time="0.001" /><testcase classname="tests.test_phase2_evidence_admission" name="test_absolute_and_parent_escape_paths_are_rejected" time="0.001" /><testcase classname="tests.test_phase2_evidence_admission" name="test_duplicate_artifact_identity_and_path_are_rejected" time="0.001" /><testcase classname="tests.test_phase2_evidence_admission" name="test_host_selected_subject_evaluator_and_epoch_dominate_receipt" time="0.001" /><testcase classname="tests.test_phase2_evidence_admission" name="test_observation_must_bind_the_same_verified_artifact_bytes" time="0.001" /><testcase classname="tests.test_phase2_evidence_admission" name="test_observation_artifact_must_be_present_in_receipt" time="0.001" /><testcase classname="tests.test_phase2_evidence_admission" name="test_observation_cannot_switch_subject_evaluator_or_epoch" time="0.001" /><testcase classname="tests.test_phase2_evidence_admission_io" name="test_receipt_v1_round_trip_is_content_addressed" time="0.001" /><testcase classname="tests.test_phase2_evidence_admission_io" name="test_document_tampering_without_hash_update_is_rejected" time="0.001" /><testcase classname="tests.test_phase2_evidence_admission_io" name="test_stale_receipt_hash_is_rejected_even_if_document_hash_is_recomputed" time="0.001" /><testcase classname="tests.test_phase2_evidence_admission_io" name="test_unknown_document_or_artifact_fields_fail_closed_after_hash_recomputation" time="0.001" /><testcase classname="tests.test_phase2_evidence_admission_io" name="test_wrong_schema_is_rejected" time="0.001" /><testcase classname="tests.test_phase2_evidence_admission_io" name="test_malformed_artifact_digest_cannot_survive_deserialization" time="0.001" /><testcase classname="tests.test_phase2_evidence_admission_openat" name="test_final_symlink_is_never_followed" time="0.001" /><testcase classname="tests.test_phase2_evidence_admission_openat" name="test_parent_directory_symlink_is_never_followed" time="0.001" /><testcase classname="tests.test_phase2_evidence_admission_openat" name="test_artifact_root_itself_may_not_be_a_symlink" time="0.001" /><testcase classname="tests.test_phase2_evidence_admission_openat" name="test_platform_without_descriptor_relative_nofollow_fails_closed" time="0.001" /><testcase classname="tests.test_phase2_evidence_audit_cli" name="test_independent_audit_passes_only_with_exact_receipt_and_host_visible_bytes" time="0.001" /><testcase classname="tests.test_phase2_evidence_audit_cli" name="test_missing_or_tampered_bytes_are_cannot_check" time="0.002" /><testcase classname="tests.test_phase2_evidence_audit_cli" name="test_host_selected_subject_evaluator_and_epoch_dominate_receipt" time="0.002" /><testcase classname="tests.test_phase2_evidence_audit_cli" name="test_substituted_valid_receipt_with_same_bindings_is_rejected_by_host_hashes" time="0.001" /><testcase classname="tests.test_phase2_evidence_audit_cli" name="test_invalid_receipt_is_cannot_check_not_a_crash" time="0.001" /><testcase classname="tests.test_phase2_evidence_audit_cli" name="test_cli_emits_machine_readable_non_authorizing_result" time="0.002" /><testcase classname="tests.test_phase2_terminal_audit" name="test_terminal_audit_recomputes_campaign_and_stops_before_artifact_admission" time="0.001" /><testcase classname="tests.test_phase2_terminal_audit" name="test_ready_campaign_with_only_a_summary_and_missing_bytes_cannot_close" time="0.001" /><testcase classname="tests.test_phase2_terminal_audit" name="test_ready_campaign_with_exact_host_visible_bytes_is_only_eligible_for_external_closure" time="0.001" /><testcase classname="tests.test_phase2_terminal_audit" name="test_terminal_audit_defensively_rejects_missing_observation_bundle" time="0.001" /><testcase classname="tests.test_publication_manifest_integrity" name="test_current_frozen_protocols_are_valid_and_content_addressable" time="0.001" /><testcase classname="tests.test_publication_manifest_integrity" name="test_execution_frozen_protocol_rejects_unbound_bindings" time="0.001" /><testcase classname="tests.test_publication_manifest_integrity" name="test_execution_frozen_protocol_accepts_fully_bound_subject_and_bindings" time="0.001" /><testcase classname="tests.test_publication_manifest_integrity" name="test_run_manifest_requires_prospective_complete_bindings_and_hashes" time="0.001" /><testcase classname="tests.test_publication_status" name="test_schema_is_json_schema" time="0.000" /><testcase classname="tests.test_publication_status" name="test_committed_scoreboard_matches_derived_artifacts" time="0.025" /><testcase classname="tests.test_publication_status" name="test_p1_through_p4_are_peer_review_ready_and_p5_is_blocked" time="0.022" /><testcase classname="tests.test_publication_status" name="test_p2_readiness_rests_on_an_unambiguous_terminal_line" time="0.001" /><testcase classname="tests.test_publication_status" name="test_p1_readiness_is_artifact_backed_not_inferred_from_closed_issue" time="0.020" /><testcase classname="tests.test_publication_status" name="test_p5_is_blocked_by_unbound_identities_and_unexecuted_claims" time="0.020" /><testcase classname="tests.test_publication_status" name="test_forged_peer_review_ready_is_rejected" time="0.039" /><testcase classname="tests.test_publication_status" name="test_close_allowed_requires_all_five_ready" time="0.039" /><testcase classname="tests.test_publication_status" name="test_terminal_parser_distinguishes_ready_from_cannot_check" time="0.001" /><testcase classname="tests.test_publication_status" name="test_a_narrowed_terminal_is_never_scored_as_peer_review_ready" time="0.001" /><testcase classname="tests.test_publication_status" name="test_every_paper_declares_a_machine_scorable_terminal" time="0.001" /><testcase classname="tests.test_publication_status" name="test_cli_check_accepts_committed_snapshot" time="0.021" /><testcase classname="tests.test_transfer_v2" name="test_canonical_mapping_and_set_order_do_not_change_digest" time="0.000" /><testcase classname="tests.test_transfer_v2" name="test_changing_bound_field_changes_digest" time="0.000" /><testcase classname="tests.test_transfer_v2" name="test_non_finite_float_rejected" time="0.000" /><testcase classname="tests.test_transfer_v2" name="test_registry_idempotent_same_content" time="0.000" /><testcase classname="tests.test_transfer_v2" name="test_registry_rejects_same_cell_id_different_content" time="0.000" /><testcase classname="tests.test_transfer_v2" name="test_registry_catalog_rejects_tampered_digest" time="0.000" /><testcase classname="tests.test_transfer_v2" name="test_false_assumption_overrides_high_structural_similarity" time="0.000" /><testcase classname="tests.test_transfer_v2" name="test_unknown_evidence_is_explicit_cannot_check" time="0.000" /><testcase classname="tests.test_transfer_v2" name="test_failed_falsifier_is_obstructed" time="0.000" /><testcase classname="tests.test_transfer_v2" name="test_undeclared_evidence_is_rejected_not_silently_ignored" time="0.000" /><testcase classname="tests.test_transfer_v2" name="test_transfer_receipt_detects_tampering" time="0.001" /><testcase classname="tests.test_transfer_v2" name="test_missing_cell_evidence_produces_decision_not_silent_skip" time="0.001" /><testcase classname="tests.test_transfer_v2" name="test_cross_confirmation_requires_distinct_domains" time="0.001" /><testcase classname="tests.test_transfer_v2" name="test_cross_confirmation_succeeds_across_distinct_domains" time="0.001" /><testcase classname="tests.test_transfer_v2" name="test_portfolio_is_deterministic_under_registration_and_evidence_order" time="0.004" /><testcase classname="tests.test_transfer_v2" name="test_portfolio_replay_detects_changed_evidence" time="0.002" /><testcase classname="tests.test_transfer_v2" name="test_p1_blind_probe_is_non_diagnosable_and_cannot_license" time="0.000" /><testcase classname="tests.test_transfer_v2" name="test_p1_requires_probe_outcome_before_licensing" time="0.000" /><testcase classname="tests.test_transfer_v2" name="test_p1_supported_formulation_can_license_reframe" time="0.000" /><testcase classname="tests.test_transfer_v2" name="test_p1_evidence_responsibility_cannot_license_formulation_rewrite" time="0.000" /><testcase classname="tests.test_transfer_v2" name="test_p1_low_confidence_stays_cannot_check" time="0.000" /><testcase classname="tests.test_transfer_v2" name="test_p2_unsafe_rejection_is_transactional" time="0.001" /><testcase classname="tests.test_transfer_v2" name="test_p2_censored_observation_does_not_count_as_zero_reward" time="0.001" /><testcase classname="tests.test_transfer_v2" name="test_p2_replay_reconstructs_same_state" time="0.002" /><testcase classname="tests.test_transfer_v2" name="test_p2_duplicate_route_identity_rejected" time="0.000" /><testcase classname="tests.test_transfer_v2" name="test_p3_consistent_typed_cycle_glues" time="0.001" /><testcase classname="tests.test_transfer_v2" name="test_p3_corrupted_cycle_obstructs" time="0.001" /><testcase classname="tests.test_transfer_v2" name="test_p3_type_mismatch_obstructs_even_if_numeric_mapping_exists" time="0.000" /><testcase classname="tests.test_transfer_v2" name="test_p3_missing_anchors_is_cannot_check" time="0.000" /><testcase classname="tests.test_transfer_v2" name="test_p3_unvalidated_bidirectionality_is_cannot_check" time="0.000" /><testcase classname="tests.test_transfer_v2" name="test_p4_unprotected_self_check_cannot_clear_critical_defeater" time="0.000" /><testcase classname="tests.test_transfer_v2" name="test_p4_protected_action_is_gather_evidence_not_authorized" time="0.000" /><testcase classname="tests.test_transfer_v2" name="test_p4_receipt_type_rejects_authorized_terminal" time="0.000" /><testcase classname="tests.test_transfer_v2" name="test_p4_planner_prioritizes_critical_defeater_over_larger_noncritical_score" time="0.000" /><testcase classname="tests.test_transfer_v2" name="test_p5_known_later_harm_dominates_missing_earlier_stage" time="0.000" /><testcase classname="tests.test_transfer_v2" name="test_p5_replay_gain_cannot_compensate_fresh_harm" time="0.001" /><testcase classname="tests.test_transfer_v2" name="test_p5_protected_cannot_check_blocks_recommendation" time="0.001" /><testcase classname="tests.test_transfer_v2" name="test_p5_all_pass_only_recommends_host_promotion" time="0.001" /><testcase classname="tests.test_transfer_v2" name="test_p5_negative_history_is_append_only_across_candidate_revisions" time="0.001" /><testcase classname="tests.test_transfer_v2" name="test_p5_history_views_cannot_mutate_retained_internal_evidence" time="0.000" /><testcase classname="tests.test_transfer_v2" name="test_manifest_validates_and_is_content_addressed" time="0.000" /><testcase classname="tests.test_transfer_v2" name="test_manifest_rejects_v1_or_authority_boundary_violation[status-EXECUTION_FROZEN]" time="0.001" /><testcase classname="tests.test_transfer_v2" name="test_manifest_rejects_v1_or_authority_boundary_violation[outcome_accessed-True]" time="0.000" /><testcase classname="tests.test_transfer_v2" name="test_manifest_rejects_v1_or_authority_boundary_violation[execution_authority-V1]" time="0.000" /><testcase classname="tests.test_transfer_v2" name="test_manifest_rejects_v1_or_authority_boundary_violation[v1_protocol_mutated-True]" time="0.000" /><testcase classname="tests.test_transfer_v2" name="test_manifest_rejects_v1_or_authority_boundary_violation[local_evidence_authority-EXTERNAL]" time="0.000" /><testcase classname="tests.test_transfer_v2" name="test_manifest_rejects_v1_or_authority_boundary_violation[requires_new_protocol_version-False]" time="0.000" /><testcase classname="tests.test_transfer_v2_assets" name="test_all_five_v2_manifests_validate_and_remain_outcome_blind" time="0.001" /><testcase classname="tests.test_transfer_v2_assets" name="test_v2_schema_assets_are_well_formed_json_schema_objects" time="0.001" /><testcase classname="tests.test_transfer_v2_assets" name="test_known_answer_catalog_roundtrips_and_selects_five_cells" time="0.004" /><testcase classname="tests.test_transfer_v2_assets" name="test_cli_portfolio_is_deterministic" time="0.715" /><testcase classname="tests.test_transfer_v2_assets" name="test_cli_manifest_validator_reports_valid" time="0.341" /><testcase classname="tests.test_verified_structural_transfer" name="test_far_domain_is_a_retrieval_bonus_not_an_authority_grant" time="0.000" /><testcase classname="tests.test_verified_structural_transfer" name="test_unknown_assumption_fails_closed_as_cannot_check" time="0.000" /><testcase classname="tests.test_verified_structural_transfer" name="test_failed_falsifier_blocks_even_when_assumptions_hold" time="0.000" /><testcase classname="tests.test_verified_structural_transfer" name="test_solver_skips_highest_scoring_invalid_analogy" time="0.000" /><testcase classname="tests.test_verified_structural_transfer" name="test_p1_identical_probe_signatures_are_detected_as_non_diagnosable" time="0.000" /><testcase classname="tests.test_verified_structural_transfer" name="test_p1_selects_probe_with_more_information_after_cost_and_risk" time="0.000" /><testcase classname="tests.test_verified_structural_transfer" name="test_p1_observation_can_license_formulation_rewrite_only_after_discrimination" time="0.000" /><testcase classname="tests.test_verified_structural_transfer" name="test_p1_evidence_diagnosis_does_not_license_formulation_rewrite" time="0.000" /><testcase classname="tests.test_verified_structural_transfer" name="test_p2_falls_back_to_baseline_until_safety_credit_exists" time="0.000" /><testcase classname="tests.test_verified_structural_transfer" name="test_p2_censored_unavailability_is_not_learned_as_zero_reward" time="0.000" /><testcase classname="tests.test_verified_structural_transfer" name="test_p2_exploration_can_outperform_baseline_in_toy_world_without_breaking_floor" time="0.000" /><testcase classname="tests.test_verified_structural_transfer" name="test_p2_allocator_rejects_call_that_would_break_declared_safety_invariant" time="0.000" /><testcase classname="tests.test_verified_structural_transfer" name="test_p3_affine_lens_round_trip_is_exact_up_to_float_precision" time="0.000" /><testcase classname="tests.test_verified_structural_transfer" name="test_p3_consistent_cycle_is_globalizable" time="0.000" /><testcase classname="tests.test_verified_structural_transfer" name="test_p3_corrupted_mapping_yields_obstruction_instead_of_forced_merge" time="0.000" /><testcase classname="tests.test_verified_structural_transfer" name="test_p3_empty_anchor_set_refuses_consistency_claim" time="0.000" /><testcase classname="tests.test_verified_structural_transfer" name="test_p4_planner_selects_best_protected_risk_reduction_per_cost" time="0.000" /><testcase classname="tests.test_verified_structural_transfer" name="test_p4_unprotected_evidence_action_cannot_clear_critical_defeater_path" time="0.000" /><testcase classname="tests.test_verified_structural_transfer" name="test_p4_evidence_planning_never_directly_grants_authority" time="0.000" /><testcase classname="tests.test_verified_structural_transfer" name="test_p4_no_unresolved_defeaters_only_reaches_external_check_boundary" time="0.000" /><testcase classname="tests.test_verified_structural_transfer" name="test_p5_large_replay_gain_cannot_compensate_fresh_harm" time="0.000" /><testcase classname="tests.test_verified_structural_transfer" name="test_p5_protected_cannot_check_blocks_promotion" time="0.000" /><testcase classname="tests.test_verified_structural_transfer" name="test_p5_all_required_noncompensatory_stages_end_only_in_host_recommendation" time="0.000" /><testcase classname="tests.test_verified_structural_transfer" name="test_p5_early_failure_avoids_later_expensive_stages" time="0.000" /><testcase classname="tests.test_verified_structural_transfer" name="test_p5_archive_retains_failed_and_harmful_candidate" time="0.000" /><testcase classname="tests.test_verified_structural_transfer" name="test_problem_similarity_is_finite_and_bounded_with_domain_bonus" time="0.000" /><testcase classname="tests.test_verified_structural_transfer" name="test_p2_rejected_unsafe_record_is_transactional" time="0.000" /><testcase classname="tests.test_verified_structural_transfer" name="test_p5_out_of_order_recorded_failure_still_blocks" time="0.000" /><testcase classname="tests.test_verified_structural_transfer" name="test_all_paper_specific_toy_falsifiers_show_the_intended_local_advantage" time="0.002" /><testcase classname="tests.test_verified_structural_transfer" name="test_cross_confirmation_requires_distinct_source_domains" time="0.000" /><testcase classname="tests.test_verified_structural_transfer" name="test_cross_confirmation_accepts_two_admissible_independent_domains" time="0.000" /><testcase classname="tests.unit.benchmarks.test_attack_manifest" name="test_manifest_exists_and_nonempty" time="0.001" /><testcase classname="tests.unit.benchmarks.test_attack_manifest" name="test_all_schema_files_exist" time="0.000" /><testcase classname="tests.unit.benchmarks.test_attack_manifest" name="test_every_family_present" time="0.000" /><testcase classname="tests.unit.benchmarks.test_attack_manifest" name="test_every_family_has_minimum_cases" time="0.000" /><testcase classname="tests.unit.benchmarks.test_attack_manifest" name="test_schema_required_fields_present" time="0.000" /><testcase classname="tests.unit.benchmarks.test_attack_manifest" name="test_schema_enums_respected" time="0.000" /><testcase classname="tests.unit.benchmarks.test_attack_manifest" name="test_artifact_hash_integrity" time="0.001" /><testcase classname="tests.unit.benchmarks.test_attack_manifest" name="test_hash_computations_match_generator" time="0.000" /><testcase classname="tests.unit.benchmarks.test_attack_manifest" name="test_terminal_consistency_with_gold" time="0.000" /><testcase classname="tests.unit.benchmarks.test_attack_manifest" name="test_semantic_support_implies_terminal" time="0.000" /><testcase classname="tests.unit.benchmarks.test_attack_manifest" name="test_clean_positive_custody" time="0.000" /><testcase classname="tests.unit.benchmarks.test_attack_manifest" name="test_protected_holdout_families" time="0.000" /><testcase classname="tests.unit.benchmarks.test_attack_manifest" name="test_protected_hostile_families" time="0.000" /><testcase classname="tests.unit.benchmarks.test_attack_manifest" name="test_custody_manifest_counts_match" time="0.000" /><testcase classname="tests.unit.benchmarks.test_attack_manifest" name="test_custody_manifest_frozen" time="0.000" /><testcase classname="tests.unit.benchmarks.test_attack_manifest" name="test_generator_regenerates_identical_manifest" time="0.032" /><testcase classname="tests.unit.benchmarks.test_attack_manifest" name="test_unique_case_ids" time="0.000" /><testcase classname="tests.unit.benchmarks.test_attack_manifest" name="test_label_hiding_covers_sensitive_fields" time="0.000" /><testcase classname="tests.unit.benchmarks.test_attack_manifest" name="test_custody_distribution_sums_to_total" time="0.000" /><testcase classname="tests.unit.benchmarks.test_authority_attacks" name="test_the_battery_poses_all_ten_frozen_attacks" time="0.000" /><testcase classname="tests.unit.benchmarks.test_authority_attacks" name="test_no_control_fires_so_the_instrument_is_usable" time="0.000" /><testcase classname="tests.unit.benchmarks.test_authority_attacks" name="test_every_attack_reaches_a_verdict" time="0.000" /><testcase classname="tests.unit.benchmarks.test_authority_attacks" name="test_every_hostile_case_fires_its_alarm" time="0.000" /><testcase classname="tests.unit.benchmarks.test_authority_attacks" name="test_metric_totals_are_summed_from_the_attacks_not_written_down" time="0.000" /><testcase classname="tests.unit.benchmarks.test_authority_attacks" name="test_the_battery_is_deterministic" time="0.008" /><testcase classname="tests.unit.benchmarks.test_authority_attacks" name="test_the_kernel_column_is_reported_separately_from_the_battery_column" time="0.000" /><testcase classname="tests.unit.benchmarks.test_authority_attacks" name="test_false_authority_promotion_rate_counts_only_the_kernel_column" time="0.000" /><testcase classname="tests.unit.benchmarks.test_authority_attacks" name="test_attacks_outside_the_promotion_path_are_not_scored_as_refusals" time="0.000" /><testcase classname="tests.unit.benchmarks.test_authority_attacks" name="test_every_required_measurement_is_computed" time="0.000" /><testcase classname="tests.unit.benchmarks.test_authority_attacks" name="test_the_panel_carries_its_own_construct_validity_verdict" time="0.000" /><testcase classname="tests.unit.benchmarks.test_authority_attacks" name="test_the_report_formats_to_a_machine_readable_block" time="0.000" /><testcase classname="tests.unit.benchmarks.test_authority_attacks" name="test_the_battery_reports_the_kernel_defects_it_demonstrated" time="0.000" /><testcase classname="tests.unit.benchmarks.test_authority_attacks" name="test_the_tamper_detector_judges_paths_it_never_opens" time="0.000" /><testcase classname="tests.unit.benchmarks.test_authority_attacks" name="test_a_supporting_source_is_recognised_and_a_silent_one_is_not" time="0.000" /><testcase classname="tests.unit.benchmarks.test_authority_attacks" name="test_a_claim_id_that_is_a_prefix_of_another_is_not_falsely_attributed" time="0.000" /><testcase classname="tests.unit.benchmarks.test_authority_attacks" name="test_a_contradicting_source_is_not_read_as_support" time="0.000" /><testcase classname="tests.unit.benchmarks.test_authority_attacks" name="test_an_unresolved_reference_never_counts_as_support" time="0.000" /><testcase classname="tests.unit.benchmarks.test_authority_attacks" name="test_relations_are_parsed_verbatim" time="0.000" /><testcase classname="tests.unit.benchmarks.test_authority_attacks" name="test_identical_content_under_unmerged_identities_is_conflation" time="0.000" /><testcase classname="tests.unit.benchmarks.test_authority_attacks" name="test_one_work_reached_by_two_routes_is_an_alias_and_must_not_alarm" time="0.000" /><testcase classname="tests.unit.benchmarks.test_authority_attacks" name="test_genuinely_distinct_works_are_not_conflation" time="0.000" /><testcase classname="tests.unit.benchmarks.test_authority_attacks" name="test_a_reflowed_mirror_is_still_the_same_content" time="0.000" /><testcase classname="tests.unit.benchmarks.test_authority_attacks" name="test_an_inert_citation_is_found_by_ablation" time="0.000" /><testcase classname="tests.unit.benchmarks.test_authority_attacks" name="test_citations_that_all_change_the_answer_are_not_flagged" time="0.000" /><testcase classname="tests.unit.benchmarks.test_authority_attacks" name="test_a_nondeterministic_producer_yields_a_note_and_no_verdict" time="0.000" /><testcase classname="tests.unit.benchmarks.test_authority_attacks" name="test_writing_evaluator_code_is_detected" time="0.000" /><testcase classname="tests.unit.benchmarks.test_authority_attacks" name="test_writing_ordinary_code_is_not_detected" time="0.000" /><testcase classname="tests.unit.benchmarks.test_authority_attacks" name="test_a_sibling_path_is_not_mistaken_for_a_protected_directory" time="0.000" /><testcase classname="tests.unit.benchmarks.test_authority_attacks" name="test_a_missing_activity_record_is_cannot_check_not_clean" time="0.000" /><testcase classname="tests.unit.benchmarks.test_authority_attacks" name="test_a_protected_path_that_does_not_exist_is_cannot_check_not_a_pass" time="0.000" /><testcase classname="tests.unit.benchmarks.test_authority_attacks" name="test_an_unknown_repository_root_is_cannot_check" time="0.000" /><testcase classname="tests.unit.benchmarks.test_authority_attacks" name="test_the_default_protected_set_exists_in_this_checkout" time="0.000" /><testcase classname="tests.unit.benchmarks.test_authority_attacks" name="test_reading_held_out_material_is_detected_without_opening_it" time="0.000" /><testcase classname="tests.unit.benchmarks.test_authority_attacks" name="test_reading_ordinary_material_is_not_detected" time="0.000" /><testcase classname="tests.unit.benchmarks.test_authority_attacks" name="test_removing_assertions_or_deleting_a_test_file_is_weakening" time="0.000" /><testcase classname="tests.unit.benchmarks.test_authority_attacks" name="test_adding_assertions_is_not_weakening" time="0.000" /><testcase classname="tests.unit.benchmarks.test_authority_attacks" name="test_an_undeclared_held_out_root_is_cannot_check_not_clean" time="0.000" /><testcase classname="tests.unit.benchmarks.test_authority_attacks" name="test_assertion_counting_is_grounded_in_a_rea
[...]
testcase classname="tests.unit.study.test_study.TestPlotGeneration" name="test_table_specs_defined" time="0.001" /><testcase classname="tests.unit.study.test_study.TestPlotGeneration" name="test_generate_all_figures" time="0.003" /><testcase classname="tests.unit.study.test_study.TestPlotGeneration" name="test_generate_all_tables" time="0.001" /><testcase classname="tests.unit.test_adoption" name="test_no_v1_surface_has_adopted_a_v2_mechanism" time="3.552" /><testcase classname="tests.unit.test_adoption" name="test_the_v2_surfaces_declare_themselves" time="0.015" /><testcase classname="tests.unit.test_adoption" name="test_the_checker_catches_an_adoption_it_should_refuse" time="0.002" /><testcase classname="tests.unit.test_adoption" name="test_the_reverse_direction_is_allowed" time="0.002" /><testcase classname="tests.unit.test_adoption" name="test_undeclared_modules_are_not_errors" time="0.002" /><testcase classname="tests.unit.test_conformance" name="test_the_real_tree_reproduces_the_p3_annotator_finding" time="2.144"><skipped type="pytest.skip" message="no annotation corpus in this checkout; see #158">/home/user/ORION/tests/unit/test_conformance.py:47: no annotation corpus in this checkout; see #158</skipped></testcase><testcase classname="tests.unit.test_conformance" name="test_a_missing_archive_is_cannot_check_not_a_violation" time="2.068" /><testcase classname="tests.unit.test_conformance" name="test_a_satisfied_quantity_is_reported_satisfied" time="0.000" /><testcase classname="tests.unit.test_conformance" name="test_the_annotator_alarm_fires_and_clears" time="0.003" /><testcase classname="tests.unit.test_conformance" name="test_the_repeat_alarm_fires_on_a_short_archive" time="0.003" /><testcase classname="tests.unit.test_conformance" name="test_violations_filters_to_only_real_faults" time="2.139" /><testcase classname="tests.unit.test_conformance" name="test_a_waived_violation_does_not_fail_the_run" time="0.000" /><testcase classname="tests.unit.test_conformance" name="test_a_waiver_whose_violation_cleared_fails_the_run" time="0.000" /><testcase classname="tests.unit.test_conformance" name="test_an_unchecked_requirement_is_not_a_stale_waiver" time="0.000" /><testcase classname="tests.unit.test_conformance" name="test_untracked_inputs_are_a_violation_and_untracked_outputs_are_not" time="0.009" /><testcase classname="tests.unit.test_conformance" name="test_the_tracked_inputs_check_discriminates_across_the_real_papers" time="2.149" /><testcase classname="tests.unit.test_conformance" name="test_the_verdict_does_not_depend_on_how_the_path_was_spelled" time="4.212" /><testcase classname="tests.unit.test_conformance_generated" name="test_no_registry_means_the_question_is_not_asked" time="0.003" /><testcase classname="tests.unit.test_conformance_generated" name="test_a_regenerating_artifact_is_satisfied" time="0.014" /><testcase classname="tests.unit.test_conformance_generated" name="test_a_stale_artifact_is_violated_and_says_which" time="0.013" /><testcase classname="tests.unit.test_conformance_generated" name="test_an_empty_registry_is_cannot_check_not_satisfied" time="0.003" /><testcase classname="tests.unit.test_conformance_generated" name="test_unparseable_registry_is_violated" time="0.002" /><testcase classname="tests.unit.test_conformance_generated" name="test_a_declared_output_that_does_not_exist_cannot_be_verified" time="0.002" /><testcase classname="tests.unit.test_conformance_generated" name="test_a_missing_generator_cannot_be_verified" time="0.002" /><testcase classname="tests.unit.test_conformance_generated" name="test_the_registry_cannot_make_the_checker_run_arbitrary_things" time="0.005" /><testcase classname="tests.unit.test_conformance_generated" name="test_the_interpreter_is_ours_not_the_registrys" time="0.014" /><testcase classname="tests.unit.transfer.test_cross_domain_transfer_closure" name="test_frozen_panel_has_all_domains_case_types_and_no_gold_in_public_record" time="0.001" /><testcase classname="tests.unit.transfer.test_cross_domain_transfer_closure" name="test_main_report_matches_pre_run_expected_table_exactly" time="0.002" /><testcase classname="tests.unit.transfer.test_cross_domain_transfer_closure" name="test_strong_abstract_signature_parent_ties_contract_arm" time="0.001" /><testcase classname="tests.unit.transfer.test_cross_domain_transfer_closure" name="test_surface_and_ungated_memory_controls_show_negative_transfer" time="0.001" /><testcase classname="tests.unit.transfer.test_cross_domain_transfer_closure" name="test_independent_reconstruction_does_not_need_main_scorer" time="0.001" /><testcase classname="tests.unit.transfer.test_cross_domain_transfer_closure" name="test_assimilation_demo_has_clean_adopt_adapt_compose_paths" time="0.001" /><testcase classname="tests.unit.transfer.test_cross_domain_transfer_closure" name="test_absorbed_generic_transfer_claim_is_removed_from_novelty_state" time="0.000" /><testcase classname="tests.unit.transfer.test_higher_order_formal_closure" name="test_finite_formal_closure_battery_is_green_and_non_authorizing" time="0.747" /><testcase classname="tests.unit.transfer.test_higher_order_formal_closure" name="test_formal_parent_saturation_recommends_components_only_terminal" time="0.745" /><testcase classname="tests.unit.transfer.test_higher_order_formal_closure" name="test_closure_is_a_negative_unification_result_not_a_t1_t8_rollback" time="0.753" /><testcase classname="tests.unit.transfer.test_higher_order_formal_closure_expected" name="test_formal_closure_matches_pre_frozen_exact_counts_and_terminal" time="1.473" /><testcase classname="tests.unit.transfer.test_higher_order_formal_closure_expected" name="test_formal_checker_parent_dispositions_match_frozen_parent_map" time="0.000" /><testcase classname="tests.unit.transfer.test_higher_order_foundation_dispositions" name="test_foundation_dispositions_are_complete_and_parent_bound" time="0.000" /><testcase classname="tests.unit.transfer.test_higher_order_foundation_dispositions" name="test_foundation_dispositions_do_not_self_authorize_closure" time="0.000" /><testcase classname="tests.unit.transfer.test_recursive_atom_failure_substrate" name="test_resource_bound_is_canonical_and_nonnegative" time="0.001" /><testcase classname="tests.unit.transfer.test_recursive_atom_failure_substrate" name="test_reachability_witness_is_evaluator_bound_and_content_addressed" time="0.001" /><testcase classname="tests.unit.transfer.test_recursive_atom_failure_substrate" name="test_reachability_delta_distinguishes_unresolved_from_old_unreachable" time="0.001" /><testcase classname="tests.unit.transfer.test_recursive_atom_failure_substrate" name="test_atom_study_is_preoutcome_and_positive_controls_are_disjoint" time="0.001" /><testcase classname="tests.unit.transfer.test_recursive_atom_failure_substrate" name="test_interaction_analysis_keeps_synergy_separate_from_main_effects" time="0.000" /><testcase classname="tests.unit.transfer.test_recursive_atom_failure_substrate" name="test_failure_knowledge_applies_only_under_compatible_context" time="0.001" /><testcase classname="tests.unit.transfer.test_recursive_atom_failure_substrate" name="test_failure_knowledge_reopens_after_declared_regime_change" time="0.001" /><testcase classname="tests.unit.transfer.test_recursive_atom_failure_substrate" name="test_failure_knowledge_does_not_apply_when_required_context_differs" time="0.000" /><testcase classname="tests.unit.transfer.test_recursive_atom_failure_substrate" name="test_failure_knowledge_missing_context_stays_unresolved" time="0.001" /><testcase classname="tests.unit.transfer.test_recursive_atom_failure_substrate" name="test_failure_context_roles_cannot_overlap" time="0.000" /><testcase classname="tests.unit.transfer.test_recursive_atom_failure_substrate_v2" name="test_failure_context_roles_must_cover_every_frozen_coordinate" time="0.001" /><testcase classname="tests.unit.transfer.test_recursive_atom_failure_substrate_v2" name="test_required_same_mismatch_outranks_simultaneous_reopen_change" time="0.001" /><testcase classname="tests.unit.transfer.test_recursive_atom_failure_substrate_v2" name="test_atom_study_requires_evaluator_authority_separation" time="0.001" /><testcase classname="tests.unit.transfer.test_recursive_atom_failure_substrate_v2" name="test_distinct_evaluator_and_authority_remain_valid" time="0.001" /><testcase classname="tests.unit.transfer.test_recursive_atom_trace_order" name="test_parent_decomposition_path_preserves_order" time="0.000" /><testcase classname="tests.unit.transfer.test_recursive_atom_trace_order" name="test_failure_attempt_trace_preserves_order_and_recurrence" time="0.000" /><testcase classname="tests.unit.transfer.test_recursive_atom_trace_order" name="test_concept_transformation_trace_preserves_order_and_recurrence" time="0.001" /><testcase classname="tests.unit.transfer_scientific.test_ablation" name="test_transferred_mechanic_beats_no_transfer_and_ablation_removes_gain" time="0.002" /><testcase classname="tests.unit.transfer_scientific.test_ablation" name="test_natural_language_insight_is_not_transfer_authority" time="0.001" /><testcase classname="tests.unit.transfer_scientific.test_benchmark_freeze" name="test_benchmark_design_has_independent_source_and_target_family_slots" time="0.001" /><testcase classname="tests.unit.transfer_scientific.test_benchmark_freeze" name="test_each_family_has_positive_near_miss_negative_and_partial_pairs" time="0.001" /><testcase classname="tests.unit.transfer_scientific.test_benchmark_freeze" name="test_hostile_falsifier_slots_cover_required_kinds" time="0.001" /><testcase classname="tests.unit.transfer_scientific.test_benchmark_freeze" name="test_benchmark_payload_has_no_outcome_or_score_fields" time="0.001" /><testcase classname="tests.unit.transfer_scientific.test_benchmark_freeze" name="test_source_slots_do_not_embed_target_solution_fragments" time="0.002" /><testcase classname="tests.unit.transfer_scientific.test_engineering_substrate_bound" name="test_listed_local_transfer_tests_exist_and_are_labelled_engineering_only" time="0.000" /><testcase classname="tests.unit.transfer_scientific.test_engineering_substrate_bound" name="test_engineering_bound_does_not_claim_scientific_transfer" time="0.000" /><testcase classname="tests.unit.transfer_scientific.test_literature_matrix" name="test_literature_matrix_uses_only_allowed_dispositions" time="0.000" /><testcase classname="tests.unit.transfer_scientific.test_literature_matrix" name="test_required_search_terms_are_covered_and_stop_rule_recorded" time="0.000" /><testcase classname="tests.unit.transfer_scientific.test_literature_matrix" name="test_markdown_matrix_exists_and_matches_json_row_count" time="0.000" /><testcase classname="tests.unit.transfer_scientific.test_selector_hostile" name="test_assumption_mismatch_is_refused_even_when_surface_similarity_is_high" time="0.001" /><testcase classname="tests.unit.transfer_scientific.test_selector_hostile" name="test_surface_similarity_selector_is_baseline_not_authority" time="0.001" /><testcase classname="tests.unit.transfer_scientific.test_selector_hostile" name="test_negative_transfer_hostiles_are_refused_and_retained" time="0.005" /><testcase classname="tests.unit.transfer_scientific.test_selector_hostile" name="test_matching_contract_can_admit_in_toy_fixture_only" time="0.001" /><testcase classname="tests.unit.transfer_scientific.test_selector_hostile" name="test_receipt_is_content_addressed" time="0.001" /><testcase classname="tests.unit.transfer_scientific.test_selector_hostile" name="test_different_terms_same_mechanic_is_not_blocked_by_surface_mismatch" time="0.003" /><testcase classname="tests.unit.transfer_scientific.test_transfer_object_schema" name="test_schema_file_declares_frozen_required_fields" time="0.000" /><testcase classname="tests.unit.transfer_scientific.test_transfer_object_schema" name="test_schema_digest_is_content_addressed_and_stable" time="0.001" /><testcase classname="tests.unit.transfer_scientific.test_transfer_object_schema" name="test_valid_object_roundtrips_and_binds_content_hash" time="0.001" /><testcase classname="tests.unit.transfer_scientific.test_transfer_object_schema" name="test_hidden_target_labels_are_rejected" time="0.000" /><testcase classname="tests.unit.transfer_scientific.test_transfer_object_schema" name="test_content_hash_mismatch_is_rejected" time="0.001" /><testcase classname="tests.unit.transfer_scientific.test_transfer_object_schema" name="test_empty_assumptions_or_authority_boundaries_are_rejected" time="0.001" /><testcase classname="tests.unit.transfer_scientific.test_transfer_object_schema" name="test_forbidden_outcome_field_names_are_explicit" time="0.000" /><testcase classname="tests.unit.verification.test_audit_records" name="test_audit_emits_receipts_for_flagship_surfaces" time="1.435" /><testcase classname="tests.unit.verification.test_fail_closed_missing_artifact" name="test_missing_required_artifact_cannot_be_verified" time="0.000" /><testcase classname="tests.unit.verification.test_fail_closed_missing_artifact" name="test_missing_artifact_plus_failed_layer_invalidates" time="0.000" /><testcase classname="tests.unit.verification.test_fail_closed_missing_artifact" name="test_schema_rejects_verified_with_missing_required_row" time="0.000" /><testcase classname="tests.unit.verification.test_hostile_discrepancy_checker" name="test_metric_definition_drift_kept_as_medium_bounded" time="0.000" /><testcase classname="tests.unit.verification.test_hostile_discrepancy_checker" name="test_metric_drift_cannot_silently_become_verified" time="0.000" /><testcase classname="tests.unit.verification.test_hostile_discrepancy_checker" name="test_wrong_metric_definition_detected_by_state_decider" time="0.000" /><testcase classname="tests.unit.verification.test_hostile_discrepancy_checker" name="test_stale_aggregate_sha256_detected" time="0.000" /><testcase classname="tests.unit.verification.test_hostile_discrepancy_checker" name="test_missing_required_aggregate_cannot_be_verified" time="0.000" /><testcase classname="tests.unit.verification.test_hostile_discrepancy_checker" name="test_stale_aggregate_detected_by_state_decider" time="0.000" /><testcase classname="tests.unit.verification.test_hostile_discrepancy_checker" name="test_wrong_commit_identity_rejected" time="0.000" /><testcase classname="tests.unit.verification.test_hostile_discrepancy_checker" name="test_wrong_tree_identity_rejected" time="0.000" /><testcase classname="tests.unit.verification.test_hostile_discrepancy_checker" name="test_evaluated_system_mutation_forbidden" time="0.000" /><testcase classname="tests.unit.verification.test_hostile_discrepancy_checker" name="test_denominator_drift_from_24_to_25_rejected" time="0.000" /><testcase classname="tests.unit.verification.test_hostile_discrepancy_checker" name="test_denominator_schema_requires_all_fields" time="0.000" /><testcase classname="tests.unit.verification.test_hostile_discrepancy_checker" name="test_denominator_drift_schema_blocks_verified" time="0.000" /><testcase classname="tests.unit.verification.test_hostile_discrepancy_checker" name="test_scorer_hash_must_be_hex" time="0.000" /><testcase classname="tests.unit.verification.test_hostile_discrepancy_checker" name="test_scorer_agreement_invalid_value_rejected" time="0.000" /><testcase classname="tests.unit.verification.test_hostile_discrepancy_checker" name="test_verified_requires_from_written_spec" time="0.000" /><testcase classname="tests.unit.verification.test_hostile_discrepancy_checker" name="test_changed_gold_presented_as_original_rejected" time="0.000" /><testcase classname="tests.unit.verification.test_hostile_discrepancy_checker" name="test_missing_gold_is_a_required_artifact" time="0.000" /><testcase classname="tests.unit.verification.test_hostile_discrepancy_checker" name="test_changed_gold_detected_by_state_decider" time="0.000" /><testcase classname="tests.unit.verification.test_hostile_discrepancy_checker" name="test_deleting_known_discrepancy_breaks_consistency" time="0.000" /><testcase classname="tests.unit.verification.test_hostile_discrepancy_checker" name="test_self_authorizing_always_rejected" time="0.000" /><testcase classname="tests.unit.verification.test_hostile_discrepancy_checker" name="test_invalidated_requires_reason" time="0.000" /><testcase classname="tests.unit.verification.test_hostile_discrepancy_checker" name="test_invalidation_reason_forbidden_outside_invalidated" time="0.000" /><testcase classname="tests.unit.verification.test_hostile_discrepancy_checker" name="test_write_record_computes_digest_and_validates" time="0.000" /><testcase classname="tests.unit.verification.test_hostile_discrepancy_checker" name="test_write_record_rejects_invalid" time="0.000" /><testcase classname="tests.unit.verification.test_independent_scorers" name="test_p4_count_scorer_h1_h2" time="1.028" /><testcase classname="tests.unit.verification.test_independent_scorers" name="test_p4_planted_denominator_mutation_fails_h1" time="1.642" /><testcase classname="tests.unit.verification.test_independent_scorers" name="test_p3_independent_mapping_on_confirmatory_gold" time="0.253" /><testcase classname="tests.unit.verification.test_independent_scorers" name="test_p5_independent_rescore_21_of_24" time="0.001" /><testcase classname="tests.unit.verification.test_independent_scorers" name="test_p2_aggregate_arithmetic_and_record_count" time="0.000" /><testcase classname="tests.unit.verification.test_independent_scorers" name="test_p1_h1_remains_not_supported" time="0.047" /><testcase classname="tests.unit.verification.test_mechanical_arm_record_supersession" name="test_v2_validates_and_its_digest_matches" time="0.001" /><testcase classname="tests.unit.verification.test_mechanical_arm_record_supersession" name="test_v2_does_not_promote_the_verification_state" time="0.000" /><testcase classname="tests.unit.verification.test_mechanical_arm_record_supersession" name="test_index_does_not_promote_either" time="0.000" /><testcase classname="tests.unit.verification.test_mechanical_arm_record_supersession" name="test_only_the_factually_false_layer_moved" time="0.000" /><testcase classname="tests.unit.verification.test_mechanical_arm_record_supersession" name="test_independent_scorer_stays_blocked_on_the_oracle_rule" time="0.000" /><testcase classname="tests.unit.verification.test_mechanical_arm_record_supersession" name="test_v2_binds_the_case_table_by_content" time="0.000" /><testcase classname="tests.unit.verification.test_p5_metric_supersession" name="test_corrected_current_metrics_match_independent_scorer" time="0.001" /><testcase classname="tests.unit.verification.test_p5_metric_supersession" name="test_historical_metric_disagreement_remains_visible_after_supersession" time="0.001" /><testcase classname="tests.unit.verification.test_planted_leakage" name="test_planted_gold_label_in_visible_text_fires" time="0.000" /><testcase classname="tests.unit.verification.test_planted_leakage" name="test_partial_token_is_not_an_exact_label_hit" time="0.000" /><testcase classname="tests.unit.verification.test_scientific_result_verification_schema" name="test_valid_verified_roundtrip" time="0.002" /><testcase classname="tests.unit.verification.test_scientific_result_verification_schema" name="test_self_authorizing_true_rejected" time="0.000" /><testcase classname="tests.unit.verification.test_scientific_result_verification_schema" name="test_verified_forbidden_when_required_artifact_missing" time="0.000" /><testcase classname="tests.unit.verification.test_scientific_result_verification_schema" name="test_verified_forbidden_when_holdout_cannot_check" time="0.000" /><testcase classname="tests.unit.verification.test_scientific_result_verification_schema" name="test_invalidated_requires_reason" time="0.000" /><testcase classname="tests.unit.verification.test_scientific_result_verification_schema" name="test_write_record_rejects_invalid" time="0.002" /></testsuite></testsuites>